[2025-02-28 14:48:58,053 ] 97 werkzeug - WARNING -  * Debugger is active!
[2025-02-28 14:48:58,062 ] 97 werkzeug - INFO -  * Debugger PIN: 112-501-317
[2025-02-28 14:49:01,570 ] 97 werkzeug - INFO - 127.0.0.1 - - [28/Feb/2025 14:49:01] "GET / HTTP/1.1" 200 -
[2025-02-28 14:49:01,573 ] 97 werkzeug - INFO - 127.0.0.1 - - [28/Feb/2025 14:49:01] "GET / HTTP/1.1" 200 -
[2025-02-28 14:49:01,663 ] 97 werkzeug - INFO - 127.0.0.1 - - [28/Feb/2025 14:49:01] "[36mGET /static/images/pexels-jplenio-1103970.jpg HTTP/1.1[0m" 304 -
[2025-02-28 14:49:13,199 ] 97 werkzeug - INFO - 127.0.0.1 - - [28/Feb/2025 14:49:13] "[31m[1mPOST /authenticate HTTP/1.1[0m" 401 -
[2025-02-28 14:49:30,297 ] 97 werkzeug - INFO - 127.0.0.1 - - [28/Feb/2025 14:49:30] "[32mPOST /authenticate HTTP/1.1[0m" 302 -
[2025-02-28 14:49:30,316 ] 97 werkzeug - INFO - 127.0.0.1 - - [28/Feb/2025 14:49:30] "GET /upload HTTP/1.1" 200 -
[2025-02-28 14:49:30,362 ] 97 werkzeug - INFO - 127.0.0.1 - - [28/Feb/2025 14:49:30] "[36mGET /static/images/pexels-jplenio-1103970.jpg HTTP/1.1[0m" 304 -
[2025-02-28 14:49:44,193 ] 283 root - INFO - Subject options: ['JAVA PROGRAMMING', 'PYTHON PROGRAMMING', 'DATABASE MANAGEMENT SYSTEM', 'FOUNDATIONS OF MATHEMATICS', 'LINUX FUNDAMENTAL WITH NETWORKING', 'JAVA PROGRAMMING LAB', 'PYTHON PROGRAMMING LAB', 'DATABASE MANAGEMENT SYSTEM LAB', 'LINUX FUNDAMENTAL WITH NETWORKING LAB']
[2025-02-28 14:49:44,194 ] 290 root - INFO - weighted_subjects: ['JAVA PROGRAMMING', 'JAVA PROGRAMMING', 'JAVA PROGRAMMING', 'JAVA PROGRAMMING', 'JAVA PROGRAMMING', 'PYTHON PROGRAMMING', 'PYTHON PROGRAMMING', 'PYTHON PROGRAMMING', 'PYTHON PROGRAMMING', 'PYTHON PROGRAMMING', 'PYTHON PROGRAMMING', 'DATABASE MANAGEMENT SYSTEM', 'DATABASE MANAGEMENT SYSTEM', 'DATABASE MANAGEMENT SYSTEM', 'DATABASE MANAGEMENT SYSTEM', 'FOUNDATIONS OF MATHEMATICS', 'FOUNDATIONS OF MATHEMATICS', 'FOUNDATIONS OF MATHEMATICS', 'FOUNDATIONS OF MATHEMATICS', 'LINUX FUNDAMENTAL WITH NETWORKING', 'LINUX FUNDAMENTAL WITH NETWORKING', 'LINUX FUNDAMENTAL WITH NETWORKING', 'LINUX FUNDAMENTAL WITH NETWORKING', 'LINUX FUNDAMENTAL WITH NETWORKING', 'JAVA PROGRAMMING LAB', 'JAVA PROGRAMMING LAB', 'PYTHON PROGRAMMING LAB', 'PYTHON PROGRAMMING LAB', 'DATABASE MANAGEMENT SYSTEM LAB', 'LINUX FUNDAMENTAL WITH NETWORKING LAB']
[2025-02-28 14:49:44,194 ] 293 root - INFO - weighted_subjects: ['FOUNDATIONS OF MATHEMATICS', 'LINUX FUNDAMENTAL WITH NETWORKING', 'PYTHON PROGRAMMING', 'PYTHON PROGRAMMING', 'JAVA PROGRAMMING LAB', 'PYTHON PROGRAMMING', 'FOUNDATIONS OF MATHEMATICS', 'JAVA PROGRAMMING', 'PYTHON PROGRAMMING', 'DATABASE MANAGEMENT SYSTEM LAB', 'PYTHON PROGRAMMING LAB', 'DATABASE MANAGEMENT SYSTEM', 'PYTHON PROGRAMMING', 'DATABASE MANAGEMENT SYSTEM', 'DATABASE MANAGEMENT SYSTEM', 'LINUX FUNDAMENTAL WITH NETWORKING', 'JAVA PROGRAMMING', 'PYTHON PROGRAMMING', 'JAVA PROGRAMMING LAB', 'LINUX FUNDAMENTAL WITH NETWORKING', 'DATABASE MANAGEMENT SYSTEM', 'LINUX FUNDAMENTAL WITH NETWORKING', 'PYTHON PROGRAMMING LAB', 'FOUNDATIONS OF MATHEMATICS', 'JAVA PROGRAMMING', 'JAVA PROGRAMMING', 'LINUX FUNDAMENTAL WITH NETWORKING', 'JAVA PROGRAMMING', 'LINUX FUNDAMENTAL WITH NETWORKING LAB', 'FOUNDATIONS OF MATHEMATICS']
[2025-02-28 14:49:44,194 ] 298 root - INFO - Creating timetable for MCA-1 on Monday
[2025-02-28 14:49:44,195 ] 307 root - INFO - st: 09:00:00, et: 16:00:00, rs: 12:00:00, re: 13:00:00, tl: 60, pl: 120
[2025-02-28 14:49:44,195 ] 470 root - INFO - time is over
[2025-02-28 14:49:44,195 ] 298 root - INFO - Creating timetable for MCA-1 on Tuesday
[2025-02-28 14:49:44,195 ] 307 root - INFO - st: 09:00:00, et: 16:00:00, rs: 12:00:00, re: 13:00:00, tl: 60, pl: 120
[2025-02-28 14:49:44,196 ] 470 root - INFO - time is over
[2025-02-28 14:49:44,196 ] 298 root - INFO - Creating timetable for MCA-1 on Wednesday
[2025-02-28 14:49:44,196 ] 307 root - INFO - st: 09:00:00, et: 16:00:00, rs: 12:00:00, re: 13:00:00, tl: 60, pl: 120
[2025-02-28 14:49:44,196 ] 470 root - INFO - time is over
[2025-02-28 14:49:44,197 ] 387 root - INFO - FOUNDATIONS OF MATHEMATICS has already been scheduled for 2 consecutive sessions. Picking a different subject.
[2025-02-28 14:49:44,197 ] 298 root - INFO - Creating timetable for MCA-1 on Thursday
[2025-02-28 14:49:44,197 ] 307 root - INFO - st: 09:00:00, et: 16:00:00, rs: 12:00:00, re: 13:00:00, tl: 60, pl: 120
[2025-02-28 14:49:44,198 ] 470 root - INFO - time is over
[2025-02-28 14:49:44,198 ] 298 root - INFO - Creating timetable for MCA-1 on Friday
[2025-02-28 14:49:44,198 ] 307 root - INFO - st: 09:00:00, et: 16:00:00, rs: 12:00:00, re: 13:00:00, tl: 60, pl: 120
[2025-02-28 14:49:44,199 ] 470 root - INFO - time is over
[2025-02-28 14:49:44,199 ] 298 root - INFO - Creating timetable for MCA-1 on Saturday
[2025-02-28 14:49:44,200 ] 307 root - INFO - st: 09:00:00, et: 16:00:00, rs: 12:00:00, re: 13:00:00, tl: 60, pl: 120
[2025-02-28 14:49:44,200 ] 470 root - INFO - time is over
[2025-02-28 14:49:44,200 ] 487 root - INFO - teacher workload: {'R.S. Prajapati': {'calculated_workload': 15, 'original_workload': 16, 'designation': 'Assistant Professor'}, 'V.P. Paul': {'calculated_workload': 7, 'original_workload': 19, 'designation': 'Assistant Professor'}, 'S.K. Mishra': {'calculated_workload': 3, 'original_workload': 9, 'designation': 'Professor'}, 'D.G. Patel': {'calculated_workload': 4, 'original_workload': 15, 'designation': 'Associate Professor'}, 'S.I. Shah': {'calculated_workload': 7, 'original_workload': 14, 'designation': 'Assistant Professor'}, 'H.K. Patel': {'calculated_workload': 0, 'original_workload': 9, 'designation': 'Professor'}, 'P.J. Jha': {'calculated_workload': 0, 'original_workload': 10, 'designation': 'Associate Professor'}, 'G.S. Desai': {'calculated_workload': 0, 'original_workload': 10, 'designation': 'Associate Professor'}, 'A.R. Rao': {'calculated_workload': 0, 'original_workload': 9, 'designation': 'Professor'}, 'P.K. Solanki': {'calculated_workload': 0, 'original_workload': 8, 'designation': 'Professor'}, 'J.P. Patel': {'calculated_workload': 0, 'original_workload': 13, 'designation': 'Associate Professor'}, 'H.K. Shrivastav': {'calculated_workload': 0, 'original_workload': 13, 'designation': 'Associate Professor'}}
[2025-02-28 14:49:44,201 ] 283 root - INFO - Subject options: ['ADVANCED DATABASE MANAGEMENT SYSTEM', 'WEB TECHNOLOGIES DEVELOPMENT USING PHP', 'DEVOPS', 'TESTING AND AUTOMATION REST API', 'FUNDAMENTAL OF INFORMATION SYSTEMS AUDIT', 'ADVANCED DATABASE MANAGEMENT SYSTEM LAB', 'WEB TECHNOLOGIES DEVELOPMENT USING PHP LAB', 'DEVOPS LAB', 'TESTING AND AUTOMATION REST API LAB', 'FUNDAMENTAL OF INFORMATION SYSTEMS AUDIT LAB']
[2025-02-28 14:49:44,201 ] 290 root - INFO - weighted_subjects: ['ADVANCED DATABASE MANAGEMENT SYSTEM', 'ADVANCED DATABASE MANAGEMENT SYSTEM', 'ADVANCED DATABASE MANAGEMENT SYSTEM', 'ADVANCED DATABASE MANAGEMENT SYSTEM', 'ADVANCED DATABASE MANAGEMENT SYSTEM', 'WEB TECHNOLOGIES DEVELOPMENT USING PHP', 'WEB TECHNOLOGIES DEVELOPMENT USING PHP', 'WEB TECHNOLOGIES DEVELOPMENT USING PHP', 'WEB TECHNOLOGIES DEVELOPMENT USING PHP', 'WEB TECHNOLOGIES DEVELOPMENT USING PHP', 'DEVOPS', 'DEVOPS', 'DEVOPS', 'DEVOPS', 'DEVOPS', 'TESTING AND AUTOMATION REST API', 'TESTING AND AUTOMATION REST API', 'TESTING AND AUTOMATION REST API', 'TESTING AND AUTOMATION REST API', 'FUNDAMENTAL OF INFORMATION SYSTEMS AUDIT', 'FUNDAMENTAL OF INFORMATION SYSTEMS AUDIT', 'FUNDAMENTAL OF INFORMATION SYSTEMS AUDIT', 'FUNDAMENTAL OF INFORMATION SYSTEMS AUDIT', 'FUNDAMENTAL OF INFORMATION SYSTEMS AUDIT', 'ADVANCED DATABASE MANAGEMENT SYSTEM LAB', 'ADVANCED DATABASE MANAGEMENT SYSTEM LAB', 'WEB TECHNOLOGIES DEVELOPMENT USING PHP LAB', 'DEVOPS LAB', 'TESTING AND AUTOMATION REST API LAB', 'FUNDAMENTAL OF INFORMATION SYSTEMS AUDIT LAB']
[2025-02-28 14:49:44,201 ] 293 root - INFO - weighted_subjects: ['DEVOPS', 'FUNDAMENTAL OF INFORMATION SYSTEMS AUDIT LAB', 'TESTING AND AUTOMATION REST API', 'DEVOPS LAB', 'DEVOPS', 'FUNDAMENTAL OF INFORMATION SYSTEMS AUDIT', 'TESTING AND AUTOMATION REST API LAB', 'ADVANCED DATABASE MANAGEMENT SYSTEM', 'ADVANCED DATABASE MANAGEMENT SYSTEM LAB', 'WEB TECHNOLOGIES DEVELOPMENT USING PHP', 'TESTING AND AUTOMATION REST API', 'FUNDAMENTAL OF INFORMATION SYSTEMS AUDIT', 'ADVANCED DATABASE MANAGEMENT SYSTEM', 'WEB TECHNOLOGIES DEVELOPMENT USING PHP LAB', 'DEVOPS', 'WEB TECHNOLOGIES DEVELOPMENT USING PHP', 'TESTING AND AUTOMATION REST API', 'TESTING AND AUTOMATION REST API', 'WEB TECHNOLOGIES DEVELOPMENT USING PHP', 'WEB TECHNOLOGIES DEVELOPMENT USING PHP', 'DEVOPS', 'ADVANCED DATABASE MANAGEMENT SYSTEM', 'DEVOPS', 'ADVANCED DATABASE MANAGEMENT SYSTEM LAB', 'FUNDAMENTAL OF INFORMATION SYSTEMS AUDIT', 'WEB TECHNOLOGIES DEVELOPMENT USING PHP', 'ADVANCED DATABASE MANAGEMENT SYSTEM', 'FUNDAMENTAL OF INFORMATION SYSTEMS AUDIT', 'ADVANCED DATABASE MANAGEMENT SYSTEM', 'FUNDAMENTAL OF INFORMATION SYSTEMS AUDIT']
[2025-02-28 14:49:44,202 ] 298 root - INFO - Creating timetable for MCA-2 on Monday
[2025-02-28 14:49:44,202 ] 307 root - INFO - st: 09:00:00, et: 16:00:00, rs: 12:00:00, re: 13:00:00, tl: 60, pl: 120
[2025-02-28 14:49:44,203 ] 470 root - INFO - time is over
[2025-02-28 14:49:44,203 ] 423 root - INFO - V.P. Paul is already booked for 15:00:00 on Monday. Finding a new teacher.
[2025-02-28 14:49:44,203 ] 298 root - INFO - Creating timetable for MCA-2 on Tuesday
[2025-02-28 14:49:44,203 ] 307 root - INFO - st: 09:00:00, et: 16:00:00, rs: 12:00:00, re: 13:00:00, tl: 60, pl: 120
[2025-02-28 14:49:44,204 ] 470 root - INFO - time is over
[2025-02-28 14:49:44,204 ] 298 root - INFO - Creating timetable for MCA-2 on Wednesday
[2025-02-28 14:49:44,204 ] 307 root - INFO - st: 09:00:00, et: 16:00:00, rs: 12:00:00, re: 13:00:00, tl: 60, pl: 120
[2025-02-28 14:49:44,204 ] 470 root - INFO - time is over
[2025-02-28 14:49:44,205 ] 298 root - INFO - Creating timetable for MCA-2 on Thursday
[2025-02-28 14:49:44,205 ] 307 root - INFO - st: 09:00:00, et: 16:00:00, rs: 12:00:00, re: 13:00:00, tl: 60, pl: 120
[2025-02-28 14:49:44,205 ] 423 root - INFO - D.G. Patel is already booked for 10:00:00 on Thursday. Finding a new teacher.
[2025-02-28 14:49:44,206 ] 470 root - INFO - time is over
[2025-02-28 14:49:44,206 ] 423 root - INFO - S.I. Shah is already booked for 14:00:00 on Thursday. Finding a new teacher.
[2025-02-28 14:49:44,207 ] 298 root - INFO - Creating timetable for MCA-2 on Friday
[2025-02-28 14:49:44,207 ] 307 root - INFO - st: 09:00:00, et: 16:00:00, rs: 12:00:00, re: 13:00:00, tl: 60, pl: 120
[2025-02-28 14:49:44,208 ] 470 root - INFO - time is over
[2025-02-28 14:49:44,208 ] 298 root - INFO - Creating timetable for MCA-2 on Saturday
[2025-02-28 14:49:44,208 ] 307 root - INFO - st: 09:00:00, et: 16:00:00, rs: 12:00:00, re: 13:00:00, tl: 60, pl: 120
[2025-02-28 14:49:44,208 ] 470 root - INFO - time is over
[2025-02-28 14:49:44,208 ] 423 root - INFO - R.S. Prajapati is already booked for 13:00:00 on Saturday. Finding a new teacher.
[2025-02-28 14:49:44,209 ] 487 root - INFO - teacher workload: {'R.S. Prajapati': {'calculated_workload': 20, 'original_workload': 16, 'designation': 'Assistant Professor'}, 'V.P. Paul': {'calculated_workload': 11, 'original_workload': 19, 'designation': 'Assistant Professor'}, 'S.K. Mishra': {'calculated_workload': 13, 'original_workload': 9, 'designation': 'Professor'}, 'D.G. Patel': {'calculated_workload': 13, 'original_workload': 15, 'designation': 'Associate Professor'}, 'S.I. Shah': {'calculated_workload': 15, 'original_workload': 14, 'designation': 'Assistant Professor'}, 'H.K. Patel': {'calculated_workload': 0, 'original_workload': 9, 'designation': 'Professor'}, 'P.J. Jha': {'calculated_workload': 0, 'original_workload': 10, 'designation': 'Associate Professor'}, 'G.S. Desai': {'calculated_workload': 0, 'original_workload': 10, 'designation': 'Associate Professor'}, 'A.R. Rao': {'calculated_workload': 0, 'original_workload': 9, 'designation': 'Professor'}, 'P.K. Solanki': {'calculated_workload': 0, 'original_workload': 8, 'designation': 'Professor'}, 'J.P. Patel': {'calculated_workload': 0, 'original_workload': 13, 'designation': 'Associate Professor'}, 'H.K. Shrivastav': {'calculated_workload': 0, 'original_workload': 13, 'designation': 'Associate Professor'}}
[2025-02-28 14:49:44,209 ] 283 root - INFO - Subject options: ['PRINCIPLES OF MANAGEMENT', 'QUANTITATIVE TECHNIQUES IN MANAGEMENT', 'MANAGERIAL ECONOMICS', 'MANAGERIAL ACCOUNTING', 'ORGANISATIONAL BEHAVIOUR', 'MANAGERIAL COMMUNICATION', 'RESEARCH DESIGN FOR MANAGEMENT', 'COMMUNICATIVE ENGLISH LABORATORY', 'RESEARCH DESIGN LABORATORY']
[2025-02-28 14:49:44,209 ] 290 root - INFO - weighted_subjects: ['PRINCIPLES OF MANAGEMENT', 'PRINCIPLES OF MANAGEMENT', 'PRINCIPLES OF MANAGEMENT', 'PRINCIPLES OF MANAGEMENT', 'QUANTITATIVE TECHNIQUES IN MANAGEMENT', 'QUANTITATIVE TECHNIQUES IN MANAGEMENT', 'QUANTITATIVE TECHNIQUES IN MANAGEMENT', 'QUANTITATIVE TECHNIQUES IN MANAGEMENT', 'QUANTITATIVE TECHNIQUES IN MANAGEMENT', 'MANAGERIAL ECONOMICS', 'MANAGERIAL ECONOMICS', 'MANAGERIAL ECONOMICS', 'MANAGERIAL ECONOMICS', 'MANAGERIAL ACCOUNTING', 'MANAGERIAL ACCOUNTING', 'MANAGERIAL ACCOUNTING', 'ORGANISATIONAL BEHAVIOUR', 'ORGANISATIONAL BEHAVIOUR', 'MANAGERIAL COMMUNICATION', 'MANAGERIAL COMMUNICATION', 'MANAGERIAL COMMUNICATION', 'MANAGERIAL COMMUNICATION', 'MANAGERIAL COMMUNICATION', 'RESEARCH DESIGN FOR MANAGEMENT', 'RESEARCH DESIGN FOR MANAGEMENT', 'RESEARCH DESIGN FOR MANAGEMENT', 'RESEARCH DESIGN FOR MANAGEMENT', 'RESEARCH DESIGN FOR MANAGEMENT', 'COMMUNICATIVE ENGLISH LABORATORY', 'COMMUNICATIVE ENGLISH LABORATORY', 'RESEARCH DESIGN LABORATORY', 'RESEARCH DESIGN LABORATORY']
[2025-02-28 14:49:44,209 ] 293 root - INFO - weighted_subjects: ['QUANTITATIVE TECHNIQUES IN MANAGEMENT', 'COMMUNICATIVE ENGLISH LABORATORY', 'QUANTITATIVE TECHNIQUES IN MANAGEMENT', 'QUANTITATIVE TECHNIQUES IN MANAGEMENT', 'MANAGERIAL COMMUNICATION', 'MANAGERIAL ECONOMICS', 'MANAGERIAL ACCOUNTING', 'QUANTITATIVE TECHNIQUES IN MANAGEMENT', 'PRINCIPLES OF MANAGEMENT', 'RESEARCH DESIGN FOR MANAGEMENT', 'MANAGERIAL ECONOMICS', 'QUANTITATIVE TECHNIQUES IN MANAGEMENT', 'PRINCIPLES OF MANAGEMENT', 'RESEARCH DESIGN FOR MANAGEMENT', 'MANAGERIAL ACCOUNTING', 'MANAGERIAL COMMUNICATION', 'MANAGERIAL ECONOMICS', 'MANAGERIAL COMMUNICATION', 'RESEARCH DESIGN LABORATORY', 'MANAGERIAL COMMUNICATION', 'MANAGERIAL ACCOUNTING', 'RESEARCH DESIGN LABORATORY', 'ORGANISATIONAL BEHAVIOUR', 'RESEARCH DESIGN FOR MANAGEMENT', 'RESEARCH DESIGN FOR MANAGEMENT', 'ORGANISATIONAL BEHAVIOUR', 'RESEARCH DESIGN FOR MANAGEMENT', 'COMMUNICATIVE ENGLISH LABORATORY', 'MANAGERIAL ECONOMICS', 'PRINCIPLES OF MANAGEMENT', 'PRINCIPLES OF MANAGEMENT', 'MANAGERIAL COMMUNICATION']
[2025-02-28 14:49:44,209 ] 298 root - INFO - Creating timetable for MBA-1 on Monday
[2025-02-28 14:49:44,210 ] 307 root - INFO - st: 08:00:00, et: 15:00:00, rs: 11:00:00, re: 12:00:00, tl: 60, pl: 120
[2025-02-28 14:49:44,210 ] 470 root - INFO - time is over
[2025-02-28 14:49:44,210 ] 298 root - INFO - Creating timetable for MBA-1 on Tuesday
[2025-02-28 14:49:44,211 ] 307 root - INFO - st: 08:00:00, et: 15:00:00, rs: 11:00:00, re: 12:00:00, tl: 60, pl: 120
[2025-02-28 14:49:44,211 ] 470 root - INFO - time is over
[2025-02-28 14:49:44,211 ] 298 root - INFO - Creating timetable for MBA-1 on Wednesday
[2025-02-28 14:49:44,211 ] 307 root - INFO - st: 08:00:00, et: 15:00:00, rs: 11:00:00, re: 12:00:00, tl: 60, pl: 120
[2025-02-28 14:49:44,212 ] 470 root - INFO - time is over
[2025-02-28 14:49:44,212 ] 298 root - INFO - Creating timetable for MBA-1 on Thursday
[2025-02-28 14:49:44,212 ] 307 root - INFO - st: 08:00:00, et: 15:00:00, rs: 11:00:00, re: 12:00:00, tl: 60, pl: 120
[2025-02-28 14:49:44,214 ] 470 root - INFO - time is over
[2025-02-28 14:49:44,214 ] 298 root - INFO - Creating timetable for MBA-1 on Friday
[2025-02-28 14:49:44,214 ] 307 root - INFO - st: 08:00:00, et: 15:00:00, rs: 11:00:00, re: 12:00:00, tl: 60, pl: 120
[2025-02-28 14:49:44,215 ] 365 root - INFO - No practical subjects available for the first session. Falling back to theory subjects.
[2025-02-28 14:49:44,216 ] 298 root - INFO - Creating timetable for MBA-1 on Saturday
[2025-02-28 14:49:44,216 ] 307 root - INFO - st: 08:00:00, et: 15:00:00, rs: 11:00:00, re: 12:00:00, tl: 60, pl: 120
[2025-02-28 14:49:44,216 ] 365 root - INFO - No practical subjects available for the first session. Falling back to theory subjects.
[2025-02-28 14:49:44,217 ] 487 root - INFO - teacher workload: {'R.S. Prajapati': {'calculated_workload': 20, 'original_workload': 16, 'designation': 'Assistant Professor'}, 'V.P. Paul': {'calculated_workload': 11, 'original_workload': 19, 'designation': 'Assistant Professor'}, 'S.K. Mishra': {'calculated_workload': 13, 'original_workload': 9, 'designation': 'Professor'}, 'D.G. Patel': {'calculated_workload': 13, 'original_workload': 15, 'designation': 'Associate Professor'}, 'S.I. Shah': {'calculated_workload': 15, 'original_workload': 14, 'designation': 'Assistant Professor'}, 'H.K. Patel': {'calculated_workload': 2, 'original_workload': 9, 'designation': 'Professor'}, 'P.J. Jha': {'calculated_workload': 7, 'original_workload': 10, 'designation': 'Associate Professor'}, 'G.S. Desai': {'calculated_workload': 6, 'original_workload': 10, 'designation': 'Associate Professor'}, 'A.R. Rao': {'calculated_workload': 4, 'original_workload': 9, 'designation': 'Professor'}, 'P.K. Solanki': {'calculated_workload': 1, 'original_workload': 8, 'designation': 'Professor'}, 'J.P. Patel': {'calculated_workload': 8, 'original_workload': 13, 'designation': 'Associate Professor'}, 'H.K. Shrivastav': {'calculated_workload': 8, 'original_workload': 13, 'designation': 'Associate Professor'}}
[2025-02-28 14:49:44,217 ] 283 root - INFO - Subject options: ['STRATEGIC MANAGEMENT', 'FUNDAMENTALS OF ENTERPRISE RESOURCE PLANNING', 'PERSONALITY GROWTH LAB', 'INTERNATIONAL MARKETING MANAGEMENT', 'DIGITAL AND SOCIAL MEDIA MARKETING', 'CONSUMER BEHAVIOUR IN THE DIGITAL AGE', 'INTEGRATED MARKETING COMMUNICATIONS', 'SALES AND DISTRIBUTION MANAGEMENT', 'MARKETING METRICS']
[2025-02-28 14:49:44,218 ] 290 root - INFO - weighted_subjects: ['STRATEGIC MANAGEMENT', 'STRATEGIC MANAGEMENT', 'STRATEGIC MANAGEMENT', 'STRATEGIC MANAGEMENT', 'FUNDAMENTALS OF ENTERPRISE RESOURCE PLANNING', 'FUNDAMENTALS OF ENTERPRISE RESOURCE PLANNING', 'FUNDAMENTALS OF ENTERPRISE RESOURCE PLANNING', 'FUNDAMENTALS OF ENTERPRISE RESOURCE PLANNING', 'PERSONALITY GROWTH LAB', 'PERSONALITY GROWTH LAB', 'PERSONALITY GROWTH LAB', 'PERSONALITY GROWTH LAB', 'INTERNATIONAL MARKETING MANAGEMENT', 'INTERNATIONAL MARKETING MANAGEMENT', 'INTERNATIONAL MARKETING MANAGEMENT', 'INTERNATIONAL MARKETING MANAGEMENT', 'DIGITAL AND SOCIAL MEDIA MARKETING', 'DIGITAL AND SOCIAL MEDIA MARKETING', 'DIGITAL AND SOCIAL MEDIA MARKETING', 'DIGITAL AND SOCIAL MEDIA MARKETING', 'CONSUMER BEHAVIOUR IN THE DIGITAL AGE', 'CONSUMER BEHAVIOUR IN THE DIGITAL AGE', 'CONSUMER BEHAVIOUR IN THE DIGITAL AGE', 'CONSUMER BEHAVIOUR IN THE DIGITAL AGE', 'INTEGRATED MARKETING COMMUNICATIONS', 'INTEGRATED MARKETING COMMUNICATIONS', 'INTEGRATED MARKETING COMMUNICATIONS', 'INTEGRATED MARKETING COMMUNICATIONS', 'SALES AND DISTRIBUTION MANAGEMENT', 'SALES AND DISTRIBUTION MANAGEMENT', 'SALES AND DISTRIBUTION MANAGEMENT', 'SALES AND DISTRIBUTION MANAGEMENT', 'MARKETING METRICS', 'MARKETING METRICS', 'MARKETING METRICS', 'MARKETING METRICS']
[2025-02-28 14:49:44,218 ] 293 root - INFO - weighted_subjects: ['DIGITAL AND SOCIAL MEDIA MARKETING', 'DIGITAL AND SOCIAL MEDIA MARKETING', 'PERSONALITY GROWTH LAB', 'INTEGRATED MARKETING COMMUNICATIONS', 'CONSUMER BEHAVIOUR IN THE DIGITAL AGE', 'MARKETING METRICS', 'CONSUMER BEHAVIOUR IN THE DIGITAL AGE', 'SALES AND DISTRIBUTION MANAGEMENT', 'STRATEGIC MANAGEMENT', 'SALES AND DISTRIBUTION MANAGEMENT', 'FUNDAMENTALS OF ENTERPRISE RESOURCE PLANNING', 'MARKETING METRICS', 'FUNDAMENTALS OF ENTERPRISE RESOURCE PLANNING', 'SALES AND DISTRIBUTION MANAGEMENT', 'SALES AND DISTRIBUTION MANAGEMENT', 'MARKETING METRICS', 'DIGITAL AND SOCIAL MEDIA MARKETING', 'PERSONALITY GROWTH LAB', 'STRATEGIC MANAGEMENT', 'CONSUMER BEHAVIOUR IN THE DIGITAL AGE', 'PERSONALITY GROWTH LAB', 'INTEGRATED MARKETING COMMUNICATIONS', 'INTEGRATED MARKETING COMMUNICATIONS', 'DIGITAL AND SOCIAL MEDIA MARKETING', 'INTEGRATED MARKETING COMMUNICATIONS', 'INTERNATIONAL MARKETING MANAGEMENT', 'FUNDAMENTALS OF ENTERPRISE RESOURCE PLANNING', 'INTERNATIONAL MARKETING MANAGEMENT', 'STRATEGIC MANAGEMENT', 'PERSONALITY GROWTH LAB', 'STRATEGIC MANAGEMENT', 'FUNDAMENTALS OF ENTERPRISE RESOURCE PLANNING', 'INTERNATIONAL MARKETING MANAGEMENT', 'INTERNATIONAL MARKETING MANAGEMENT', 'MARKETING METRICS', 'CONSUMER BEHAVIOUR IN THE DIGITAL AGE']
[2025-02-28 14:49:44,218 ] 298 root - INFO - Creating timetable for MBA-2 on Monday
[2025-02-28 14:49:44,218 ] 307 root - INFO - st: 08:00:00, et: 15:00:00, rs: 11:00:00, re: 12:00:00, tl: 60, pl: 120
[2025-02-28 14:49:44,219 ] 354 root - INFO - No practical subjects available for the last session. Falling back to theory subjects.
[2025-02-28 14:49:44,220 ] 423 root - INFO - P.J. Jha is already booked for 14:00:00 on Monday. Finding a new teacher.
[2025-02-28 14:49:44,220 ] 298 root - INFO - Creating timetable for MBA-2 on Tuesday
[2025-02-28 14:49:44,220 ] 307 root - INFO - st: 08:00:00, et: 15:00:00, rs: 11:00:00, re: 12:00:00, tl: 60, pl: 120
[2025-02-28 14:49:44,221 ] 354 root - INFO - No practical subjects available for the last session. Falling back to theory subjects.
[2025-02-28 14:49:44,221 ] 298 root - INFO - Creating timetable for MBA-2 on Wednesday
[2025-02-28 14:49:44,222 ] 307 root - INFO - st: 08:00:00, et: 15:00:00, rs: 11:00:00, re: 12:00:00, tl: 60, pl: 120
[2025-02-28 14:49:44,223 ] 354 root - INFO - No practical subjects available for the last session. Falling back to theory subjects.
[2025-02-28 14:49:44,223 ] 423 root - INFO - J.P. Patel is already booked for 10:00:00 on Wednesday. Finding a new teacher.
[2025-02-28 14:49:44,224 ] 298 root - INFO - Creating timetable for MBA-2 on Thursday
[2025-02-28 14:49:44,224 ] 307 root - INFO - st: 08:00:00, et: 15:00:00, rs: 11:00:00, re: 12:00:00, tl: 60, pl: 120
[2025-02-28 14:49:44,224 ] 354 root - INFO - No practical subjects available for the last session. Falling back to theory subjects.
[2025-02-28 14:49:44,224 ] 423 root - INFO - P.J. Jha is already booked for 13:00:00 on Thursday. Finding a new teacher.
[2025-02-28 14:49:44,225 ] 298 root - INFO - Creating timetable for MBA-2 on Friday
[2025-02-28 14:49:44,225 ] 307 root - INFO - st: 08:00:00, et: 15:00:00, rs: 11:00:00, re: 12:00:00, tl: 60, pl: 120
[2025-02-28 14:49:44,225 ] 354 root - INFO - No practical subjects available for the last session. Falling back to theory subjects.
[2025-02-28 14:49:44,225 ] 423 root - INFO - H.K. Shrivastav is already booked for 10:00:00 on Friday. Finding a new teacher.
[2025-02-28 14:49:44,225 ] 423 root - INFO - H.K. Patel is already booked for 13:00:00 on Friday. Finding a new teacher.
[2025-02-28 14:49:44,225 ] 298 root - INFO - Creating timetable for MBA-2 on Saturday
[2025-02-28 14:49:44,226 ] 307 root - INFO - st: 08:00:00, et: 15:00:00, rs: 11:00:00, re: 12:00:00, tl: 60, pl: 120
[2025-02-28 14:49:44,226 ] 423 root - INFO - J.P. Patel is already booked for 08:00:00 on Saturday. Finding a new teacher.
[2025-02-28 14:49:44,226 ] 354 root - INFO - No practical subjects available for the last session. Falling back to theory subjects.
[2025-02-28 14:49:44,226 ] 487 root - INFO - teacher workload: {'R.S. Prajapati': {'calculated_workload': 20, 'original_workload': 16, 'designation': 'Assistant Professor'}, 'V.P. Paul': {'calculated_workload': 11, 'original_workload': 19, 'designation': 'Assistant Professor'}, 'S.K. Mishra': {'calculated_workload': 13, 'original_workload': 9, 'designation': 'Professor'}, 'D.G. Patel': {'calculated_workload': 13, 'original_workload': 15, 'designation': 'Associate Professor'}, 'S.I. Shah': {'calculated_workload': 15, 'original_workload': 14, 'designation': 'Assistant Professor'}, 'H.K. Patel': {'calculated_workload': 11, 'original_workload': 9, 'designation': 'Professor'}, 'P.J. Jha': {'calculated_workload': 13, 'original_workload': 10, 'designation': 'Associate Professor'}, 'G.S. Desai': {'calculated_workload': 7, 'original_workload': 10, 'designation': 'Associate Professor'}, 'A.R. Rao': {'calculated_workload': 8, 'original_workload': 9, 'designation': 'Professor'}, 'P.K. Solanki': {'calculated_workload': 6, 'original_workload': 8, 'designation': 'Professor'}, 'J.P. Patel': {'calculated_workload': 15, 'original_workload': 13, 'designation': 'Associate Professor'}, 'H.K. Shrivastav': {'calculated_workload': 12, 'original_workload': 13, 'designation': 'Associate Professor'}}
[2025-02-28 14:49:44,227 ] 97 werkzeug - INFO - 127.0.0.1 - - [28/Feb/2025 14:49:44] "[32mPOST /upload HTTP/1.1[0m" 302 -
[2025-02-28 14:49:44,247 ] 97 werkzeug - INFO - 127.0.0.1 - - [28/Feb/2025 14:49:44] "GET /index HTTP/1.1" 200 -
[2025-02-28 14:49:44,316 ] 97 werkzeug - INFO - 127.0.0.1 - - [28/Feb/2025 14:49:44] "[36mGET /static/images/MCA-2.jpg HTTP/1.1[0m" 304 -
[2025-02-28 14:49:44,318 ] 97 werkzeug - INFO - 127.0.0.1 - - [28/Feb/2025 14:49:44] "[36mGET /static/images/MCA-1.jpg HTTP/1.1[0m" 304 -
[2025-02-28 14:49:44,323 ] 97 werkzeug - INFO - 127.0.0.1 - - [28/Feb/2025 14:49:44] "[36mGET /static/images/MBA-1.jpg HTTP/1.1[0m" 304 -
[2025-02-28 14:49:44,327 ] 97 werkzeug - INFO - 127.0.0.1 - - [28/Feb/2025 14:49:44] "[36mGET /static/images/MBA-2.jpg HTTP/1.1[0m" 304 -
[2025-02-28 14:49:51,658 ] 97 werkzeug - INFO - 127.0.0.1 - - [28/Feb/2025 14:49:51] "POST /get_timetable HTTP/1.1" 200 -
[2025-02-28 14:50:06,651 ] 97 werkzeug - INFO - 127.0.0.1 - - [28/Feb/2025 14:50:06] "GET /index HTTP/1.1" 200 -
[2025-02-28 14:50:06,695 ] 97 werkzeug - INFO - 127.0.0.1 - - [28/Feb/2025 14:50:06] "[36mGET /static/images/MCA-1.jpg HTTP/1.1[0m" 304 -
[2025-02-28 14:50:06,706 ] 97 werkzeug - INFO - 127.0.0.1 - - [28/Feb/2025 14:50:06] "[36mGET /static/images/MBA-2.jpg HTTP/1.1[0m" 304 -
[2025-02-28 14:50:06,706 ] 97 werkzeug - INFO - 127.0.0.1 - - [28/Feb/2025 14:50:06] "[36mGET /static/images/MBA-1.jpg HTTP/1.1[0m" 304 -
[2025-02-28 14:50:06,707 ] 97 werkzeug - INFO - 127.0.0.1 - - [28/Feb/2025 14:50:06] "[36mGET /static/images/MCA-2.jpg HTTP/1.1[0m" 304 -
[2025-02-28 15:06:57,774 ] 97 werkzeug - INFO - 127.0.0.1 - - [28/Feb/2025 15:06:57] "POST /get_timetable HTTP/1.1" 200 -
[2025-02-28 15:07:18,230 ] 97 werkzeug - INFO - 127.0.0.1 - - [28/Feb/2025 15:07:18] "GET /upload HTTP/1.1" 200 -
