[2025-03-05 11:40:44,477 ] 97 werkzeug - WARNING -  * Debugger is active!
[2025-03-05 11:40:44,485 ] 97 werkzeug - INFO -  * Debugger PIN: 120-078-649
[2025-03-05 11:40:44,623 ] 97 werkzeug - INFO - 127.0.0.1 - - [05/Mar/2025 11:40:44] "GET / HTTP/1.1" 200 -
[2025-03-05 11:40:44,690 ] 97 werkzeug - INFO - 127.0.0.1 - - [05/Mar/2025 11:40:44] "[36mGET /static/images/pexels-jplenio-1103970.jpg HTTP/1.1[0m" 304 -
[2025-03-05 11:40:45,189 ] 97 werkzeug - INFO - 127.0.0.1 - - [05/Mar/2025 11:40:45] "[33mGET /favicon.ico HTTP/1.1[0m" 404 -
[2025-03-05 11:40:56,802 ] 97 werkzeug - INFO - 127.0.0.1 - - [05/Mar/2025 11:40:56] "[32mPOST /authenticate HTTP/1.1[0m" 302 -
[2025-03-05 11:40:56,817 ] 97 werkzeug - INFO - 127.0.0.1 - - [05/Mar/2025 11:40:56] "GET /upload HTTP/1.1" 200 -
[2025-03-05 11:40:56,866 ] 97 werkzeug - INFO - 127.0.0.1 - - [05/Mar/2025 11:40:56] "[36mGET /static/images/pexels-jplenio-1103970.jpg HTTP/1.1[0m" 304 -
[2025-03-05 11:41:09,464 ] 284 root - INFO - Subject options: ['JAVA PROGRAMMING', 'PYTHON PROGRAMMING', 'DATABASE MANAGEMENT SYSTEM', 'FOUNDATIONS OF MATHEMATICS', 'LINUX FUNDAMENTAL WITH NETWORKING', 'JAVA PROGRAMMING LAB', 'PYTHON PROGRAMMING LAB', 'DATABASE MANAGEMENT SYSTEM LAB', 'LINUX FUNDAMENTAL WITH NETWORKING LAB']
[2025-03-05 11:41:09,464 ] 291 root - INFO - weighted_subjects: ['JAVA PROGRAMMING', 'JAVA PROGRAMMING', 'JAVA PROGRAMMING', 'JAVA PROGRAMMING', 'JAVA PROGRAMMING', 'PYTHON PROGRAMMING', 'PYTHON PROGRAMMING', 'PYTHON PROGRAMMING', 'PYTHON PROGRAMMING', 'PYTHON PROGRAMMING', 'PYTHON PROGRAMMING', 'DATABASE MANAGEMENT SYSTEM', 'DATABASE MANAGEMENT SYSTEM', 'DATABASE MANAGEMENT SYSTEM', 'DATABASE MANAGEMENT SYSTEM', 'FOUNDATIONS OF MATHEMATICS', 'FOUNDATIONS OF MATHEMATICS', 'FOUNDATIONS OF MATHEMATICS', 'FOUNDATIONS OF MATHEMATICS', 'LINUX FUNDAMENTAL WITH NETWORKING', 'LINUX FUNDAMENTAL WITH NETWORKING', 'LINUX FUNDAMENTAL WITH NETWORKING', 'LINUX FUNDAMENTAL WITH NETWORKING', 'LINUX FUNDAMENTAL WITH NETWORKING', 'JAVA PROGRAMMING LAB', 'JAVA PROGRAMMING LAB', 'PYTHON PROGRAMMING LAB', 'PYTHON PROGRAMMING LAB', 'DATABASE MANAGEMENT SYSTEM LAB', 'LINUX FUNDAMENTAL WITH NETWORKING LAB']
[2025-03-05 11:41:09,465 ] 294 root - INFO - weighted_subjects: ['JAVA PROGRAMMING', 'FOUNDATIONS OF MATHEMATICS', 'PYTHON PROGRAMMING', 'LINUX FUNDAMENTAL WITH NETWORKING', 'FOUNDATIONS OF MATHEMATICS', 'JAVA PROGRAMMING', 'LINUX FUNDAMENTAL WITH NETWORKING LAB', 'JAVA PROGRAMMING', 'LINUX FUNDAMENTAL WITH NETWORKING', 'JAVA PROGRAMMING', 'PYTHON PROGRAMMING', 'PYTHON PROGRAMMING', 'FOUNDATIONS OF MATHEMATICS', 'JAVA PROGRAMMING LAB', 'DATABASE MANAGEMENT SYSTEM', 'PYTHON PROGRAMMING', 'PYTHON PROGRAMMING LAB', 'DATABASE MANAGEMENT SYSTEM LAB', 'LINUX FUNDAMENTAL WITH NETWORKING', 'DATABASE MANAGEMENT SYSTEM', 'FOUNDATIONS OF MATHEMATICS', 'LINUX FUNDAMENTAL WITH NETWORKING', 'PYTHON PROGRAMMING LAB', 'LINUX FUNDAMENTAL WITH NETWORKING', 'JAVA PROGRAMMING', 'PYTHON PROGRAMMING', 'DATABASE MANAGEMENT SYSTEM', 'JAVA PROGRAMMING LAB', 'DATABASE MANAGEMENT SYSTEM', 'PYTHON PROGRAMMING']
[2025-03-05 11:41:09,465 ] 299 root - INFO - Creating timetable for MCA-1 on Monday
[2025-03-05 11:41:09,465 ] 308 root - INFO - st: 09:00:00, et: 16:00:00, rs: 12:00:00, re: 13:00:00, tl: 60, pl: 120
[2025-03-05 11:41:09,465 ] 471 root - INFO - time is over
[2025-03-05 11:41:09,465 ] 299 root - INFO - Creating timetable for MCA-1 on Tuesday
[2025-03-05 11:41:09,465 ] 308 root - INFO - st: 09:00:00, et: 16:00:00, rs: 12:00:00, re: 13:00:00, tl: 60, pl: 120
[2025-03-05 11:41:09,466 ] 471 root - INFO - time is over
[2025-03-05 11:41:09,466 ] 299 root - INFO - Creating timetable for MCA-1 on Wednesday
[2025-03-05 11:41:09,466 ] 308 root - INFO - st: 09:00:00, et: 16:00:00, rs: 12:00:00, re: 13:00:00, tl: 60, pl: 120
[2025-03-05 11:41:09,466 ] 471 root - INFO - time is over
[2025-03-05 11:41:09,466 ] 299 root - INFO - Creating timetable for MCA-1 on Thursday
[2025-03-05 11:41:09,466 ] 308 root - INFO - st: 09:00:00, et: 16:00:00, rs: 12:00:00, re: 13:00:00, tl: 60, pl: 120
[2025-03-05 11:41:09,467 ] 471 root - INFO - time is over
[2025-03-05 11:41:09,467 ] 299 root - INFO - Creating timetable for MCA-1 on Friday
[2025-03-05 11:41:09,467 ] 308 root - INFO - st: 09:00:00, et: 16:00:00, rs: 12:00:00, re: 13:00:00, tl: 60, pl: 120
[2025-03-05 11:41:09,467 ] 471 root - INFO - time is over
[2025-03-05 11:41:09,467 ] 299 root - INFO - Creating timetable for MCA-1 on Saturday
[2025-03-05 11:41:09,468 ] 308 root - INFO - st: 09:00:00, et: 16:00:00, rs: 12:00:00, re: 13:00:00, tl: 60, pl: 120
[2025-03-05 11:41:09,468 ] 471 root - INFO - time is over
[2025-03-05 11:41:09,468 ] 488 root - INFO - teacher workload: {'R.S. Prajapati': {'calculated_workload': 9, 'original_workload': 16, 'designation': 'Assistant Professor'}, 'V.P. Paul': {'calculated_workload': 12, 'original_workload': 19, 'designation': 'Assistant Professor'}, 'S.K. Mishra': {'calculated_workload': 2, 'original_workload': 9, 'designation': 'Professor'}, 'D.G. Patel': {'calculated_workload': 5, 'original_workload': 15, 'designation': 'Associate Professor'}, 'S.I. Shah': {'calculated_workload': 8, 'original_workload': 14, 'designation': 'Assistant Professor'}, 'H.K. Patel': {'calculated_workload': 0, 'original_workload': 9, 'designation': 'Professor'}, 'P.J. Jha': {'calculated_workload': 0, 'original_workload': 10, 'designation': 'Associate Professor'}, 'G.S. Desai': {'calculated_workload': 0, 'original_workload': 10, 'designation': 'Associate Professor'}, 'A.R. Rao': {'calculated_workload': 0, 'original_workload': 9, 'designation': 'Professor'}, 'P.K. Solanki': {'calculated_workload': 0, 'original_workload': 8, 'designation': 'Professor'}, 'J.P. Patel': {'calculated_workload': 0, 'original_workload': 13, 'designation': 'Associate Professor'}, 'H.K. Shrivastav': {'calculated_workload': 0, 'original_workload': 13, 'designation': 'Associate Professor'}}
[2025-03-05 11:41:09,468 ] 284 root - INFO - Subject options: ['ADVANCED DATABASE MANAGEMENT SYSTEM', 'WEB TECHNOLOGIES DEVELOPMENT USING PHP', 'DEVOPS', 'TESTING AND AUTOMATION REST API', 'FUNDAMENTAL OF INFORMATION SYSTEMS AUDIT', 'ADVANCED DATABASE MANAGEMENT SYSTEM LAB', 'WEB TECHNOLOGIES DEVELOPMENT USING PHP LAB', 'DEVOPS LAB', 'TESTING AND AUTOMATION REST API LAB', 'FUNDAMENTAL OF INFORMATION SYSTEMS AUDIT LAB']
[2025-03-05 11:41:09,468 ] 291 root - INFO - weighted_subjects: ['ADVANCED DATABASE MANAGEMENT SYSTEM', 'ADVANCED DATABASE MANAGEMENT SYSTEM', 'ADVANCED DATABASE MANAGEMENT SYSTEM', 'ADVANCED DATABASE MANAGEMENT SYSTEM', 'ADVANCED DATABASE MANAGEMENT SYSTEM', 'WEB TECHNOLOGIES DEVELOPMENT USING PHP', 'WEB TECHNOLOGIES DEVELOPMENT USING PHP', 'WEB TECHNOLOGIES DEVELOPMENT USING PHP', 'WEB TECHNOLOGIES DEVELOPMENT USING PHP', 'WEB TECHNOLOGIES DEVELOPMENT USING PHP', 'DEVOPS', 'DEVOPS', 'DEVOPS', 'DEVOPS', 'DEVOPS', 'TESTING AND AUTOMATION REST API', 'TESTING AND AUTOMATION REST API', 'TESTING AND AUTOMATION REST API', 'TESTING AND AUTOMATION REST API', 'FUNDAMENTAL OF INFORMATION SYSTEMS AUDIT', 'FUNDAMENTAL OF INFORMATION SYSTEMS AUDIT', 'FUNDAMENTAL OF INFORMATION SYSTEMS AUDIT', 'FUNDAMENTAL OF INFORMATION SYSTEMS AUDIT', 'FUNDAMENTAL OF INFORMATION SYSTEMS AUDIT', 'ADVANCED DATABASE MANAGEMENT SYSTEM LAB', 'ADVANCED DATABASE MANAGEMENT SYSTEM LAB', 'WEB TECHNOLOGIES DEVELOPMENT USING PHP LAB', 'DEVOPS LAB', 'TESTING AND AUTOMATION REST API LAB', 'FUNDAMENTAL OF INFORMATION SYSTEMS AUDIT LAB']
[2025-03-05 11:41:09,468 ] 294 root - INFO - weighted_subjects: ['DEVOPS', 'TESTING AND AUTOMATION REST API', 'FUNDAMENTAL OF INFORMATION SYSTEMS AUDIT', 'TESTING AND AUTOMATION REST API', 'FUNDAMENTAL OF INFORMATION SYSTEMS AUDIT', 'ADVANCED DATABASE MANAGEMENT SYSTEM LAB', 'DEVOPS', 'DEVOPS', 'ADVANCED DATABASE MANAGEMENT SYSTEM', 'WEB TECHNOLOGIES DEVELOPMENT USING PHP', 'ADVANCED DATABASE MANAGEMENT SYSTEM', 'ADVANCED DATABASE MANAGEMENT SYSTEM', 'TESTING AND AUTOMATION REST API', 'DEVOPS', 'WEB TECHNOLOGIES DEVELOPMENT USING PHP', 'TESTING AND AUTOMATION REST API LAB', 'DEVOPS LAB', 'TESTING AND AUTOMATION REST API', 'WEB TECHNOLOGIES DEVELOPMENT USING PHP LAB', 'DEVOPS', 'WEB TECHNOLOGIES DEVELOPMENT USING PHP', 'FUNDAMENTAL OF INFORMATION SYSTEMS AUDIT', 'FUNDAMENTAL OF INFORMATION SYSTEMS AUDIT LAB', 'ADVANCED DATABASE MANAGEMENT SYSTEM LAB', 'WEB TECHNOLOGIES DEVELOPMENT USING PHP', 'WEB TECHNOLOGIES DEVELOPMENT USING PHP', 'ADVANCED DATABASE MANAGEMENT SYSTEM', 'FUNDAMENTAL OF INFORMATION SYSTEMS AUDIT', 'ADVANCED DATABASE MANAGEMENT SYSTEM', 'FUNDAMENTAL OF INFORMATION SYSTEMS AUDIT']
[2025-03-05 11:41:09,469 ] 299 root - INFO - Creating timetable for MCA-2 on Monday
[2025-03-05 11:41:09,469 ] 308 root - INFO - st: 09:00:00, et: 16:00:00, rs: 12:00:00, re: 13:00:00, tl: 60, pl: 120
[2025-03-05 11:41:09,469 ] 424 root - INFO - R.S. Prajapati is already booked for 10:00:00 on Monday. Finding a new teacher.
[2025-03-05 11:41:09,469 ] 299 root - INFO - Creating timetable for MCA-2 on Tuesday
[2025-03-05 11:41:09,469 ] 308 root - INFO - st: 09:00:00, et: 16:00:00, rs: 12:00:00, re: 13:00:00, tl: 60, pl: 120
[2025-03-05 11:41:09,470 ] 424 root - INFO - V.P. Paul is already booked for 15:00:00 on Tuesday. Finding a new teacher.
[2025-03-05 11:41:09,470 ] 299 root - INFO - Creating timetable for MCA-2 on Wednesday
[2025-03-05 11:41:09,470 ] 308 root - INFO - st: 09:00:00, et: 16:00:00, rs: 12:00:00, re: 13:00:00, tl: 60, pl: 120
[2025-03-05 11:41:09,470 ] 424 root - INFO - R.S. Prajapati is already booked for 09:00:00 on Wednesday. Finding a new teacher.
[2025-03-05 11:41:09,470 ] 299 root - INFO - Creating timetable for MCA-2 on Thursday
[2025-03-05 11:41:09,470 ] 308 root - INFO - st: 09:00:00, et: 16:00:00, rs: 12:00:00, re: 13:00:00, tl: 60, pl: 120
[2025-03-05 11:41:09,471 ] 299 root - INFO - Creating timetable for MCA-2 on Friday
[2025-03-05 11:41:09,471 ] 308 root - INFO - st: 09:00:00, et: 16:00:00, rs: 12:00:00, re: 13:00:00, tl: 60, pl: 120
[2025-03-05 11:41:09,471 ] 424 root - INFO - D.G. Patel is already booked for 09:00:00 on Friday. Finding a new teacher.
[2025-03-05 11:41:09,471 ] 424 root - INFO - V.P. Paul is already booked for 15:00:00 on Friday. Finding a new teacher.
[2025-03-05 11:41:09,471 ] 299 root - INFO - Creating timetable for MCA-2 on Saturday
[2025-03-05 11:41:09,472 ] 308 root - INFO - st: 09:00:00, et: 16:00:00, rs: 12:00:00, re: 13:00:00, tl: 60, pl: 120
[2025-03-05 11:41:09,472 ] 424 root - INFO - D.G. Patel is already booked for 10:00:00 on Saturday. Finding a new teacher.
[2025-03-05 11:41:09,472 ] 424 root - INFO - S.I. Shah is already booked for 13:00:00 on Saturday. Finding a new teacher.
[2025-03-05 11:41:09,472 ] 488 root - INFO - teacher workload: {'R.S. Prajapati': {'calculated_workload': 15, 'original_workload': 16, 'designation': 'Assistant Professor'}, 'V.P. Paul': {'calculated_workload': 18, 'original_workload': 19, 'designation': 'Assistant Professor'}, 'S.K. Mishra': {'calculated_workload': 10, 'original_workload': 9, 'designation': 'Professor'}, 'D.G. Patel': {'calculated_workload': 15, 'original_workload': 15, 'designation': 'Associate Professor'}, 'S.I. Shah': {'calculated_workload': 14, 'original_workload': 14, 'designation': 'Assistant Professor'}, 'H.K. Patel': {'calculated_workload': 0, 'original_workload': 9, 'designation': 'Professor'}, 'P.J. Jha': {'calculated_workload': 0, 'original_workload': 10, 'designation': 'Associate Professor'}, 'G.S. Desai': {'calculated_workload': 0, 'original_workload': 10, 'designation': 'Associate Professor'}, 'A.R. Rao': {'calculated_workload': 0, 'original_workload': 9, 'designation': 'Professor'}, 'P.K. Solanki': {'calculated_workload': 0, 'original_workload': 8, 'designation': 'Professor'}, 'J.P. Patel': {'calculated_workload': 0, 'original_workload': 13, 'designation': 'Associate Professor'}, 'H.K. Shrivastav': {'calculated_workload': 0, 'original_workload': 13, 'designation': 'Associate Professor'}}
[2025-03-05 11:41:09,472 ] 284 root - INFO - Subject options: ['PRINCIPLES OF MANAGEMENT', 'QUANTITATIVE TECHNIQUES IN MANAGEMENT', 'MANAGERIAL ECONOMICS', 'MANAGERIAL ACCOUNTING', 'ORGANISATIONAL BEHAVIOUR', 'MANAGERIAL COMMUNICATION', 'RESEARCH DESIGN FOR MANAGEMENT', 'COMMUNICATIVE ENGLISH LABORATORY', 'RESEARCH DESIGN LABORATORY']
[2025-03-05 11:41:09,473 ] 291 root - INFO - weighted_subjects: ['PRINCIPLES OF MANAGEMENT', 'PRINCIPLES OF MANAGEMENT', 'PRINCIPLES OF MANAGEMENT', 'PRINCIPLES OF MANAGEMENT', 'QUANTITATIVE TECHNIQUES IN MANAGEMENT', 'QUANTITATIVE TECHNIQUES IN MANAGEMENT', 'QUANTITATIVE TECHNIQUES IN MANAGEMENT', 'QUANTITATIVE TECHNIQUES IN MANAGEMENT', 'QUANTITATIVE TECHNIQUES IN MANAGEMENT', 'MANAGERIAL ECONOMICS', 'MANAGERIAL ECONOMICS', 'MANAGERIAL ECONOMICS', 'MANAGERIAL ECONOMICS', 'MANAGERIAL ACCOUNTING', 'MANAGERIAL ACCOUNTING', 'MANAGERIAL ACCOUNTING', 'ORGANISATIONAL BEHAVIOUR', 'ORGANISATIONAL BEHAVIOUR', 'MANAGERIAL COMMUNICATION', 'MANAGERIAL COMMUNICATION', 'MANAGERIAL COMMUNICATION', 'MANAGERIAL COMMUNICATION', 'MANAGERIAL COMMUNICATION', 'RESEARCH DESIGN FOR MANAGEMENT', 'RESEARCH DESIGN FOR MANAGEMENT', 'RESEARCH DESIGN FOR MANAGEMENT', 'RESEARCH DESIGN FOR MANAGEMENT', 'RESEARCH DESIGN FOR MANAGEMENT', 'COMMUNICATIVE ENGLISH LABORATORY', 'COMMUNICATIVE ENGLISH LABORATORY', 'RESEARCH DESIGN LABORATORY', 'RESEARCH DESIGN LABORATORY']
[2025-03-05 11:41:09,473 ] 294 root - INFO - weighted_subjects: ['MANAGERIAL COMMUNICATION', 'MANAGERIAL ECONOMICS', 'PRINCIPLES OF MANAGEMENT', 'COMMUNICATIVE ENGLISH LABORATORY', 'MANAGERIAL COMMUNICATION', 'RESEARCH DESIGN FOR MANAGEMENT', 'MANAGERIAL COMMUNICATION', 'QUANTITATIVE TECHNIQUES IN MANAGEMENT', 'PRINCIPLES OF MANAGEMENT', 'QUANTITATIVE TECHNIQUES IN MANAGEMENT', 'RESEARCH DESIGN FOR MANAGEMENT', 'RESEARCH DESIGN LABORATORY', 'RESEARCH DESIGN FOR MANAGEMENT', 'ORGANISATIONAL BEHAVIOUR', 'MANAGERIAL ECONOMICS', 'QUANTITATIVE TECHNIQUES IN MANAGEMENT', 'MANAGERIAL ACCOUNTING', 'RESEARCH DESIGN FOR MANAGEMENT', 'MANAGERIAL COMMUNICATION', 'COMMUNICATIVE ENGLISH LABORATORY', 'MANAGERIAL ECONOMICS', 'RESEARCH DESIGN LABORATORY', 'QUANTITATIVE TECHNIQUES IN MANAGEMENT', 'MANAGERIAL ACCOUNTING', 'QUANTITATIVE TECHNIQUES IN MANAGEMENT', 'RESEARCH DESIGN FOR MANAGEMENT', 'PRINCIPLES OF MANAGEMENT', 'MANAGERIAL ECONOMICS', 'PRINCIPLES OF MANAGEMENT', 'MANAGERIAL ACCOUNTING', 'ORGANISATIONAL BEHAVIOUR', 'MANAGERIAL COMMUNICATION']
[2025-03-05 11:41:09,473 ] 299 root - INFO - Creating timetable for MBA-1 on Monday
[2025-03-05 11:41:09,473 ] 308 root - INFO - st: 08:00:00, et: 15:00:00, rs: 11:00:00, re: 12:00:00, tl: 60, pl: 120
[2025-03-05 11:41:09,473 ] 471 root - INFO - time is over
[2025-03-05 11:41:09,474 ] 299 root - INFO - Creating timetable for MBA-1 on Tuesday
[2025-03-05 11:41:09,474 ] 308 root - INFO - st: 08:00:00, et: 15:00:00, rs: 11:00:00, re: 12:00:00, tl: 60, pl: 120
[2025-03-05 11:41:09,474 ] 471 root - INFO - time is over
[2025-03-05 11:41:09,476 ] 299 root - INFO - Creating timetable for MBA-1 on Wednesday
[2025-03-05 11:41:09,476 ] 308 root - INFO - st: 08:00:00, et: 15:00:00, rs: 11:00:00, re: 12:00:00, tl: 60, pl: 120
[2025-03-05 11:41:09,477 ] 471 root - INFO - time is over
[2025-03-05 11:41:09,478 ] 299 root - INFO - Creating timetable for MBA-1 on Thursday
[2025-03-05 11:41:09,478 ] 308 root - INFO - st: 08:00:00, et: 15:00:00, rs: 11:00:00, re: 12:00:00, tl: 60, pl: 120
[2025-03-05 11:41:09,478 ] 471 root - INFO - time is over
[2025-03-05 11:41:09,479 ] 299 root - INFO - Creating timetable for MBA-1 on Friday
[2025-03-05 11:41:09,479 ] 308 root - INFO - st: 08:00:00, et: 15:00:00, rs: 11:00:00, re: 12:00:00, tl: 60, pl: 120
[2025-03-05 11:41:09,479 ] 366 root - INFO - No practical subjects available for the first session. Falling back to theory subjects.
[2025-03-05 11:41:09,479 ] 299 root - INFO - Creating timetable for MBA-1 on Saturday
[2025-03-05 11:41:09,479 ] 308 root - INFO - st: 08:00:00, et: 15:00:00, rs: 11:00:00, re: 12:00:00, tl: 60, pl: 120
[2025-03-05 11:41:09,479 ] 366 root - INFO - No practical subjects available for the first session. Falling back to theory subjects.
[2025-03-05 11:41:09,480 ] 488 root - INFO - teacher workload: {'R.S. Prajapati': {'calculated_workload': 15, 'original_workload': 16, 'designation': 'Assistant Professor'}, 'V.P. Paul': {'calculated_workload': 18, 'original_workload': 19, 'designation': 'Assistant Professor'}, 'S.K. Mishra': {'calculated_workload': 10, 'original_workload': 9, 'designation': 'Professor'}, 'D.G. Patel': {'calculated_workload': 15, 'original_workload': 15, 'designation': 'Associate Professor'}, 'S.I. Shah': {'calculated_workload': 14, 'original_workload': 14, 'designation': 'Assistant Professor'}, 'H.K. Patel': {'calculated_workload': 3, 'original_workload': 9, 'designation': 'Professor'}, 'P.J. Jha': {'calculated_workload': 5, 'original_workload': 10, 'designation': 'Associate Professor'}, 'G.S. Desai': {'calculated_workload': 6, 'original_workload': 10, 'designation': 'Associate Professor'}, 'A.R. Rao': {'calculated_workload': 3, 'original_workload': 9, 'designation': 'Professor'}, 'P.K. Solanki': {'calculated_workload': 3, 'original_workload': 8, 'designation': 'Professor'}, 'J.P. Patel': {'calculated_workload': 8, 'original_workload': 13, 'designation': 'Associate Professor'}, 'H.K. Shrivastav': {'calculated_workload': 8, 'original_workload': 13, 'designation': 'Associate Professor'}}
[2025-03-05 11:41:09,480 ] 284 root - INFO - Subject options: ['STRATEGIC MANAGEMENT', 'FUNDAMENTALS OF ENTERPRISE RESOURCE PLANNING', 'PERSONALITY GROWTH LAB', 'INTERNATIONAL MARKETING MANAGEMENT', 'DIGITAL AND SOCIAL MEDIA MARKETING', 'CONSUMER BEHAVIOUR IN THE DIGITAL AGE', 'INTEGRATED MARKETING COMMUNICATIONS', 'SALES AND DISTRIBUTION MANAGEMENT', 'MARKETING METRICS']
[2025-03-05 11:41:09,480 ] 291 root - INFO - weighted_subjects: ['STRATEGIC MANAGEMENT', 'STRATEGIC MANAGEMENT', 'STRATEGIC MANAGEMENT', 'STRATEGIC MANAGEMENT', 'FUNDAMENTALS OF ENTERPRISE RESOURCE PLANNING', 'FUNDAMENTALS OF ENTERPRISE RESOURCE PLANNING', 'FUNDAMENTALS OF ENTERPRISE RESOURCE PLANNING', 'FUNDAMENTALS OF ENTERPRISE RESOURCE PLANNING', 'PERSONALITY GROWTH LAB', 'PERSONALITY GROWTH LAB', 'PERSONALITY GROWTH LAB', 'PERSONALITY GROWTH LAB', 'INTERNATIONAL MARKETING MANAGEMENT', 'INTERNATIONAL MARKETING MANAGEMENT', 'INTERNATIONAL MARKETING MANAGEMENT', 'INTERNATIONAL MARKETING MANAGEMENT', 'DIGITAL AND SOCIAL MEDIA MARKETING', 'DIGITAL AND SOCIAL MEDIA MARKETING', 'DIGITAL AND SOCIAL MEDIA MARKETING', 'DIGITAL AND SOCIAL MEDIA MARKETING', 'CONSUMER BEHAVIOUR IN THE DIGITAL AGE', 'CONSUMER BEHAVIOUR IN THE DIGITAL AGE', 'CONSUMER BEHAVIOUR IN THE DIGITAL AGE', 'CONSUMER BEHAVIOUR IN THE DIGITAL AGE', 'INTEGRATED MARKETING COMMUNICATIONS', 'INTEGRATED MARKETING COMMUNICATIONS', 'INTEGRATED MARKETING COMMUNICATIONS', 'INTEGRATED MARKETING COMMUNICATIONS', 'SALES AND DISTRIBUTION MANAGEMENT', 'SALES AND DISTRIBUTION MANAGEMENT', 'SALES AND DISTRIBUTION MANAGEMENT', 'SALES AND DISTRIBUTION MANAGEMENT', 'MARKETING METRICS', 'MARKETING METRICS', 'MARKETING METRICS', 'MARKETING METRICS']
[2025-03-05 11:41:09,480 ] 294 root - INFO - weighted_subjects: ['MARKETING METRICS', 'STRATEGIC MANAGEMENT', 'STRATEGIC MANAGEMENT', 'STRATEGIC MANAGEMENT', 'PERSONALITY GROWTH LAB', 'DIGITAL AND SOCIAL MEDIA MARKETING', 'FUNDAMENTALS OF ENTERPRISE RESOURCE PLANNING', 'INTEGRATED MARKETING COMMUNICATIONS', 'INTEGRATED MARKETING COMMUNICATIONS', 'SALES AND DISTRIBUTION MANAGEMENT', 'DIGITAL AND SOCIAL MEDIA MARKETING', 'PERSONALITY GROWTH LAB', 'CONSUMER BEHAVIOUR IN THE DIGITAL AGE', 'STRATEGIC MANAGEMENT', 'CONSUMER BEHAVIOUR IN THE DIGITAL AGE', 'DIGITAL AND SOCIAL MEDIA MARKETING', 'SALES AND DISTRIBUTION MANAGEMENT', 'FUNDAMENTALS OF ENTERPRISE RESOURCE PLANNING', 'INTERNATIONAL MARKETING MANAGEMENT', 'INTERNATIONAL MARKETING MANAGEMENT', 'DIGITAL AND SOCIAL MEDIA MARKETING', 'CONSUMER BEHAVIOUR IN THE DIGITAL AGE', 'MARKETING METRICS', 'FUNDAMENTALS OF ENTERPRISE RESOURCE PLANNING', 'CONSUMER BEHAVIOUR IN THE DIGITAL AGE', 'SALES AND DISTRIBUTION MANAGEMENT', 'PERSONALITY GROWTH LAB', 'FUNDAMENTALS OF ENTERPRISE RESOURCE PLANNING', 'INTEGRATED MARKETING COMMUNICATIONS', 'INTEGRATED MARKETING COMMUNICATIONS', 'PERSONALITY GROWTH LAB', 'MARKETING METRICS', 'INTERNATIONAL MARKETING MANAGEMENT', 'INTERNATIONAL MARKETING MANAGEMENT', 'SALES AND DISTRIBUTION MANAGEMENT', 'MARKETING METRICS']
[2025-03-05 11:41:09,480 ] 299 root - INFO - Creating timetable for MBA-2 on Monday
[2025-03-05 11:41:09,480 ] 308 root - INFO - st: 08:00:00, et: 15:00:00, rs: 11:00:00, re: 12:00:00, tl: 60, pl: 120
[2025-03-05 11:41:09,481 ] 355 root - INFO - No practical subjects available for the last session. Falling back to theory subjects.
[2025-03-05 11:41:09,481 ] 299 root - INFO - Creating timetable for MBA-2 on Tuesday
[2025-03-05 11:41:09,481 ] 308 root - INFO - st: 08:00:00, et: 15:00:00, rs: 11:00:00, re: 12:00:00, tl: 60, pl: 120
[2025-03-05 11:41:09,481 ] 424 root - INFO - P.K. Solanki is already booked for 08:00:00 on Tuesday. Finding a new teacher.
[2025-03-05 11:41:09,482 ] 355 root - INFO - No practical subjects available for the last session. Falling back to theory subjects.
[2025-03-05 11:41:09,482 ] 299 root - INFO - Creating timetable for MBA-2 on Wednesday
[2025-03-05 11:41:09,482 ] 308 root - INFO - st: 08:00:00, et: 15:00:00, rs: 11:00:00, re: 12:00:00, tl: 60, pl: 120
[2025-03-05 11:41:09,482 ] 355 root - INFO - No practical subjects available for the last session. Falling back to theory subjects.
[2025-03-05 11:41:09,482 ] 424 root - INFO - J.P. Patel is already booked for 12:00:00 on Wednesday. Finding a new teacher.
[2025-03-05 11:41:09,483 ] 299 root - INFO - Creating timetable for MBA-2 on Thursday
[2025-03-05 11:41:09,483 ] 308 root - INFO - st: 08:00:00, et: 15:00:00, rs: 11:00:00, re: 12:00:00, tl: 60, pl: 120
[2025-03-05 11:41:09,483 ] 355 root - INFO - No practical subjects available for the last session. Falling back to theory subjects.
[2025-03-05 11:41:09,483 ] 299 root - INFO - Creating timetable for MBA-2 on Friday
[2025-03-05 11:41:09,483 ] 308 root - INFO - st: 08:00:00, et: 15:00:00, rs: 11:00:00, re: 12:00:00, tl: 60, pl: 120
[2025-03-05 11:41:09,484 ] 355 root - INFO - No practical subjects available for the last session. Falling back to theory subjects.
[2025-03-05 11:41:09,484 ] 299 root - INFO - Creating timetable for MBA-2 on Saturday
[2025-03-05 11:41:09,484 ] 308 root - INFO - st: 08:00:00, et: 15:00:00, rs: 11:00:00, re: 12:00:00, tl: 60, pl: 120
[2025-03-05 11:41:09,484 ] 355 root - INFO - No practical subjects available for the last session. Falling back to theory subjects.
[2025-03-05 11:41:09,484 ] 424 root - INFO - J.P. Patel is already booked for 13:00:00 on Saturday. Finding a new teacher.
[2025-03-05 11:41:09,485 ] 488 root - INFO - teacher workload: {'R.S. Prajapati': {'calculated_workload': 15, 'original_workload': 16, 'designation': 'Assistant Professor'}, 'V.P. Paul': {'calculated_workload': 18, 'original_workload': 19, 'designation': 'Assistant Professor'}, 'S.K. Mishra': {'calculated_workload': 10, 'original_workload': 9, 'designation': 'Professor'}, 'D.G. Patel': {'calculated_workload': 15, 'original_workload': 15, 'designation': 'Associate Professor'}, 'S.I. Shah': {'calculated_workload': 14, 'original_workload': 14, 'designation': 'Assistant Professor'}, 'H.K. Patel': {'calculated_workload': 10, 'original_workload': 9, 'designation': 'Professor'}, 'P.J. Jha': {'calculated_workload': 13, 'original_workload': 10, 'designation': 'Associate Professor'}, 'G.S. Desai': {'calculated_workload': 10, 'original_workload': 10, 'designation': 'Associate Professor'}, 'A.R. Rao': {'calculated_workload': 7, 'original_workload': 9, 'designation': 'Professor'}, 'P.K. Solanki': {'calculated_workload': 8, 'original_workload': 8, 'designation': 'Professor'}, 'J.P. Patel': {'calculated_workload': 12, 'original_workload': 13, 'designation': 'Associate Professor'}, 'H.K. Shrivastav': {'calculated_workload': 12, 'original_workload': 13, 'designation': 'Associate Professor'}}
[2025-03-05 11:41:09,485 ] 97 werkzeug - INFO - 127.0.0.1 - - [05/Mar/2025 11:41:09] "[32mPOST /upload HTTP/1.1[0m" 302 -
[2025-03-05 11:41:09,507 ] 97 werkzeug - INFO - 127.0.0.1 - - [05/Mar/2025 11:41:09] "GET /index HTTP/1.1" 200 -
[2025-03-05 11:41:09,567 ] 97 werkzeug - INFO - 127.0.0.1 - - [05/Mar/2025 11:41:09] "[36mGET /static/images/MCA-1.jpg HTTP/1.1[0m" 304 -
[2025-03-05 11:41:09,569 ] 97 werkzeug - INFO - 127.0.0.1 - - [05/Mar/2025 11:41:09] "[36mGET /static/images/MBA-1.jpg HTTP/1.1[0m" 304 -
[2025-03-05 11:41:09,570 ] 97 werkzeug - INFO - 127.0.0.1 - - [05/Mar/2025 11:41:09] "[36mGET /static/images/MCA-2.jpg HTTP/1.1[0m" 304 -
[2025-03-05 11:41:09,572 ] 97 werkzeug - INFO - 127.0.0.1 - - [05/Mar/2025 11:41:09] "[36mGET /static/images/MBA-2.jpg HTTP/1.1[0m" 304 -
[2025-03-05 11:41:16,562 ] 97 werkzeug - INFO - 127.0.0.1 - - [05/Mar/2025 11:41:16] "POST /get_timetable HTTP/1.1" 200 -
[2025-03-05 11:41:27,613 ] 97 werkzeug - INFO - 127.0.0.1 - - [05/Mar/2025 11:41:27] "GET /teacher-workload HTTP/1.1" 200 -
[2025-03-05 11:41:32,169 ] 97 werkzeug - INFO - 127.0.0.1 - - [05/Mar/2025 11:41:32] "GET /export/MBA-2 HTTP/1.1" 200 -
