[2025-03-05 10:39:05,509 ] 97 werkzeug - WARNING -  * Debugger is active!
[2025-03-05 10:39:05,520 ] 97 werkzeug - INFO -  * Debugger PIN: 112-501-317
[2025-03-05 10:39:17,976 ] 97 werkzeug - INFO - 127.0.0.1 - - [05/Mar/2025 10:39:17] "GET / HTTP/1.1" 200 -
[2025-03-05 10:39:18,133 ] 97 werkzeug - INFO - 127.0.0.1 - - [05/Mar/2025 10:39:18] "[36mGET /static/images/pexels-jplenio-1103970.jpg HTTP/1.1[0m" 304 -
[2025-03-05 10:39:18,355 ] 97 werkzeug - INFO - 127.0.0.1 - - [05/Mar/2025 10:39:18] "[33mGET /favicon.ico HTTP/1.1[0m" 404 -
[2025-03-05 10:39:34,972 ] 97 werkzeug - INFO - 127.0.0.1 - - [05/Mar/2025 10:39:34] "[32mPOST /authenticate HTTP/1.1[0m" 302 -
[2025-03-05 10:39:35,030 ] 97 werkzeug - INFO - 127.0.0.1 - - [05/Mar/2025 10:39:35] "GET /upload HTTP/1.1" 200 -
[2025-03-05 10:39:35,071 ] 97 werkzeug - INFO - 127.0.0.1 - - [05/Mar/2025 10:39:35] "[36mGET /static/images/pexels-jplenio-1103970.jpg HTTP/1.1[0m" 304 -
[2025-03-05 10:40:02,853 ] 283 root - INFO - Subject options: ['JAVA PROGRAMMING', 'PYTHON PROGRAMMING', 'DATABASE MANAGEMENT SYSTEM', 'FOUNDATIONS OF MATHEMATICS', 'LINUX FUNDAMENTAL WITH NETWORKING', 'JAVA PROGRAMMING LAB', 'PYTHON PROGRAMMING LAB', 'DATABASE MANAGEMENT SYSTEM LAB', 'LINUX FUNDAMENTAL WITH NETWORKING LAB']
[2025-03-05 10:40:02,854 ] 290 root - INFO - weighted_subjects: ['JAVA PROGRAMMING', 'JAVA PROGRAMMING', 'JAVA PROGRAMMING', 'JAVA PROGRAMMING', 'JAVA PROGRAMMING', 'PYTHON PROGRAMMING', 'PYTHON PROGRAMMING', 'PYTHON PROGRAMMING', 'PYTHON PROGRAMMING', 'PYTHON PROGRAMMING', 'PYTHON PROGRAMMING', 'DATABASE MANAGEMENT SYSTEM', 'DATABASE MANAGEMENT SYSTEM', 'DATABASE MANAGEMENT SYSTEM', 'DATABASE MANAGEMENT SYSTEM', 'FOUNDATIONS OF MATHEMATICS', 'FOUNDATIONS OF MATHEMATICS', 'FOUNDATIONS OF MATHEMATICS', 'FOUNDATIONS OF MATHEMATICS', 'LINUX FUNDAMENTAL WITH NETWORKING', 'LINUX FUNDAMENTAL WITH NETWORKING', 'LINUX FUNDAMENTAL WITH NETWORKING', 'LINUX FUNDAMENTAL WITH NETWORKING', 'LINUX FUNDAMENTAL WITH NETWORKING', 'JAVA PROGRAMMING LAB', 'JAVA PROGRAMMING LAB', 'PYTHON PROGRAMMING LAB', 'PYTHON PROGRAMMING LAB', 'DATABASE MANAGEMENT SYSTEM LAB', 'LINUX FUNDAMENTAL WITH NETWORKING LAB']
[2025-03-05 10:40:02,854 ] 293 root - INFO - weighted_subjects: ['PYTHON PROGRAMMING', 'PYTHON PROGRAMMING', 'LINUX FUNDAMENTAL WITH NETWORKING', 'JAVA PROGRAMMING', 'JAVA PROGRAMMING LAB', 'JAVA PROGRAMMING', 'FOUNDATIONS OF MATHEMATICS', 'FOUNDATIONS OF MATHEMATICS', 'PYTHON PROGRAMMING', 'PYTHON PROGRAMMING', 'DATABASE MANAGEMENT SYSTEM LAB', 'DATABASE MANAGEMENT SYSTEM', 'DATABASE MANAGEMENT SYSTEM', 'PYTHON PROGRAMMING', 'DATABASE MANAGEMENT SYSTEM', 'PYTHON PROGRAMMING', 'JAVA PROGRAMMING LAB', 'FOUNDATIONS OF MATHEMATICS', 'PYTHON PROGRAMMING LAB', 'JAVA PROGRAMMING', 'PYTHON PROGRAMMING LAB', 'JAVA PROGRAMMING', 'LINUX FUNDAMENTAL WITH NETWORKING LAB', 'LINUX FUNDAMENTAL WITH NETWORKING', 'LINUX FUNDAMENTAL WITH NETWORKING', 'FOUNDATIONS OF MATHEMATICS', 'JAVA PROGRAMMING', 'LINUX FUNDAMENTAL WITH NETWORKING', 'DATABASE MANAGEMENT SYSTEM', 'LINUX FUNDAMENTAL WITH NETWORKING']
[2025-03-05 10:40:02,854 ] 298 root - INFO - Creating timetable for MCA-1 on Monday
[2025-03-05 10:40:02,854 ] 307 root - INFO - st: 09:00:00, et: 16:00:00, rs: 12:00:00, re: 13:00:00, tl: 60, pl: 120
[2025-03-05 10:40:02,855 ] 470 root - INFO - time is over
[2025-03-05 10:40:02,855 ] 298 root - INFO - Creating timetable for MCA-1 on Tuesday
[2025-03-05 10:40:02,856 ] 307 root - INFO - st: 09:00:00, et: 16:00:00, rs: 12:00:00, re: 13:00:00, tl: 60, pl: 120
[2025-03-05 10:40:02,856 ] 470 root - INFO - time is over
[2025-03-05 10:40:02,856 ] 298 root - INFO - Creating timetable for MCA-1 on Wednesday
[2025-03-05 10:40:02,857 ] 307 root - INFO - st: 09:00:00, et: 16:00:00, rs: 12:00:00, re: 13:00:00, tl: 60, pl: 120
[2025-03-05 10:40:02,857 ] 470 root - INFO - time is over
[2025-03-05 10:40:02,858 ] 298 root - INFO - Creating timetable for MCA-1 on Thursday
[2025-03-05 10:40:02,858 ] 307 root - INFO - st: 09:00:00, et: 16:00:00, rs: 12:00:00, re: 13:00:00, tl: 60, pl: 120
[2025-03-05 10:40:02,858 ] 470 root - INFO - time is over
[2025-03-05 10:40:02,860 ] 387 root - INFO - PYTHON PROGRAMMING has already been scheduled for 2 consecutive sessions. Picking a different subject.
[2025-03-05 10:40:02,860 ] 298 root - INFO - Creating timetable for MCA-1 on Friday
[2025-03-05 10:40:02,860 ] 307 root - INFO - st: 09:00:00, et: 16:00:00, rs: 12:00:00, re: 13:00:00, tl: 60, pl: 120
[2025-03-05 10:40:02,861 ] 470 root - INFO - time is over
[2025-03-05 10:40:02,862 ] 298 root - INFO - Creating timetable for MCA-1 on Saturday
[2025-03-05 10:40:02,862 ] 307 root - INFO - st: 09:00:00, et: 16:00:00, rs: 12:00:00, re: 13:00:00, tl: 60, pl: 120
[2025-03-05 10:40:02,863 ] 470 root - INFO - time is over
[2025-03-05 10:40:02,863 ] 487 root - INFO - teacher workload: {'R.S. Prajapati': {'calculated_workload': 9, 'original_workload': 16, 'designation': 'Assistant Professor'}, 'V.P. Paul': {'calculated_workload': 12, 'original_workload': 19, 'designation': 'Assistant Professor'}, 'S.K. Mishra': {'calculated_workload': 2, 'original_workload': 9, 'designation': 'Professor'}, 'D.G. Patel': {'calculated_workload': 5, 'original_workload': 15, 'designation': 'Associate Professor'}, 'S.I. Shah': {'calculated_workload': 8, 'original_workload': 14, 'designation': 'Assistant Professor'}, 'H.K. Patel': {'calculated_workload': 0, 'original_workload': 9, 'designation': 'Professor'}, 'P.J. Jha': {'calculated_workload': 0, 'original_workload': 10, 'designation': 'Associate Professor'}, 'G.S. Desai': {'calculated_workload': 0, 'original_workload': 10, 'designation': 'Associate Professor'}, 'A.R. Rao': {'calculated_workload': 0, 'original_workload': 9, 'designation': 'Professor'}, 'P.K. Solanki': {'calculated_workload': 0, 'original_workload': 8, 'designation': 'Professor'}, 'J.P. Patel': {'calculated_workload': 0, 'original_workload': 13, 'designation': 'Associate Professor'}, 'H.K. Shrivastav': {'calculated_workload': 0, 'original_workload': 13, 'designation': 'Associate Professor'}}
[2025-03-05 10:40:02,863 ] 283 root - INFO - Subject options: ['ADVANCED DATABASE MANAGEMENT SYSTEM', 'WEB TECHNOLOGIES DEVELOPMENT USING PHP', 'DEVOPS', 'TESTING AND AUTOMATION REST API', 'FUNDAMENTAL OF INFORMATION SYSTEMS AUDIT', 'ADVANCED DATABASE MANAGEMENT SYSTEM LAB', 'WEB TECHNOLOGIES DEVELOPMENT USING PHP LAB', 'DEVOPS LAB', 'TESTING AND AUTOMATION REST API LAB', 'FUNDAMENTAL OF INFORMATION SYSTEMS AUDIT LAB']
[2025-03-05 10:40:02,864 ] 290 root - INFO - weighted_subjects: ['ADVANCED DATABASE MANAGEMENT SYSTEM', 'ADVANCED DATABASE MANAGEMENT SYSTEM', 'ADVANCED DATABASE MANAGEMENT SYSTEM', 'ADVANCED DATABASE MANAGEMENT SYSTEM', 'ADVANCED DATABASE MANAGEMENT SYSTEM', 'WEB TECHNOLOGIES DEVELOPMENT USING PHP', 'WEB TECHNOLOGIES DEVELOPMENT USING PHP', 'WEB TECHNOLOGIES DEVELOPMENT USING PHP', 'WEB TECHNOLOGIES DEVELOPMENT USING PHP', 'WEB TECHNOLOGIES DEVELOPMENT USING PHP', 'DEVOPS', 'DEVOPS', 'DEVOPS', 'DEVOPS', 'DEVOPS', 'TESTING AND AUTOMATION REST API', 'TESTING AND AUTOMATION REST API', 'TESTING AND AUTOMATION REST API', 'TESTING AND AUTOMATION REST API', 'FUNDAMENTAL OF INFORMATION SYSTEMS AUDIT', 'FUNDAMENTAL OF INFORMATION SYSTEMS AUDIT', 'FUNDAMENTAL OF INFORMATION SYSTEMS AUDIT', 'FUNDAMENTAL OF INFORMATION SYSTEMS AUDIT', 'FUNDAMENTAL OF INFORMATION SYSTEMS AUDIT', 'ADVANCED DATABASE MANAGEMENT SYSTEM LAB', 'ADVANCED DATABASE MANAGEMENT SYSTEM LAB', 'WEB TECHNOLOGIES DEVELOPMENT USING PHP LAB', 'DEVOPS LAB', 'TESTING AND AUTOMATION REST API LAB', 'FUNDAMENTAL OF INFORMATION SYSTEMS AUDIT LAB']
[2025-03-05 10:40:02,864 ] 293 root - INFO - weighted_subjects: ['WEB TECHNOLOGIES DEVELOPMENT USING PHP', 'WEB TECHNOLOGIES DEVELOPMENT USING PHP', 'TESTING AND AUTOMATION REST API LAB', 'ADVANCED DATABASE MANAGEMENT SYSTEM', 'TESTING AND AUTOMATION REST API', 'ADVANCED DATABASE MANAGEMENT SYSTEM', 'DEVOPS', 'ADVANCED DATABASE MANAGEMENT SYSTEM LAB', 'DEVOPS', 'FUNDAMENTAL OF INFORMATION SYSTEMS AUDIT', 'WEB TECHNOLOGIES DEVELOPMENT USING PHP', 'WEB TECHNOLOGIES DEVELOPMENT USING PHP', 'DEVOPS LAB', 'FUNDAMENTAL OF INFORMATION SYSTEMS AUDIT LAB', 'TESTING AND AUTOMATION REST API', 'FUNDAMENTAL OF INFORMATION SYSTEMS AUDIT', 'ADVANCED DATABASE MANAGEMENT SYSTEM', 'ADVANCED DATABASE MANAGEMENT SYSTEM', 'DEVOPS', 'FUNDAMENTAL OF INFORMATION SYSTEMS AUDIT', 'TESTING AND AUTOMATION REST API', 'TESTING AND AUTOMATION REST API', 'FUNDAMENTAL OF INFORMATION SYSTEMS AUDIT', 'WEB TECHNOLOGIES DEVELOPMENT USING PHP', 'ADVANCED DATABASE MANAGEMENT SYSTEM LAB', 'FUNDAMENTAL OF INFORMATION SYSTEMS AUDIT', 'DEVOPS', 'ADVANCED DATABASE MANAGEMENT SYSTEM', 'DEVOPS', 'WEB TECHNOLOGIES DEVELOPMENT USING PHP LAB']
[2025-03-05 10:40:02,864 ] 298 root - INFO - Creating timetable for MCA-2 on Monday
[2025-03-05 10:40:02,864 ] 307 root - INFO - st: 09:00:00, et: 16:00:00, rs: 12:00:00, re: 13:00:00, tl: 60, pl: 120
[2025-03-05 10:40:02,865 ] 423 root - INFO - S.I. Shah is already booked for 10:00:00 on Monday. Finding a new teacher.
[2025-03-05 10:40:02,865 ] 298 root - INFO - Creating timetable for MCA-2 on Tuesday
[2025-03-05 10:40:02,866 ] 307 root - INFO - st: 09:00:00, et: 16:00:00, rs: 12:00:00, re: 13:00:00, tl: 60, pl: 120
[2025-03-05 10:40:02,866 ] 387 root - INFO - ADVANCED DATABASE MANAGEMENT SYSTEM has already been scheduled for 2 consecutive sessions. Picking a different subject.
[2025-03-05 10:40:02,866 ] 298 root - INFO - Creating timetable for MCA-2 on Wednesday
[2025-03-05 10:40:02,867 ] 307 root - INFO - st: 09:00:00, et: 16:00:00, rs: 12:00:00, re: 13:00:00, tl: 60, pl: 120
[2025-03-05 10:40:02,867 ] 298 root - INFO - Creating timetable for MCA-2 on Thursday
[2025-03-05 10:40:02,867 ] 307 root - INFO - st: 09:00:00, et: 16:00:00, rs: 12:00:00, re: 13:00:00, tl: 60, pl: 120
[2025-03-05 10:40:02,868 ] 423 root - INFO - R.S. Prajapati is already booked for 11:00:00 on Thursday. Finding a new teacher.
[2025-03-05 10:40:02,868 ] 423 root - INFO - S.I. Shah is already booked for 15:00:00 on Thursday. Finding a new teacher.
[2025-03-05 10:40:02,869 ] 298 root - INFO - Creating timetable for MCA-2 on Friday
[2025-03-05 10:40:02,869 ] 307 root - INFO - st: 09:00:00, et: 16:00:00, rs: 12:00:00, re: 13:00:00, tl: 60, pl: 120
[2025-03-05 10:40:02,869 ] 423 root - INFO - V.P. Paul is already booked for 11:00:00 on Friday. Finding a new teacher.
[2025-03-05 10:40:02,870 ] 423 root - INFO - V.P. Paul is already booked for 15:00:00 on Friday. Finding a new teacher.
[2025-03-05 10:40:02,870 ] 298 root - INFO - Creating timetable for MCA-2 on Saturday
[2025-03-05 10:40:02,870 ] 307 root - INFO - st: 09:00:00, et: 16:00:00, rs: 12:00:00, re: 13:00:00, tl: 60, pl: 120
[2025-03-05 10:40:02,871 ] 423 root - INFO - V.P. Paul is already booked for 13:00:00 on Saturday. Finding a new teacher.
[2025-03-05 10:40:02,871 ] 487 root - INFO - teacher workload: {'R.S. Prajapati': {'calculated_workload': 15, 'original_workload': 16, 'designation': 'Assistant Professor'}, 'V.P. Paul': {'calculated_workload': 15, 'original_workload': 19, 'designation': 'Assistant Professor'}, 'S.K. Mishra': {'calculated_workload': 12, 'original_workload': 9, 'designation': 'Professor'}, 'D.G. Patel': {'calculated_workload': 17, 'original_workload': 15, 'designation': 'Associate Professor'}, 'S.I. Shah': {'calculated_workload': 13, 'original_workload': 14, 'designation': 'Assistant Professor'}, 'H.K. Patel': {'calculated_workload': 0, 'original_workload': 9, 'designation': 'Professor'}, 'P.J. Jha': {'calculated_workload': 0, 'original_workload': 10, 'designation': 'Associate Professor'}, 'G.S. Desai': {'calculated_workload': 0, 'original_workload': 10, 'designation': 'Associate Professor'}, 'A.R. Rao': {'calculated_workload': 0, 'original_workload': 9, 'designation': 'Professor'}, 'P.K. Solanki': {'calculated_workload': 0, 'original_workload': 8, 'designation': 'Professor'}, 'J.P. Patel': {'calculated_workload': 0, 'original_workload': 13, 'designation': 'Associate Professor'}, 'H.K. Shrivastav': {'calculated_workload': 0, 'original_workload': 13, 'designation': 'Associate Professor'}}
[2025-03-05 10:40:02,871 ] 283 root - INFO - Subject options: ['PRINCIPLES OF MANAGEMENT', 'QUANTITATIVE TECHNIQUES IN MANAGEMENT', 'MANAGERIAL ECONOMICS', 'MANAGERIAL ACCOUNTING', 'ORGANISATIONAL BEHAVIOUR', 'MANAGERIAL COMMUNICATION', 'RESEARCH DESIGN FOR MANAGEMENT', 'COMMUNICATIVE ENGLISH LABORATORY', 'RESEARCH DESIGN LABORATORY']
[2025-03-05 10:40:02,871 ] 290 root - INFO - weighted_subjects: ['PRINCIPLES OF MANAGEMENT', 'PRINCIPLES OF MANAGEMENT', 'PRINCIPLES OF MANAGEMENT', 'PRINCIPLES OF MANAGEMENT', 'QUANTITATIVE TECHNIQUES IN MANAGEMENT', 'QUANTITATIVE TECHNIQUES IN MANAGEMENT', 'QUANTITATIVE TECHNIQUES IN MANAGEMENT', 'QUANTITATIVE TECHNIQUES IN MANAGEMENT', 'QUANTITATIVE TECHNIQUES IN MANAGEMENT', 'MANAGERIAL ECONOMICS', 'MANAGERIAL ECONOMICS', 'MANAGERIAL ECONOMICS', 'MANAGERIAL ECONOMICS', 'MANAGERIAL ACCOUNTING', 'MANAGERIAL ACCOUNTING', 'MANAGERIAL ACCOUNTING', 'ORGANISATIONAL BEHAVIOUR', 'ORGANISATIONAL BEHAVIOUR', 'MANAGERIAL COMMUNICATION', 'MANAGERIAL COMMUNICATION', 'MANAGERIAL COMMUNICATION', 'MANAGERIAL COMMUNICATION', 'MANAGERIAL COMMUNICATION', 'RESEARCH DESIGN FOR MANAGEMENT', 'RESEARCH DESIGN FOR MANAGEMENT', 'RESEARCH DESIGN FOR MANAGEMENT', 'RESEARCH DESIGN FOR MANAGEMENT', 'RESEARCH DESIGN FOR MANAGEMENT', 'COMMUNICATIVE ENGLISH LABORATORY', 'COMMUNICATIVE ENGLISH LABORATORY', 'RESEARCH DESIGN LABORATORY', 'RESEARCH DESIGN LABORATORY']
[2025-03-05 10:40:02,872 ] 293 root - INFO - weighted_subjects: ['RESEARCH DESIGN FOR MANAGEMENT', 'MANAGERIAL COMMUNICATION', 'COMMUNICATIVE ENGLISH LABORATORY', 'MANAGERIAL COMMUNICATION', 'ORGANISATIONAL BEHAVIOUR', 'MANAGERIAL ACCOUNTING', 'QUANTITATIVE TECHNIQUES IN MANAGEMENT', 'QUANTITATIVE TECHNIQUES IN MANAGEMENT', 'RESEARCH DESIGN LABORATORY', 'MANAGERIAL COMMUNICATION', 'RESEARCH DESIGN FOR MANAGEMENT', 'RESEARCH DESIGN FOR MANAGEMENT', 'PRINCIPLES OF MANAGEMENT', 'MANAGERIAL COMMUNICATION', 'MANAGERIAL ECONOMICS', 'QUANTITATIVE TECHNIQUES IN MANAGEMENT', 'RESEARCH DESIGN LABORATORY', 'RESEARCH DESIGN FOR MANAGEMENT', 'MANAGERIAL COMMUNICATION', 'MANAGERIAL ACCOUNTING', 'MANAGERIAL ACCOUNTING', 'COMMUNICATIVE ENGLISH LABORATORY', 'QUANTITATIVE TECHNIQUES IN MANAGEMENT', 'MANAGERIAL ECONOMICS', 'QUANTITATIVE TECHNIQUES IN MANAGEMENT', 'PRINCIPLES OF MANAGEMENT', 'ORGANISATIONAL BEHAVIOUR', 'MANAGERIAL ECONOMICS', 'PRINCIPLES OF MANAGEMENT', 'RESEARCH DESIGN FOR MANAGEMENT', 'MANAGERIAL ECONOMICS', 'PRINCIPLES OF MANAGEMENT']
[2025-03-05 10:40:02,872 ] 298 root - INFO - Creating timetable for MBA-1 on Monday
[2025-03-05 10:40:02,872 ] 307 root - INFO - st: 08:00:00, et: 15:00:00, rs: 11:00:00, re: 12:00:00, tl: 60, pl: 120
[2025-03-05 10:40:02,876 ] 470 root - INFO - time is over
[2025-03-05 10:40:02,877 ] 298 root - INFO - Creating timetable for MBA-1 on Tuesday
[2025-03-05 10:40:02,879 ] 307 root - INFO - st: 08:00:00, et: 15:00:00, rs: 11:00:00, re: 12:00:00, tl: 60, pl: 120
[2025-03-05 10:40:02,882 ] 470 root - INFO - time is over
[2025-03-05 10:40:02,883 ] 298 root - INFO - Creating timetable for MBA-1 on Wednesday
[2025-03-05 10:40:02,883 ] 307 root - INFO - st: 08:00:00, et: 15:00:00, rs: 11:00:00, re: 12:00:00, tl: 60, pl: 120
[2025-03-05 10:40:02,884 ] 470 root - INFO - time is over
[2025-03-05 10:40:02,887 ] 298 root - INFO - Creating timetable for MBA-1 on Thursday
[2025-03-05 10:40:02,888 ] 307 root - INFO - st: 08:00:00, et: 15:00:00, rs: 11:00:00, re: 12:00:00, tl: 60, pl: 120
[2025-03-05 10:40:02,888 ] 470 root - INFO - time is over
[2025-03-05 10:40:02,888 ] 298 root - INFO - Creating timetable for MBA-1 on Friday
[2025-03-05 10:40:02,889 ] 307 root - INFO - st: 08:00:00, et: 15:00:00, rs: 11:00:00, re: 12:00:00, tl: 60, pl: 120
[2025-03-05 10:40:02,890 ] 365 root - INFO - No practical subjects available for the first session. Falling back to theory subjects.
[2025-03-05 10:40:02,890 ] 298 root - INFO - Creating timetable for MBA-1 on Saturday
[2025-03-05 10:40:02,890 ] 307 root - INFO - st: 08:00:00, et: 15:00:00, rs: 11:00:00, re: 12:00:00, tl: 60, pl: 120
[2025-03-05 10:40:02,895 ] 365 root - INFO - No practical subjects available for the first session. Falling back to theory subjects.
[2025-03-05 10:40:02,897 ] 487 root - INFO - teacher workload: {'R.S. Prajapati': {'calculated_workload': 15, 'original_workload': 16, 'designation': 'Assistant Professor'}, 'V.P. Paul': {'calculated_workload': 15, 'original_workload': 19, 'designation': 'Assistant Professor'}, 'S.K. Mishra': {'calculated_workload': 12, 'original_workload': 9, 'designation': 'Professor'}, 'D.G. Patel': {'calculated_workload': 17, 'original_workload': 15, 'designation': 'Associate Professor'}, 'S.I. Shah': {'calculated_workload': 13, 'original_workload': 14, 'designation': 'Assistant Professor'}, 'H.K. Patel': {'calculated_workload': 3, 'original_workload': 9, 'designation': 'Professor'}, 'P.J. Jha': {'calculated_workload': 5, 'original_workload': 10, 'designation': 'Associate Professor'}, 'G.S. Desai': {'calculated_workload': 6, 'original_workload': 10, 'designation': 'Associate Professor'}, 'A.R. Rao': {'calculated_workload': 3, 'original_workload': 9, 'designation': 'Professor'}, 'P.K. Solanki': {'calculated_workload': 3, 'original_workload': 8, 'designation': 'Professor'}, 'J.P. Patel': {'calculated_workload': 8, 'original_workload': 13, 'designation': 'Associate Professor'}, 'H.K. Shrivastav': {'calculated_workload': 8, 'original_workload': 13, 'designation': 'Associate Professor'}}
[2025-03-05 10:40:02,897 ] 283 root - INFO - Subject options: ['STRATEGIC MANAGEMENT', 'FUNDAMENTALS OF ENTERPRISE RESOURCE PLANNING', 'PERSONALITY GROWTH LAB', 'INTERNATIONAL MARKETING MANAGEMENT', 'DIGITAL AND SOCIAL MEDIA MARKETING', 'CONSUMER BEHAVIOUR IN THE DIGITAL AGE', 'INTEGRATED MARKETING COMMUNICATIONS', 'SALES AND DISTRIBUTION MANAGEMENT', 'MARKETING METRICS']
[2025-03-05 10:40:02,898 ] 290 root - INFO - weighted_subjects: ['STRATEGIC MANAGEMENT', 'STRATEGIC MANAGEMENT', 'STRATEGIC MANAGEMENT', 'STRATEGIC MANAGEMENT', 'FUNDAMENTALS OF ENTERPRISE RESOURCE PLANNING', 'FUNDAMENTALS OF ENTERPRISE RESOURCE PLANNING', 'FUNDAMENTALS OF ENTERPRISE RESOURCE PLANNING', 'FUNDAMENTALS OF ENTERPRISE RESOURCE PLANNING', 'PERSONALITY GROWTH LAB', 'PERSONALITY GROWTH LAB', 'PERSONALITY GROWTH LAB', 'PERSONALITY GROWTH LAB', 'INTERNATIONAL MARKETING MANAGEMENT', 'INTERNATIONAL MARKETING MANAGEMENT', 'INTERNATIONAL MARKETING MANAGEMENT', 'INTERNATIONAL MARKETING MANAGEMENT', 'DIGITAL AND SOCIAL MEDIA MARKETING', 'DIGITAL AND SOCIAL MEDIA MARKETING', 'DIGITAL AND SOCIAL MEDIA MARKETING', 'DIGITAL AND SOCIAL MEDIA MARKETING', 'CONSUMER BEHAVIOUR IN THE DIGITAL AGE', 'CONSUMER BEHAVIOUR IN THE DIGITAL AGE', 'CONSUMER BEHAVIOUR IN THE DIGITAL AGE', 'CONSUMER BEHAVIOUR IN THE DIGITAL AGE', 'INTEGRATED MARKETING COMMUNICATIONS', 'INTEGRATED MARKETING COMMUNICATIONS', 'INTEGRATED MARKETING COMMUNICATIONS', 'INTEGRATED MARKETING COMMUNICATIONS', 'SALES AND DISTRIBUTION MANAGEMENT', 'SALES AND DISTRIBUTION MANAGEMENT', 'SALES AND DISTRIBUTION MANAGEMENT', 'SALES AND DISTRIBUTION MANAGEMENT', 'MARKETING METRICS', 'MARKETING METRICS', 'MARKETING METRICS', 'MARKETING METRICS']
[2025-03-05 10:40:02,898 ] 293 root - INFO - weighted_subjects: ['FUNDAMENTALS OF ENTERPRISE RESOURCE PLANNING', 'PERSONALITY GROWTH LAB', 'PERSONALITY GROWTH LAB', 'INTERNATIONAL MARKETING MANAGEMENT', 'SALES AND DISTRIBUTION MANAGEMENT', 'STRATEGIC MANAGEMENT', 'PERSONALITY GROWTH LAB', 'STRATEGIC MANAGEMENT', 'SALES AND DISTRIBUTION MANAGEMENT', 'CONSUMER BEHAVIOUR IN THE DIGITAL AGE', 'STRATEGIC MANAGEMENT', 'CONSUMER BEHAVIOUR IN THE DIGITAL AGE', 'MARKETING METRICS', 'MARKETING METRICS', 'DIGITAL AND SOCIAL MEDIA MARKETING', 'STRATEGIC MANAGEMENT', 'FUNDAMENTALS OF ENTERPRISE RESOURCE PLANNING', 'INTEGRATED MARKETING COMMUNICATIONS', 'INTERNATIONAL MARKETING MANAGEMENT', 'FUNDAMENTALS OF ENTERPRISE RESOURCE PLANNING', 'INTEGRATED MARKETING COMMUNICATIONS', 'CONSUMER BEHAVIOUR IN THE DIGITAL AGE', 'INTERNATIONAL MARKETING MANAGEMENT', 'INTEGRATED MARKETING COMMUNICATIONS', 'SALES AND DISTRIBUTION MANAGEMENT', 'CONSUMER BEHAVIOUR IN THE DIGITAL AGE', 'MARKETING METRICS', 'PERSONALITY GROWTH LAB', 'INTERNATIONAL MARKETING MANAGEMENT', 'DIGITAL AND SOCIAL MEDIA MARKETING', 'SALES AND DISTRIBUTION MANAGEMENT', 'MARKETING METRICS', 'FUNDAMENTALS OF ENTERPRISE RESOURCE PLANNING', 'INTEGRATED MARKETING COMMUNICATIONS', 'DIGITAL AND SOCIAL MEDIA MARKETING', 'DIGITAL AND SOCIAL MEDIA MARKETING']
[2025-03-05 10:40:02,898 ] 298 root - INFO - Creating timetable for MBA-2 on Monday
[2025-03-05 10:40:02,898 ] 307 root - INFO - st: 08:00:00, et: 15:00:00, rs: 11:00:00, re: 12:00:00, tl: 60, pl: 120
[2025-03-05 10:40:02,899 ] 423 root - INFO - H.K. Shrivastav is already booked for 09:00:00 on Monday. Finding a new teacher.
[2025-03-05 10:40:02,900 ] 354 root - INFO - No practical subjects available for the last session. Falling back to theory subjects.
[2025-03-05 10:40:02,900 ] 298 root - INFO - Creating timetable for MBA-2 on Tuesday
[2025-03-05 10:40:02,901 ] 307 root - INFO - st: 08:00:00, et: 15:00:00, rs: 11:00:00, re: 12:00:00, tl: 60, pl: 120
[2025-03-05 10:40:02,901 ] 354 root - INFO - No practical subjects available for the last session. Falling back to theory subjects.
[2025-03-05 10:40:02,902 ] 423 root - INFO - J.P. Patel is already booked for 12:00:00 on Tuesday. Finding a new teacher.
[2025-03-05 10:40:02,902 ] 298 root - INFO - Creating timetable for MBA-2 on Wednesday
[2025-03-05 10:40:02,902 ] 307 root - INFO - st: 08:00:00, et: 15:00:00, rs: 11:00:00, re: 12:00:00, tl: 60, pl: 120
[2025-03-05 10:40:02,903 ] 423 root - INFO - A.R. Rao is already booked for 10:00:00 on Wednesday. Finding a new teacher.
[2025-03-05 10:40:02,903 ] 354 root - INFO - No practical subjects available for the last session. Falling back to theory subjects.
[2025-03-05 10:40:02,903 ] 423 root - INFO - P.K. Solanki is already booked for 13:00:00 on Wednesday. Finding a new teacher.
[2025-03-05 10:40:02,904 ] 298 root - INFO - Creating timetable for MBA-2 on Thursday
[2025-03-05 10:40:02,905 ] 307 root - INFO - st: 08:00:00, et: 15:00:00, rs: 11:00:00, re: 12:00:00, tl: 60, pl: 120
[2025-03-05 10:40:02,906 ] 354 root - INFO - No practical subjects available for the last session. Falling back to theory subjects.
[2025-03-05 10:40:02,907 ] 298 root - INFO - Creating timetable for MBA-2 on Friday
[2025-03-05 10:40:02,911 ] 307 root - INFO - st: 08:00:00, et: 15:00:00, rs: 11:00:00, re: 12:00:00, tl: 60, pl: 120
[2025-03-05 10:40:02,918 ] 354 root - INFO - No practical subjects available for the last session. Falling back to theory subjects.
[2025-03-05 10:40:02,919 ] 298 root - INFO - Creating timetable for MBA-2 on Saturday
[2025-03-05 10:40:02,920 ] 307 root - INFO - st: 08:00:00, et: 15:00:00, rs: 11:00:00, re: 12:00:00, tl: 60, pl: 120
[2025-03-05 10:40:02,921 ] 354 root - INFO - No practical subjects available for the last session. Falling back to theory subjects.
[2025-03-05 10:40:02,921 ] 423 root - INFO - J.P. Patel is already booked for 12:00:00 on Saturday. Finding a new teacher.
[2025-03-05 10:40:02,922 ] 487 root - INFO - teacher workload: {'R.S. Prajapati': {'calculated_workload': 15, 'original_workload': 16, 'designation': 'Assistant Professor'}, 'V.P. Paul': {'calculated_workload': 15, 'original_workload': 19, 'designation': 'Assistant Professor'}, 'S.K. Mishra': {'calculated_workload': 12, 'original_workload': 9, 'designation': 'Professor'}, 'D.G. Patel': {'calculated_workload': 17, 'original_workload': 15, 'designation': 'Associate Professor'}, 'S.I. Shah': {'calculated_workload': 13, 'original_workload': 14, 'designation': 'Assistant Professor'}, 'H.K. Patel': {'calculated_workload': 10, 'original_workload': 9, 'designation': 'Professor'}, 'P.J. Jha': {'calculated_workload': 12, 'original_workload': 10, 'designation': 'Associate Professor'}, 'G.S. Desai': {'calculated_workload': 11, 'original_workload': 10, 'designation': 'Associate Professor'}, 'A.R. Rao': {'calculated_workload': 7, 'original_workload': 9, 'designation': 'Professor'}, 'P.K. Solanki': {'calculated_workload': 8, 'original_workload': 8, 'designation': 'Professor'}, 'J.P. Patel': {'calculated_workload': 12, 'original_workload': 13, 'designation': 'Associate Professor'}, 'H.K. Shrivastav': {'calculated_workload': 12, 'original_workload': 13, 'designation': 'Associate Professor'}}
[2025-03-05 10:40:02,923 ] 97 werkzeug - INFO - 127.0.0.1 - - [05/Mar/2025 10:40:02] "[32mPOST /upload HTTP/1.1[0m" 302 -
[2025-03-05 10:40:03,078 ] 97 werkzeug - INFO - 127.0.0.1 - - [05/Mar/2025 10:40:03] "GET /index HTTP/1.1" 200 -
[2025-03-05 10:40:03,172 ] 97 werkzeug - INFO - 127.0.0.1 - - [05/Mar/2025 10:40:03] "[36mGET /static/images/MCA-1.jpg HTTP/1.1[0m" 304 -
[2025-03-05 10:40:03,175 ] 97 werkzeug - INFO - 127.0.0.1 - - [05/Mar/2025 10:40:03] "[36mGET /static/images/MCA-2.jpg HTTP/1.1[0m" 304 -
[2025-03-05 10:40:03,176 ] 97 werkzeug - INFO - 127.0.0.1 - - [05/Mar/2025 10:40:03] "[36mGET /static/images/MBA-1.jpg HTTP/1.1[0m" 304 -
[2025-03-05 10:40:03,196 ] 97 werkzeug - INFO - 127.0.0.1 - - [05/Mar/2025 10:40:03] "[36mGET /static/images/MBA-2.jpg HTTP/1.1[0m" 304 -
[2025-03-05 10:40:15,389 ] 97 werkzeug - INFO - 127.0.0.1 - - [05/Mar/2025 10:40:15] "POST /get_timetable HTTP/1.1" 200 -
[2025-03-05 10:40:21,155 ] 97 werkzeug - INFO - 127.0.0.1 - - [05/Mar/2025 10:40:21] "GET /teacher-workload HTTP/1.1" 200 -
[2025-03-05 10:40:29,681 ] 97 werkzeug - INFO - 127.0.0.1 - - [05/Mar/2025 10:40:29] "GET /index HTTP/1.1" 200 -
[2025-03-05 10:40:29,729 ] 97 werkzeug - INFO - 127.0.0.1 - - [05/Mar/2025 10:40:29] "[36mGET /static/images/MCA-1.jpg HTTP/1.1[0m" 304 -
[2025-03-05 10:40:29,730 ] 97 werkzeug - INFO - 127.0.0.1 - - [05/Mar/2025 10:40:29] "[36mGET /static/images/MBA-2.jpg HTTP/1.1[0m" 304 -
[2025-03-05 10:40:29,733 ] 97 werkzeug - INFO - 127.0.0.1 - - [05/Mar/2025 10:40:29] "[36mGET /static/images/MBA-1.jpg HTTP/1.1[0m" 304 -
[2025-03-05 10:40:29,734 ] 97 werkzeug - INFO - 127.0.0.1 - - [05/Mar/2025 10:40:29] "[36mGET /static/images/MCA-2.jpg HTTP/1.1[0m" 304 -
[2025-03-05 10:40:38,490 ] 97 werkzeug - INFO - 127.0.0.1 - - [05/Mar/2025 10:40:38] "POST /get_timetable HTTP/1.1" 200 -
[2025-03-05 10:40:40,899 ] 97 werkzeug - INFO - 127.0.0.1 - - [05/Mar/2025 10:40:40] "GET /export/MCA-2 HTTP/1.1" 200 -
[2025-03-05 10:41:14,845 ] 97 werkzeug - INFO - 127.0.0.1 - - [05/Mar/2025 10:41:14] "GET /upload HTTP/1.1" 200 -
