[2025-03-05 10:59:50,685 ] 97 werkzeug - WARNING -  * Debugger is active!
[2025-03-05 10:59:50,695 ] 97 werkzeug - INFO -  * Debugger PIN: 120-078-649
[2025-03-05 10:59:51,628 ] 97 werkzeug - INFO - 127.0.0.1 - - [05/Mar/2025 10:59:51] "GET / HTTP/1.1" 200 -
[2025-03-05 10:59:51,701 ] 97 werkzeug - INFO - 127.0.0.1 - - [05/Mar/2025 10:59:51] "[36mGET /static/images/pexels-jplenio-1103970.jpg HTTP/1.1[0m" 304 -
[2025-03-05 11:00:11,065 ] 97 werkzeug - INFO - 127.0.0.1 - - [05/Mar/2025 11:00:11] "[32mPOST /authenticate HTTP/1.1[0m" 302 -
[2025-03-05 11:00:11,085 ] 97 werkzeug - INFO - 127.0.0.1 - - [05/Mar/2025 11:00:11] "GET /upload HTTP/1.1" 200 -
[2025-03-05 11:00:11,231 ] 97 werkzeug - INFO - 127.0.0.1 - - [05/Mar/2025 11:00:11] "[36mGET /static/images/pexels-jplenio-1103970.jpg HTTP/1.1[0m" 304 -
[2025-03-05 11:00:25,825 ] 284 root - INFO - Subject options: ['JAVA PROGRAMMING', 'PYTHON PROGRAMMING', 'DATABASE MANAGEMENT SYSTEM', 'FOUNDATIONS OF MATHEMATICS', 'LINUX FUNDAMENTAL WITH NETWORKING', 'JAVA PROGRAMMING LAB', 'PYTHON PROGRAMMING LAB', 'DATABASE MANAGEMENT SYSTEM LAB', 'LINUX FUNDAMENTAL WITH NETWORKING LAB']
[2025-03-05 11:00:25,825 ] 291 root - INFO - weighted_subjects: ['JAVA PROGRAMMING', 'JAVA PROGRAMMING', 'JAVA PROGRAMMING', 'JAVA PROGRAMMING', 'JAVA PROGRAMMING', 'PYTHON PROGRAMMING', 'PYTHON PROGRAMMING', 'PYTHON PROGRAMMING', 'PYTHON PROGRAMMING', 'PYTHON PROGRAMMING', 'PYTHON PROGRAMMING', 'DATABASE MANAGEMENT SYSTEM', 'DATABASE MANAGEMENT SYSTEM', 'DATABASE MANAGEMENT SYSTEM', 'DATABASE MANAGEMENT SYSTEM', 'FOUNDATIONS OF MATHEMATICS', 'FOUNDATIONS OF MATHEMATICS', 'FOUNDATIONS OF MATHEMATICS', 'FOUNDATIONS OF MATHEMATICS', 'LINUX FUNDAMENTAL WITH NETWORKING', 'LINUX FUNDAMENTAL WITH NETWORKING', 'LINUX FUNDAMENTAL WITH NETWORKING', 'LINUX FUNDAMENTAL WITH NETWORKING', 'LINUX FUNDAMENTAL WITH NETWORKING', 'JAVA PROGRAMMING LAB', 'JAVA PROGRAMMING LAB', 'PYTHON PROGRAMMING LAB', 'PYTHON PROGRAMMING LAB', 'DATABASE MANAGEMENT SYSTEM LAB', 'LINUX FUNDAMENTAL WITH NETWORKING LAB']
[2025-03-05 11:00:25,825 ] 294 root - INFO - weighted_subjects: ['DATABASE MANAGEMENT SYSTEM', 'PYTHON PROGRAMMING LAB', 'LINUX FUNDAMENTAL WITH NETWORKING', 'PYTHON PROGRAMMING LAB', 'PYTHON PROGRAMMING', 'LINUX FUNDAMENTAL WITH NETWORKING', 'LINUX FUNDAMENTAL WITH NETWORKING', 'FOUNDATIONS OF MATHEMATICS', 'PYTHON PROGRAMMING', 'DATABASE MANAGEMENT SYSTEM', 'DATABASE MANAGEMENT SYSTEM', 'PYTHON PROGRAMMING', 'LINUX FUNDAMENTAL WITH NETWORKING', 'JAVA PROGRAMMING', 'FOUNDATIONS OF MATHEMATICS', 'FOUNDATIONS OF MATHEMATICS', 'PYTHON PROGRAMMING', 'PYTHON PROGRAMMING', 'JAVA PROGRAMMING LAB', 'PYTHON PROGRAMMING', 'JAVA PROGRAMMING', 'JAVA PROGRAMMING', 'FOUNDATIONS OF MATHEMATICS', 'JAVA PROGRAMMING LAB', 'LINUX FUNDAMENTAL WITH NETWORKING LAB', 'DATABASE MANAGEMENT SYSTEM LAB', 'LINUX FUNDAMENTAL WITH NETWORKING', 'JAVA PROGRAMMING', 'DATABASE MANAGEMENT SYSTEM', 'JAVA PROGRAMMING']
[2025-03-05 11:00:25,825 ] 299 root - INFO - Creating timetable for MCA-1 on Monday
[2025-03-05 11:00:25,825 ] 308 root - INFO - st: 09:00:00, et: 16:00:00, rs: 12:00:00, re: 13:00:00, tl: 60, pl: 120
[2025-03-05 11:00:25,825 ] 471 root - INFO - time is over
[2025-03-05 11:00:25,826 ] 299 root - INFO - Creating timetable for MCA-1 on Tuesday
[2025-03-05 11:00:25,826 ] 308 root - INFO - st: 09:00:00, et: 16:00:00, rs: 12:00:00, re: 13:00:00, tl: 60, pl: 120
[2025-03-05 11:00:25,826 ] 471 root - INFO - time is over
[2025-03-05 11:00:25,826 ] 299 root - INFO - Creating timetable for MCA-1 on Wednesday
[2025-03-05 11:00:25,826 ] 308 root - INFO - st: 09:00:00, et: 16:00:00, rs: 12:00:00, re: 13:00:00, tl: 60, pl: 120
[2025-03-05 11:00:25,826 ] 471 root - INFO - time is over
[2025-03-05 11:00:25,826 ] 299 root - INFO - Creating timetable for MCA-1 on Thursday
[2025-03-05 11:00:25,826 ] 308 root - INFO - st: 09:00:00, et: 16:00:00, rs: 12:00:00, re: 13:00:00, tl: 60, pl: 120
[2025-03-05 11:00:25,827 ] 471 root - INFO - time is over
[2025-03-05 11:00:25,827 ] 299 root - INFO - Creating timetable for MCA-1 on Friday
[2025-03-05 11:00:25,827 ] 308 root - INFO - st: 09:00:00, et: 16:00:00, rs: 12:00:00, re: 13:00:00, tl: 60, pl: 120
[2025-03-05 11:00:25,827 ] 471 root - INFO - time is over
[2025-03-05 11:00:25,827 ] 299 root - INFO - Creating timetable for MCA-1 on Saturday
[2025-03-05 11:00:25,827 ] 308 root - INFO - st: 09:00:00, et: 16:00:00, rs: 12:00:00, re: 13:00:00, tl: 60, pl: 120
[2025-03-05 11:00:25,827 ] 471 root - INFO - time is over
[2025-03-05 11:00:25,827 ] 488 root - INFO - teacher workload: {'R.S. Prajapati': {'calculated_workload': 9, 'original_workload': 16, 'designation': 'Assistant Professor'}, 'V.P. Paul': {'calculated_workload': 12, 'original_workload': 19, 'designation': 'Assistant Professor'}, 'S.K. Mishra': {'calculated_workload': 2, 'original_workload': 9, 'designation': 'Professor'}, 'D.G. Patel': {'calculated_workload': 5, 'original_workload': 15, 'designation': 'Associate Professor'}, 'S.I. Shah': {'calculated_workload': 8, 'original_workload': 14, 'designation': 'Assistant Professor'}, 'H.K. Patel': {'calculated_workload': 0, 'original_workload': 9, 'designation': 'Professor'}, 'P.J. Jha': {'calculated_workload': 0, 'original_workload': 10, 'designation': 'Associate Professor'}, 'G.S. Desai': {'calculated_workload': 0, 'original_workload': 10, 'designation': 'Associate Professor'}, 'A.R. Rao': {'calculated_workload': 0, 'original_workload': 9, 'designation': 'Professor'}, 'P.K. Solanki': {'calculated_workload': 0, 'original_workload': 8, 'designation': 'Professor'}, 'J.P. Patel': {'calculated_workload': 0, 'original_workload': 13, 'designation': 'Associate Professor'}, 'H.K. Shrivastav': {'calculated_workload': 0, 'original_workload': 13, 'designation': 'Associate Professor'}}
[2025-03-05 11:00:25,828 ] 284 root - INFO - Subject options: ['ADVANCED DATABASE MANAGEMENT SYSTEM', 'WEB TECHNOLOGIES DEVELOPMENT USING PHP', 'DEVOPS', 'TESTING AND AUTOMATION REST API', 'FUNDAMENTAL OF INFORMATION SYSTEMS AUDIT', 'ADVANCED DATABASE MANAGEMENT SYSTEM LAB', 'WEB TECHNOLOGIES DEVELOPMENT USING PHP LAB', 'DEVOPS LAB', 'TESTING AND AUTOMATION REST API LAB', 'FUNDAMENTAL OF INFORMATION SYSTEMS AUDIT LAB']
[2025-03-05 11:00:25,828 ] 291 root - INFO - weighted_subjects: ['ADVANCED DATABASE MANAGEMENT SYSTEM', 'ADVANCED DATABASE MANAGEMENT SYSTEM', 'ADVANCED DATABASE MANAGEMENT SYSTEM', 'ADVANCED DATABASE MANAGEMENT SYSTEM', 'ADVANCED DATABASE MANAGEMENT SYSTEM', 'WEB TECHNOLOGIES DEVELOPMENT USING PHP', 'WEB TECHNOLOGIES DEVELOPMENT USING PHP', 'WEB TECHNOLOGIES DEVELOPMENT USING PHP', 'WEB TECHNOLOGIES DEVELOPMENT USING PHP', 'WEB TECHNOLOGIES DEVELOPMENT USING PHP', 'DEVOPS', 'DEVOPS', 'DEVOPS', 'DEVOPS', 'DEVOPS', 'TESTING AND AUTOMATION REST API', 'TESTING AND AUTOMATION REST API', 'TESTING AND AUTOMATION REST API', 'TESTING AND AUTOMATION REST API', 'FUNDAMENTAL OF INFORMATION SYSTEMS AUDIT', 'FUNDAMENTAL OF INFORMATION SYSTEMS AUDIT', 'FUNDAMENTAL OF INFORMATION SYSTEMS AUDIT', 'FUNDAMENTAL OF INFORMATION SYSTEMS AUDIT', 'FUNDAMENTAL OF INFORMATION SYSTEMS AUDIT', 'ADVANCED DATABASE MANAGEMENT SYSTEM LAB', 'ADVANCED DATABASE MANAGEMENT SYSTEM LAB', 'WEB TECHNOLOGIES DEVELOPMENT USING PHP LAB', 'DEVOPS LAB', 'TESTING AND AUTOMATION REST API LAB', 'FUNDAMENTAL OF INFORMATION SYSTEMS AUDIT LAB']
[2025-03-05 11:00:25,828 ] 294 root - INFO - weighted_subjects: ['TESTING AND AUTOMATION REST API LAB', 'WEB TECHNOLOGIES DEVELOPMENT USING PHP LAB', 'FUNDAMENTAL OF INFORMATION SYSTEMS AUDIT LAB', 'DEVOPS', 'DEVOPS', 'TESTING AND AUTOMATION REST API', 'ADVANCED DATABASE MANAGEMENT SYSTEM LAB', 'FUNDAMENTAL OF INFORMATION SYSTEMS AUDIT', 'DEVOPS', 'FUNDAMENTAL OF INFORMATION SYSTEMS AUDIT', 'TESTING AND AUTOMATION REST API', 'WEB TECHNOLOGIES DEVELOPMENT USING PHP', 'WEB TECHNOLOGIES DEVELOPMENT USING PHP', 'TESTING AND AUTOMATION REST API', 'ADVANCED DATABASE MANAGEMENT SYSTEM', 'TESTING AND AUTOMATION REST API', 'WEB TECHNOLOGIES DEVELOPMENT USING PHP', 'FUNDAMENTAL OF INFORMATION SYSTEMS AUDIT', 'ADVANCED DATABASE MANAGEMENT SYSTEM', 'FUNDAMENTAL OF INFORMATION SYSTEMS AUDIT', 'DEVOPS', 'ADVANCED DATABASE MANAGEMENT SYSTEM LAB', 'WEB TECHNOLOGIES DEVELOPMENT USING PHP', 'ADVANCED DATABASE MANAGEMENT SYSTEM', 'ADVANCED DATABASE MANAGEMENT SYSTEM', 'ADVANCED DATABASE MANAGEMENT SYSTEM', 'DEVOPS LAB', 'FUNDAMENTAL OF INFORMATION SYSTEMS AUDIT', 'WEB TECHNOLOGIES DEVELOPMENT USING PHP', 'DEVOPS']
[2025-03-05 11:00:25,828 ] 299 root - INFO - Creating timetable for MCA-2 on Monday
[2025-03-05 11:00:25,828 ] 308 root - INFO - st: 09:00:00, et: 16:00:00, rs: 12:00:00, re: 13:00:00, tl: 60, pl: 120
[2025-03-05 11:00:25,828 ] 424 root - INFO - V.P. Paul is already booked for 11:00:00 on Monday. Finding a new teacher.
[2025-03-05 11:00:25,828 ] 424 root - INFO - R.S. Prajapati is already booked for 13:00:00 on Monday. Finding a new teacher.
[2025-03-05 11:00:25,828 ] 299 root - INFO - Creating timetable for MCA-2 on Tuesday
[2025-03-05 11:00:25,828 ] 308 root - INFO - st: 09:00:00, et: 16:00:00, rs: 12:00:00, re: 13:00:00, tl: 60, pl: 120
[2025-03-05 11:00:25,828 ] 424 root - INFO - V.P. Paul is already booked for 13:00:00 on Tuesday. Finding a new teacher.
[2025-03-05 11:00:25,829 ] 299 root - INFO - Creating timetable for MCA-2 on Wednesday
[2025-03-05 11:00:25,829 ] 308 root - INFO - st: 09:00:00, et: 16:00:00, rs: 12:00:00, re: 13:00:00, tl: 60, pl: 120
[2025-03-05 11:00:25,829 ] 424 root - INFO - S.K. Mishra is already booked for 15:00:00 on Wednesday. Finding a new teacher.
[2025-03-05 11:00:25,829 ] 299 root - INFO - Creating timetable for MCA-2 on Thursday
[2025-03-05 11:00:25,829 ] 308 root - INFO - st: 09:00:00, et: 16:00:00, rs: 12:00:00, re: 13:00:00, tl: 60, pl: 120
[2025-03-05 11:00:25,829 ] 424 root - INFO - R.S. Prajapati is already booked for 10:00:00 on Thursday. Finding a new teacher.
[2025-03-05 11:00:25,829 ] 424 root - INFO - S.I. Shah is already booked for 13:00:00 on Thursday. Finding a new teacher.
[2025-03-05 11:00:25,829 ] 299 root - INFO - Creating timetable for MCA-2 on Friday
[2025-03-05 11:00:25,829 ] 308 root - INFO - st: 09:00:00, et: 16:00:00, rs: 12:00:00, re: 13:00:00, tl: 60, pl: 120
[2025-03-05 11:00:25,829 ] 424 root - INFO - V.P. Paul is already booked for 15:00:00 on Friday. Finding a new teacher.
[2025-03-05 11:00:25,829 ] 299 root - INFO - Creating timetable for MCA-2 on Saturday
[2025-03-05 11:00:25,830 ] 308 root - INFO - st: 09:00:00, et: 16:00:00, rs: 12:00:00, re: 13:00:00, tl: 60, pl: 120
[2025-03-05 11:00:25,830 ] 488 root - INFO - teacher workload: {'R.S. Prajapati': {'calculated_workload': 14, 'original_workload': 16, 'designation': 'Assistant Professor'}, 'V.P. Paul': {'calculated_workload': 19, 'original_workload': 19, 'designation': 'Assistant Professor'}, 'S.K. Mishra': {'calculated_workload': 10, 'original_workload': 9, 'designation': 'Professor'}, 'D.G. Patel': {'calculated_workload': 17, 'original_workload': 15, 'designation': 'Associate Professor'}, 'S.I. Shah': {'calculated_workload': 12, 'original_workload': 14, 'designation': 'Assistant Professor'}, 'H.K. Patel': {'calculated_workload': 0, 'original_workload': 9, 'designation': 'Professor'}, 'P.J. Jha': {'calculated_workload': 0, 'original_workload': 10, 'designation': 'Associate Professor'}, 'G.S. Desai': {'calculated_workload': 0, 'original_workload': 10, 'designation': 'Associate Professor'}, 'A.R. Rao': {'calculated_workload': 0, 'original_workload': 9, 'designation': 'Professor'}, 'P.K. Solanki': {'calculated_workload': 0, 'original_workload': 8, 'designation': 'Professor'}, 'J.P. Patel': {'calculated_workload': 0, 'original_workload': 13, 'designation': 'Associate Professor'}, 'H.K. Shrivastav': {'calculated_workload': 0, 'original_workload': 13, 'designation': 'Associate Professor'}}
[2025-03-05 11:00:25,830 ] 284 root - INFO - Subject options: ['PRINCIPLES OF MANAGEMENT', 'QUANTITATIVE TECHNIQUES IN MANAGEMENT', 'MANAGERIAL ECONOMICS', 'MANAGERIAL ACCOUNTING', 'ORGANISATIONAL BEHAVIOUR', 'MANAGERIAL COMMUNICATION', 'RESEARCH DESIGN FOR MANAGEMENT', 'COMMUNICATIVE ENGLISH LABORATORY', 'RESEARCH DESIGN LABORATORY']
[2025-03-05 11:00:25,830 ] 291 root - INFO - weighted_subjects: ['PRINCIPLES OF MANAGEMENT', 'PRINCIPLES OF MANAGEMENT', 'PRINCIPLES OF MANAGEMENT', 'PRINCIPLES OF MANAGEMENT', 'QUANTITATIVE TECHNIQUES IN MANAGEMENT', 'QUANTITATIVE TECHNIQUES IN MANAGEMENT', 'QUANTITATIVE TECHNIQUES IN MANAGEMENT', 'QUANTITATIVE TECHNIQUES IN MANAGEMENT', 'QUANTITATIVE TECHNIQUES IN MANAGEMENT', 'MANAGERIAL ECONOMICS', 'MANAGERIAL ECONOMICS', 'MANAGERIAL ECONOMICS', 'MANAGERIAL ECONOMICS', 'MANAGERIAL ACCOUNTING', 'MANAGERIAL ACCOUNTING', 'MANAGERIAL ACCOUNTING', 'ORGANISATIONAL BEHAVIOUR', 'ORGANISATIONAL BEHAVIOUR', 'MANAGERIAL COMMUNICATION', 'MANAGERIAL COMMUNICATION', 'MANAGERIAL COMMUNICATION', 'MANAGERIAL COMMUNICATION', 'MANAGERIAL COMMUNICATION', 'RESEARCH DESIGN FOR MANAGEMENT', 'RESEARCH DESIGN FOR MANAGEMENT', 'RESEARCH DESIGN FOR MANAGEMENT', 'RESEARCH DESIGN FOR MANAGEMENT', 'RESEARCH DESIGN FOR MANAGEMENT', 'COMMUNICATIVE ENGLISH LABORATORY', 'COMMUNICATIVE ENGLISH LABORATORY', 'RESEARCH DESIGN LABORATORY', 'RESEARCH DESIGN LABORATORY']
[2025-03-05 11:00:25,830 ] 294 root - INFO - weighted_subjects: ['RESEARCH DESIGN FOR MANAGEMENT', 'MANAGERIAL COMMUNICATION', 'MANAGERIAL ACCOUNTING', 'MANAGERIAL ECONOMICS', 'QUANTITATIVE TECHNIQUES IN MANAGEMENT', 'PRINCIPLES OF MANAGEMENT', 'MANAGERIAL ECONOMICS', 'MANAGERIAL COMMUNICATION', 'ORGANISATIONAL BEHAVIOUR', 'PRINCIPLES OF MANAGEMENT', 'RESEARCH DESIGN FOR MANAGEMENT', 'QUANTITATIVE TECHNIQUES IN MANAGEMENT', 'MANAGERIAL ACCOUNTING', 'RESEARCH DESIGN LABORATORY', 'MANAGERIAL ACCOUNTING', 'QUANTITATIVE TECHNIQUES IN MANAGEMENT', 'PRINCIPLES OF MANAGEMENT', 'RESEARCH DESIGN FOR MANAGEMENT', 'ORGANISATIONAL BEHAVIOUR', 'QUANTITATIVE TECHNIQUES IN MANAGEMENT', 'MANAGERIAL COMMUNICATION', 'MANAGERIAL COMMUNICATION', 'RESEARCH DESIGN FOR MANAGEMENT', 'COMMUNICATIVE ENGLISH LABORATORY', 'MANAGERIAL ECONOMICS', 'MANAGERIAL ECONOMICS', 'COMMUNICATIVE ENGLISH LABORATORY', 'RESEARCH DESIGN LABORATORY', 'MANAGERIAL COMMUNICATION', 'PRINCIPLES OF MANAGEMENT', 'RESEARCH DESIGN FOR MANAGEMENT', 'QUANTITATIVE TECHNIQUES IN MANAGEMENT']
[2025-03-05 11:00:25,830 ] 299 root - INFO - Creating timetable for MBA-1 on Monday
[2025-03-05 11:00:25,830 ] 308 root - INFO - st: 08:00:00, et: 15:00:00, rs: 11:00:00, re: 12:00:00, tl: 60, pl: 120
[2025-03-05 11:00:25,830 ] 471 root - INFO - time is over
[2025-03-05 11:00:25,830 ] 299 root - INFO - Creating timetable for MBA-1 on Tuesday
[2025-03-05 11:00:25,830 ] 308 root - INFO - st: 08:00:00, et: 15:00:00, rs: 11:00:00, re: 12:00:00, tl: 60, pl: 120
[2025-03-05 11:00:25,831 ] 471 root - INFO - time is over
[2025-03-05 11:00:25,831 ] 299 root - INFO - Creating timetable for MBA-1 on Wednesday
[2025-03-05 11:00:25,831 ] 308 root - INFO - st: 08:00:00, et: 15:00:00, rs: 11:00:00, re: 12:00:00, tl: 60, pl: 120
[2025-03-05 11:00:25,831 ] 471 root - INFO - time is over
[2025-03-05 11:00:25,831 ] 299 root - INFO - Creating timetable for MBA-1 on Thursday
[2025-03-05 11:00:25,831 ] 308 root - INFO - st: 08:00:00, et: 15:00:00, rs: 11:00:00, re: 12:00:00, tl: 60, pl: 120
[2025-03-05 11:00:25,831 ] 471 root - INFO - time is over
[2025-03-05 11:00:25,831 ] 299 root - INFO - Creating timetable for MBA-1 on Friday
[2025-03-05 11:00:25,831 ] 308 root - INFO - st: 08:00:00, et: 15:00:00, rs: 11:00:00, re: 12:00:00, tl: 60, pl: 120
[2025-03-05 11:00:25,831 ] 366 root - INFO - No practical subjects available for the first session. Falling back to theory subjects.
[2025-03-05 11:00:25,831 ] 299 root - INFO - Creating timetable for MBA-1 on Saturday
[2025-03-05 11:00:25,832 ] 308 root - INFO - st: 08:00:00, et: 15:00:00, rs: 11:00:00, re: 12:00:00, tl: 60, pl: 120
[2025-03-05 11:00:25,832 ] 366 root - INFO - No practical subjects available for the first session. Falling back to theory subjects.
[2025-03-05 11:00:25,832 ] 488 root - INFO - teacher workload: {'R.S. Prajapati': {'calculated_workload': 14, 'original_workload': 16, 'designation': 'Assistant Professor'}, 'V.P. Paul': {'calculated_workload': 19, 'original_workload': 19, 'designation': 'Assistant Professor'}, 'S.K. Mishra': {'calculated_workload': 10, 'original_workload': 9, 'designation': 'Professor'}, 'D.G. Patel': {'calculated_workload': 17, 'original_workload': 15, 'designation': 'Associate Professor'}, 'S.I. Shah': {'calculated_workload': 12, 'original_workload': 14, 'designation': 'Assistant Professor'}, 'H.K. Patel': {'calculated_workload': 3, 'original_workload': 9, 'designation': 'Professor'}, 'P.J. Jha': {'calculated_workload': 5, 'original_workload': 10, 'designation': 'Associate Professor'}, 'G.S. Desai': {'calculated_workload': 6, 'original_workload': 10, 'designation': 'Associate Professor'}, 'A.R. Rao': {'calculated_workload': 3, 'original_workload': 9, 'designation': 'Professor'}, 'P.K. Solanki': {'calculated_workload': 3, 'original_workload': 8, 'designation': 'Professor'}, 'J.P. Patel': {'calculated_workload': 8, 'original_workload': 13, 'designation': 'Associate Professor'}, 'H.K. Shrivastav': {'calculated_workload': 8, 'original_workload': 13, 'designation': 'Associate Professor'}}
[2025-03-05 11:00:25,832 ] 284 root - INFO - Subject options: ['STRATEGIC MANAGEMENT', 'FUNDAMENTALS OF ENTERPRISE RESOURCE PLANNING', 'PERSONALITY GROWTH LAB', 'INTERNATIONAL MARKETING MANAGEMENT', 'DIGITAL AND SOCIAL MEDIA MARKETING', 'CONSUMER BEHAVIOUR IN THE DIGITAL AGE', 'INTEGRATED MARKETING COMMUNICATIONS', 'SALES AND DISTRIBUTION MANAGEMENT', 'MARKETING METRICS']
[2025-03-05 11:00:25,832 ] 291 root - INFO - weighted_subjects: ['STRATEGIC MANAGEMENT', 'STRATEGIC MANAGEMENT', 'STRATEGIC MANAGEMENT', 'STRATEGIC MANAGEMENT', 'FUNDAMENTALS OF ENTERPRISE RESOURCE PLANNING', 'FUNDAMENTALS OF ENTERPRISE RESOURCE PLANNING', 'FUNDAMENTALS OF ENTERPRISE RESOURCE PLANNING', 'FUNDAMENTALS OF ENTERPRISE RESOURCE PLANNING', 'PERSONALITY GROWTH LAB', 'PERSONALITY GROWTH LAB', 'PERSONALITY GROWTH LAB', 'PERSONALITY GROWTH LAB', 'INTERNATIONAL MARKETING MANAGEMENT', 'INTERNATIONAL MARKETING MANAGEMENT', 'INTERNATIONAL MARKETING MANAGEMENT', 'INTERNATIONAL MARKETING MANAGEMENT', 'DIGITAL AND SOCIAL MEDIA MARKETING', 'DIGITAL AND SOCIAL MEDIA MARKETING', 'DIGITAL AND SOCIAL MEDIA MARKETING', 'DIGITAL AND SOCIAL MEDIA MARKETING', 'CONSUMER BEHAVIOUR IN THE DIGITAL AGE', 'CONSUMER BEHAVIOUR IN THE DIGITAL AGE', 'CONSUMER BEHAVIOUR IN THE DIGITAL AGE', 'CONSUMER BEHAVIOUR IN THE DIGITAL AGE', 'INTEGRATED MARKETING COMMUNICATIONS', 'INTEGRATED MARKETING COMMUNICATIONS', 'INTEGRATED MARKETING COMMUNICATIONS', 'INTEGRATED MARKETING COMMUNICATIONS', 'SALES AND DISTRIBUTION MANAGEMENT', 'SALES AND DISTRIBUTION MANAGEMENT', 'SALES AND DISTRIBUTION MANAGEMENT', 'SALES AND DISTRIBUTION MANAGEMENT', 'MARKETING METRICS', 'MARKETING METRICS', 'MARKETING METRICS', 'MARKETING METRICS']
[2025-03-05 11:00:25,832 ] 294 root - INFO - weighted_subjects: ['CONSUMER BEHAVIOUR IN THE DIGITAL AGE', 'SALES AND DISTRIBUTION MANAGEMENT', 'SALES AND DISTRIBUTION MANAGEMENT', 'STRATEGIC MANAGEMENT', 'PERSONALITY GROWTH LAB', 'INTERNATIONAL MARKETING MANAGEMENT', 'DIGITAL AND SOCIAL MEDIA MARKETING', 'CONSUMER BEHAVIOUR IN THE DIGITAL AGE', 'PERSONALITY GROWTH LAB', 'PERSONALITY GROWTH LAB', 'STRATEGIC MANAGEMENT', 'INTERNATIONAL MARKETING MANAGEMENT', 'DIGITAL AND SOCIAL MEDIA MARKETING', 'CONSUMER BEHAVIOUR IN THE DIGITAL AGE', 'DIGITAL AND SOCIAL MEDIA MARKETING', 'MARKETING METRICS', 'CONSUMER BEHAVIOUR IN THE DIGITAL AGE', 'FUNDAMENTALS OF ENTERPRISE RESOURCE PLANNING', 'DIGITAL AND SOCIAL MEDIA MARKETING', 'FUNDAMENTALS OF ENTERPRISE RESOURCE PLANNING', 'STRATEGIC MANAGEMENT', 'MARKETING METRICS', 'SALES AND DISTRIBUTION MANAGEMENT', 'INTEGRATED MARKETING COMMUNICATIONS', 'INTEGRATED MARKETING COMMUNICATIONS', 'INTEGRATED MARKETING COMMUNICATIONS', 'PERSONALITY GROWTH LAB', 'INTEGRATED MARKETING COMMUNICATIONS', 'INTERNATIONAL MARKETING MANAGEMENT', 'STRATEGIC MANAGEMENT', 'MARKETING METRICS', 'FUNDAMENTALS OF ENTERPRISE RESOURCE PLANNING', 'SALES AND DISTRIBUTION MANAGEMENT', 'FUNDAMENTALS OF ENTERPRISE RESOURCE PLANNING', 'MARKETING METRICS', 'INTERNATIONAL MARKETING MANAGEMENT']
[2025-03-05 11:00:25,832 ] 299 root - INFO - Creating timetable for MBA-2 on Monday
[2025-03-05 11:00:25,832 ] 308 root - INFO - st: 08:00:00, et: 15:00:00, rs: 11:00:00, re: 12:00:00, tl: 60, pl: 120
[2025-03-05 11:00:25,832 ] 424 root - INFO - J.P. Patel is already booked for 10:00:00 on Monday. Finding a new teacher.
[2025-03-05 11:00:25,832 ] 355 root - INFO - No practical subjects available for the last session. Falling back to theory subjects.
[2025-03-05 11:00:25,832 ] 299 root - INFO - Creating timetable for MBA-2 on Tuesday
[2025-03-05 11:00:25,832 ] 308 root - INFO - st: 08:00:00, et: 15:00:00, rs: 11:00:00, re: 12:00:00, tl: 60, pl: 120
[2025-03-05 11:00:25,833 ] 355 root - INFO - No practical subjects available for the last session. Falling back to theory subjects.
[2025-03-05 11:00:25,833 ] 299 root - INFO - Creating timetable for MBA-2 on Wednesday
[2025-03-05 11:00:25,833 ] 308 root - INFO - st: 08:00:00, et: 15:00:00, rs: 11:00:00, re: 12:00:00, tl: 60, pl: 120
[2025-03-05 11:00:25,833 ] 355 root - INFO - No practical subjects available for the last session. Falling back to theory subjects.
[2025-03-05 11:00:25,833 ] 424 root - INFO - G.S. Desai is already booked for 12:00:00 on Wednesday. Finding a new teacher.
[2025-03-05 11:00:25,833 ] 424 root - INFO - H.K. Shrivastav is already booked for 13:00:00 on Wednesday. Finding a new teacher.
[2025-03-05 11:00:25,833 ] 299 root - INFO - Creating timetable for MBA-2 on Thursday
[2025-03-05 11:00:25,833 ] 308 root - INFO - st: 08:00:00, et: 15:00:00, rs: 11:00:00, re: 12:00:00, tl: 60, pl: 120
[2025-03-05 11:00:25,833 ] 355 root - INFO - No practical subjects available for the last session. Falling back to theory subjects.
[2025-03-05 11:00:25,833 ] 424 root - INFO - J.P. Patel is already booked for 12:00:00 on Thursday. Finding a new teacher.
[2025-03-05 11:00:25,834 ] 424 root - INFO - G.S. Desai is already booked for 14:00:00 on Thursday. Finding a new teacher.
[2025-03-05 11:00:25,834 ] 299 root - INFO - Creating timetable for MBA-2 on Friday
[2025-03-05 11:00:25,834 ] 308 root - INFO - st: 08:00:00, et: 15:00:00, rs: 11:00:00, re: 12:00:00, tl: 60, pl: 120
[2025-03-05 11:00:25,834 ] 355 root - INFO - No practical subjects available for the last session. Falling back to theory subjects.
[2025-03-05 11:00:25,834 ] 299 root - INFO - Creating timetable for MBA-2 on Saturday
[2025-03-05 11:00:25,834 ] 308 root - INFO - st: 08:00:00, et: 15:00:00, rs: 11:00:00, re: 12:00:00, tl: 60, pl: 120
[2025-03-05 11:00:25,834 ] 355 root - INFO - No practical subjects available for the last session. Falling back to theory subjects.
[2025-03-05 11:00:25,834 ] 488 root - INFO - teacher workload: {'R.S. Prajapati': {'calculated_workload': 14, 'original_workload': 16, 'designation': 'Assistant Professor'}, 'V.P. Paul': {'calculated_workload': 19, 'original_workload': 19, 'designation': 'Assistant Professor'}, 'S.K. Mishra': {'calculated_workload': 10, 'original_workload': 9, 'designation': 'Professor'}, 'D.G. Patel': {'calculated_workload': 17, 'original_workload': 15, 'designation': 'Associate Professor'}, 'S.I. Shah': {'calculated_workload': 12, 'original_workload': 14, 'designation': 'Assistant Professor'}, 'H.K. Patel': {'calculated_workload': 9, 'original_workload': 9, 'designation': 'Professor'}, 'P.J. Jha': {'calculated_workload': 12, 'original_workload': 10, 'designation': 'Associate Professor'}, 'G.S. Desai': {'calculated_workload': 10, 'original_workload': 10, 'designation': 'Associate Professor'}, 'A.R. Rao': {'calculated_workload': 7, 'original_workload': 9, 'designation': 'Professor'}, 'P.K. Solanki': {'calculated_workload': 9, 'original_workload': 8, 'designation': 'Professor'}, 'J.P. Patel': {'calculated_workload': 12, 'original_workload': 13, 'designation': 'Associate Professor'}, 'H.K. Shrivastav': {'calculated_workload': 13, 'original_workload': 13, 'designation': 'Associate Professor'}}
[2025-03-05 11:00:25,835 ] 97 werkzeug - INFO - 127.0.0.1 - - [05/Mar/2025 11:00:25] "[32mPOST /upload HTTP/1.1[0m" 302 -
[2025-03-05 11:00:25,848 ] 97 werkzeug - INFO - 127.0.0.1 - - [05/Mar/2025 11:00:25] "GET /index HTTP/1.1" 200 -
[2025-03-05 11:00:25,884 ] 97 werkzeug - INFO - 127.0.0.1 - - [05/Mar/2025 11:00:25] "[36mGET /static/images/MCA-1.jpg HTTP/1.1[0m" 304 -
[2025-03-05 11:00:25,885 ] 97 werkzeug - INFO - 127.0.0.1 - - [05/Mar/2025 11:00:25] "[36mGET /static/images/MBA-2.jpg HTTP/1.1[0m" 304 -
[2025-03-05 11:00:25,886 ] 97 werkzeug - INFO - 127.0.0.1 - - [05/Mar/2025 11:00:25] "[36mGET /static/images/MBA-1.jpg HTTP/1.1[0m" 304 -
[2025-03-05 11:00:25,890 ] 97 werkzeug - INFO - 127.0.0.1 - - [05/Mar/2025 11:00:25] "[36mGET /static/images/MCA-2.jpg HTTP/1.1[0m" 304 -
[2025-03-05 11:00:31,234 ] 97 werkzeug - INFO - 127.0.0.1 - - [05/Mar/2025 11:00:31] "POST /get_timetable HTTP/1.1" 200 -
[2025-03-05 11:00:39,785 ] 97 werkzeug - INFO - 127.0.0.1 - - [05/Mar/2025 11:00:39] "GET /teacher-workload HTTP/1.1" 200 -
[2025-03-05 11:00:49,544 ] 97 werkzeug - INFO - 127.0.0.1 - - [05/Mar/2025 11:00:49] "GET /export/MBA-2 HTTP/1.1" 200 -
