[2025-02-28 12:46:40,644 ] 97 werkzeug - WARNING -  * Debugger is active!
[2025-02-28 12:46:40,660 ] 97 werkzeug - INFO -  * Debugger PIN: 112-501-317
[2025-02-28 12:46:47,573 ] 97 werkzeug - INFO - 127.0.0.1 - - [28/Feb/2025 12:46:47] "GET / HTTP/1.1" 200 -
[2025-02-28 12:46:47,687 ] 97 werkzeug - INFO - 127.0.0.1 - - [28/Feb/2025 12:46:47] "GET /static/images/pexels-jplenio-1103970.jpg HTTP/1.1" 200 -
[2025-02-28 12:47:02,978 ] 97 werkzeug - INFO - 127.0.0.1 - - [28/Feb/2025 12:47:02] "[32mPOST /authenticate HTTP/1.1[0m" 302 -
[2025-02-28 12:47:02,989 ] 97 werkzeug - INFO - 127.0.0.1 - - [28/Feb/2025 12:47:02] "GET /upload HTTP/1.1" 200 -
[2025-02-28 12:47:03,029 ] 97 werkzeug - INFO - 127.0.0.1 - - [28/Feb/2025 12:47:03] "[36mGET /static/images/pexels-jplenio-1103970.jpg HTTP/1.1[0m" 304 -
[2025-02-28 12:47:20,270 ] 283 root - INFO - Subject options: ['JAVA PROGRAMMING', 'PYTHON PROGRAMMING', 'DATABASE MANAGEMENT SYSTEM', 'FOUNDATIONS OF MATHEMATICS', 'LINUX FUNDAMENTAL WITH NETWORKING', 'JAVA PROGRAMMING LAB', 'PYTHON PROGRAMMING LAB', 'DATABASE MANAGEMENT SYSTEM LAB', 'LINUX FUNDAMENTAL WITH NETWORKING LAB']
[2025-02-28 12:47:20,270 ] 290 root - INFO - weighted_subjects: ['JAVA PROGRAMMING', 'JAVA PROGRAMMING', 'JAVA PROGRAMMING', 'JAVA PROGRAMMING', 'JAVA PROGRAMMING', 'PYTHON PROGRAMMING', 'PYTHON PROGRAMMING', 'PYTHON PROGRAMMING', 'PYTHON PROGRAMMING', 'PYTHON PROGRAMMING', 'PYTHON PROGRAMMING', 'DATABASE MANAGEMENT SYSTEM', 'DATABASE MANAGEMENT SYSTEM', 'DATABASE MANAGEMENT SYSTEM', 'DATABASE MANAGEMENT SYSTEM', 'FOUNDATIONS OF MATHEMATICS', 'FOUNDATIONS OF MATHEMATICS', 'FOUNDATIONS OF MATHEMATICS', 'FOUNDATIONS OF MATHEMATICS', 'LINUX FUNDAMENTAL WITH NETWORKING', 'LINUX FUNDAMENTAL WITH NETWORKING', 'LINUX FUNDAMENTAL WITH NETWORKING', 'LINUX FUNDAMENTAL WITH NETWORKING', 'LINUX FUNDAMENTAL WITH NETWORKING', 'JAVA PROGRAMMING LAB', 'JAVA PROGRAMMING LAB', 'PYTHON PROGRAMMING LAB', 'PYTHON PROGRAMMING LAB', 'DATABASE MANAGEMENT SYSTEM LAB', 'LINUX FUNDAMENTAL WITH NETWORKING LAB']
[2025-02-28 12:47:20,270 ] 293 root - INFO - weighted_subjects: ['FOUNDATIONS OF MATHEMATICS', 'JAVA PROGRAMMING', 'PYTHON PROGRAMMING', 'LINUX FUNDAMENTAL WITH NETWORKING', 'PYTHON PROGRAMMING', 'PYTHON PROGRAMMING LAB', 'DATABASE MANAGEMENT SYSTEM LAB', 'FOUNDATIONS OF MATHEMATICS', 'JAVA PROGRAMMING', 'JAVA PROGRAMMING', 'PYTHON PROGRAMMING', 'JAVA PROGRAMMING LAB', 'LINUX FUNDAMENTAL WITH NETWORKING', 'PYTHON PROGRAMMING', 'DATABASE MANAGEMENT SYSTEM', 'DATABASE MANAGEMENT SYSTEM', 'DATABASE MANAGEMENT SYSTEM', 'PYTHON PROGRAMMING', 'FOUNDATIONS OF MATHEMATICS', 'LINUX FUNDAMENTAL WITH NETWORKING', 'JAVA PROGRAMMING', 'PYTHON PROGRAMMING', 'LINUX FUNDAMENTAL WITH NETWORKING', 'PYTHON PROGRAMMING LAB', 'DATABASE MANAGEMENT SYSTEM', 'JAVA PROGRAMMING', 'LINUX FUNDAMENTAL WITH NETWORKING LAB', 'JAVA PROGRAMMING LAB', 'LINUX FUNDAMENTAL WITH NETWORKING', 'FOUNDATIONS OF MATHEMATICS']
[2025-02-28 12:47:20,271 ] 298 root - INFO - Creating timetable for MCA-1 on Monday
[2025-02-28 12:47:20,271 ] 307 root - INFO - st: 09:00:00, et: 16:00:00, rs: 12:00:00, re: 13:00:00, tl: 60, pl: 120
[2025-02-28 12:47:20,271 ] 298 root - INFO - Creating timetable for MCA-1 on Tuesday
[2025-02-28 12:47:20,271 ] 307 root - INFO - st: 09:00:00, et: 16:00:00, rs: 12:00:00, re: 13:00:00, tl: 60, pl: 120
[2025-02-28 12:47:20,271 ] 298 root - INFO - Creating timetable for MCA-1 on Wednesday
[2025-02-28 12:47:20,271 ] 307 root - INFO - st: 09:00:00, et: 16:00:00, rs: 12:00:00, re: 13:00:00, tl: 60, pl: 120
[2025-02-28 12:47:20,272 ] 298 root - INFO - Creating timetable for MCA-1 on Thursday
[2025-02-28 12:47:20,272 ] 307 root - INFO - st: 09:00:00, et: 16:00:00, rs: 12:00:00, re: 13:00:00, tl: 60, pl: 120
[2025-02-28 12:47:20,272 ] 298 root - INFO - Creating timetable for MCA-1 on Friday
[2025-02-28 12:47:20,272 ] 307 root - INFO - st: 09:00:00, et: 16:00:00, rs: 12:00:00, re: 13:00:00, tl: 60, pl: 120
[2025-02-28 12:47:20,272 ] 298 root - INFO - Creating timetable for MCA-1 on Saturday
[2025-02-28 12:47:20,272 ] 307 root - INFO - st: 09:00:00, et: 16:00:00, rs: 12:00:00, re: 13:00:00, tl: 60, pl: 120
[2025-02-28 12:47:20,273 ] 487 root - INFO - teacher workload: {'R.S. Prajapati': {'calculated_workload': 9, 'original_workload': 16, 'designation': 'Assistant Professor'}, 'V.P. Paul': {'calculated_workload': 12, 'original_workload': 19, 'designation': 'Assistant Professor'}, 'S.K. Mishra': {'calculated_workload': 2, 'original_workload': 9, 'designation': 'Professor'}, 'D.G. Patel': {'calculated_workload': 5, 'original_workload': 15, 'designation': 'Associate Professor'}, 'S.I. Shah': {'calculated_workload': 8, 'original_workload': 14, 'designation': 'Assistant Professor'}, 'H.K. Patel': {'calculated_workload': 0, 'original_workload': 9, 'designation': 'Professor'}, 'P.J. Jha': {'calculated_workload': 0, 'original_workload': 10, 'designation': 'Associate Professor'}, 'G.S. Desai': {'calculated_workload': 0, 'original_workload': 10, 'designation': 'Associate Professor'}, 'A.R. Rao': {'calculated_workload': 0, 'original_workload': 9, 'designation': 'Professor'}, 'P.K. Solanki': {'calculated_workload': 0, 'original_workload': 8, 'designation': 'Professor'}, 'J.P. Patel': {'calculated_workload': 0, 'original_workload': 13, 'designation': 'Associate Professor'}, 'H.K. Shrivastav': {'calculated_workload': 0, 'original_workload': 13, 'designation': 'Associate Professor'}}
[2025-02-28 12:47:20,273 ] 283 root - INFO - Subject options: ['ADVANCED DATABASE MANAGEMENT SYSTEM', 'WEB TECHNOLOGIES DEVELOPMENT USING PHP', 'DEVOPS', 'TESTING AND AUTOMATION REST API', 'FUNDAMENTAL OF INFORMATION SYSTEMS AUDIT', 'ADVANCED DATABASE MANAGEMENT SYSTEM LAB', 'WEB TECHNOLOGIES DEVELOPMENT USING PHP LAB', 'DEVOPS LAB', 'TESTING AND AUTOMATION REST API LAB', 'FUNDAMENTAL OF INFORMATION SYSTEMS AUDIT LAB']
[2025-02-28 12:47:20,273 ] 290 root - INFO - weighted_subjects: ['ADVANCED DATABASE MANAGEMENT SYSTEM', 'ADVANCED DATABASE MANAGEMENT SYSTEM', 'ADVANCED DATABASE MANAGEMENT SYSTEM', 'ADVANCED DATABASE MANAGEMENT SYSTEM', 'ADVANCED DATABASE MANAGEMENT SYSTEM', 'WEB TECHNOLOGIES DEVELOPMENT USING PHP', 'WEB TECHNOLOGIES DEVELOPMENT USING PHP', 'WEB TECHNOLOGIES DEVELOPMENT USING PHP', 'WEB TECHNOLOGIES DEVELOPMENT USING PHP', 'WEB TECHNOLOGIES DEVELOPMENT USING PHP', 'DEVOPS', 'DEVOPS', 'DEVOPS', 'DEVOPS', 'DEVOPS', 'TESTING AND AUTOMATION REST API', 'TESTING AND AUTOMATION REST API', 'TESTING AND AUTOMATION REST API', 'TESTING AND AUTOMATION REST API', 'FUNDAMENTAL OF INFORMATION SYSTEMS AUDIT', 'FUNDAMENTAL OF INFORMATION SYSTEMS AUDIT', 'FUNDAMENTAL OF INFORMATION SYSTEMS AUDIT', 'FUNDAMENTAL OF INFORMATION SYSTEMS AUDIT', 'FUNDAMENTAL OF INFORMATION SYSTEMS AUDIT', 'ADVANCED DATABASE MANAGEMENT SYSTEM LAB', 'ADVANCED DATABASE MANAGEMENT SYSTEM LAB', 'WEB TECHNOLOGIES DEVELOPMENT USING PHP LAB', 'DEVOPS LAB', 'TESTING AND AUTOMATION REST API LAB', 'FUNDAMENTAL OF INFORMATION SYSTEMS AUDIT LAB']
[2025-02-28 12:47:20,273 ] 293 root - INFO - weighted_subjects: ['TESTING AND AUTOMATION REST API', 'TESTING AND AUTOMATION REST API', 'DEVOPS', 'ADVANCED DATABASE MANAGEMENT SYSTEM', 'WEB TECHNOLOGIES DEVELOPMENT USING PHP', 'ADVANCED DATABASE MANAGEMENT SYSTEM', 'FUNDAMENTAL OF INFORMATION SYSTEMS AUDIT', 'DEVOPS', 'FUNDAMENTAL OF INFORMATION SYSTEMS AUDIT', 'DEVOPS', 'ADVANCED DATABASE MANAGEMENT SYSTEM LAB', 'DEVOPS', 'FUNDAMENTAL OF INFORMATION SYSTEMS AUDIT LAB', 'TESTING AND AUTOMATION REST API LAB', 'ADVANCED DATABASE MANAGEMENT SYSTEM', 'DEVOPS', 'FUNDAMENTAL OF INFORMATION SYSTEMS AUDIT', 'TESTING AND AUTOMATION REST API', 'FUNDAMENTAL OF INFORMATION SYSTEMS AUDIT', 'ADVANCED DATABASE MANAGEMENT SYSTEM', 'ADVANCED DATABASE MANAGEMENT SYSTEM', 'ADVANCED DATABASE MANAGEMENT SYSTEM LAB', 'TESTING AND AUTOMATION REST API', 'WEB TECHNOLOGIES DEVELOPMENT USING PHP', 'WEB TECHNOLOGIES DEVELOPMENT USING PHP LAB', 'FUNDAMENTAL OF INFORMATION SYSTEMS AUDIT', 'WEB TECHNOLOGIES DEVELOPMENT USING PHP', 'DEVOPS LAB', 'WEB TECHNOLOGIES DEVELOPMENT USING PHP', 'WEB TECHNOLOGIES DEVELOPMENT USING PHP']
[2025-02-28 12:47:20,273 ] 298 root - INFO - Creating timetable for MCA-2 on Monday
[2025-02-28 12:47:20,273 ] 307 root - INFO - st: 09:00:00, et: 16:00:00, rs: 12:00:00, re: 13:00:00, tl: 60, pl: 120
[2025-02-28 12:47:20,273 ] 470 root - INFO - time is over
[2025-02-28 12:47:20,273 ] 298 root - INFO - Creating timetable for MCA-2 on Tuesday
[2025-02-28 12:47:20,273 ] 307 root - INFO - st: 09:00:00, et: 16:00:00, rs: 12:00:00, re: 13:00:00, tl: 60, pl: 120
[2025-02-28 12:47:20,274 ] 470 root - INFO - time is over
[2025-02-28 12:47:20,274 ] 298 root - INFO - Creating timetable for MCA-2 on Wednesday
[2025-02-28 12:47:20,274 ] 307 root - INFO - st: 09:00:00, et: 16:00:00, rs: 12:00:00, re: 13:00:00, tl: 60, pl: 120
[2025-02-28 12:47:20,274 ] 470 root - INFO - time is over
[2025-02-28 12:47:20,274 ] 298 root - INFO - Creating timetable for MCA-2 on Thursday
[2025-02-28 12:47:20,274 ] 307 root - INFO - st: 09:00:00, et: 16:00:00, rs: 12:00:00, re: 13:00:00, tl: 60, pl: 120
[2025-02-28 12:47:20,274 ] 423 root - INFO - R.S. Prajapati is already booked for 10:00:00 on Thursday. Finding a new teacher.
[2025-02-28 12:47:20,275 ] 433 root - INFO - Both teachers unavailable for TESTING AND AUTOMATION REST API LAB on Thursday at 10:00:00. Skipping slot.
[2025-02-28 12:47:20,275 ] 502 root - INFO - Reloading 1 time timetable due to teacher unavailability
[2025-02-28 12:47:20,275 ] 283 root - INFO - Subject options: ['JAVA PROGRAMMING', 'PYTHON PROGRAMMING', 'DATABASE MANAGEMENT SYSTEM', 'FOUNDATIONS OF MATHEMATICS', 'LINUX FUNDAMENTAL WITH NETWORKING', 'JAVA PROGRAMMING LAB', 'PYTHON PROGRAMMING LAB', 'DATABASE MANAGEMENT SYSTEM LAB', 'LINUX FUNDAMENTAL WITH NETWORKING LAB']
[2025-02-28 12:47:20,275 ] 290 root - INFO - weighted_subjects: ['JAVA PROGRAMMING', 'JAVA PROGRAMMING', 'JAVA PROGRAMMING', 'JAVA PROGRAMMING', 'JAVA PROGRAMMING', 'PYTHON PROGRAMMING', 'PYTHON PROGRAMMING', 'PYTHON PROGRAMMING', 'PYTHON PROGRAMMING', 'PYTHON PROGRAMMING', 'PYTHON PROGRAMMING', 'DATABASE MANAGEMENT SYSTEM', 'DATABASE MANAGEMENT SYSTEM', 'DATABASE MANAGEMENT SYSTEM', 'DATABASE MANAGEMENT SYSTEM', 'FOUNDATIONS OF MATHEMATICS', 'FOUNDATIONS OF MATHEMATICS', 'FOUNDATIONS OF MATHEMATICS', 'FOUNDATIONS OF MATHEMATICS', 'LINUX FUNDAMENTAL WITH NETWORKING', 'LINUX FUNDAMENTAL WITH NETWORKING', 'LINUX FUNDAMENTAL WITH NETWORKING', 'LINUX FUNDAMENTAL WITH NETWORKING', 'LINUX FUNDAMENTAL WITH NETWORKING', 'JAVA PROGRAMMING LAB', 'JAVA PROGRAMMING LAB', 'PYTHON PROGRAMMING LAB', 'PYTHON PROGRAMMING LAB', 'DATABASE MANAGEMENT SYSTEM LAB', 'LINUX FUNDAMENTAL WITH NETWORKING LAB']
[2025-02-28 12:47:20,275 ] 293 root - INFO - weighted_subjects: ['LINUX FUNDAMENTAL WITH NETWORKING LAB', 'PYTHON PROGRAMMING', 'DATABASE MANAGEMENT SYSTEM', 'JAVA PROGRAMMING LAB', 'LINUX FUNDAMENTAL WITH NETWORKING', 'PYTHON PROGRAMMING LAB', 'LINUX FUNDAMENTAL WITH NETWORKING', 'JAVA PROGRAMMING', 'DATABASE MANAGEMENT SYSTEM', 'JAVA PROGRAMMING', 'PYTHON PROGRAMMING LAB', 'DATABASE MANAGEMENT SYSTEM', 'LINUX FUNDAMENTAL WITH NETWORKING', 'LINUX FUNDAMENTAL WITH NETWORKING', 'PYTHON PROGRAMMING', 'JAVA PROGRAMMING', 'JAVA PROGRAMMING LAB', 'FOUNDATIONS OF MATHEMATICS', 'JAVA PROGRAMMING', 'PYTHON PROGRAMMING', 'JAVA PROGRAMMING', 'PYTHON PROGRAMMING', 'LINUX FUNDAMENTAL WITH NETWORKING', 'FOUNDATIONS OF MATHEMATICS', 'DATABASE MANAGEMENT SYSTEM LAB', 'DATABASE MANAGEMENT SYSTEM', 'FOUNDATIONS OF MATHEMATICS', 'PYTHON PROGRAMMING', 'PYTHON PROGRAMMING', 'FOUNDATIONS OF MATHEMATICS']
[2025-02-28 12:47:20,275 ] 298 root - INFO - Creating timetable for MCA-1 on Monday
[2025-02-28 12:47:20,275 ] 307 root - INFO - st: 09:00:00, et: 16:00:00, rs: 12:00:00, re: 13:00:00, tl: 60, pl: 120
[2025-02-28 12:47:20,275 ] 298 root - INFO - Creating timetable for MCA-1 on Tuesday
[2025-02-28 12:47:20,275 ] 307 root - INFO - st: 09:00:00, et: 16:00:00, rs: 12:00:00, re: 13:00:00, tl: 60, pl: 120
[2025-02-28 12:47:20,276 ] 387 root - INFO - PYTHON PROGRAMMING has already been scheduled for 2 consecutive sessions. Picking a different subject.
[2025-02-28 12:47:20,276 ] 298 root - INFO - Creating timetable for MCA-1 on Wednesday
[2025-02-28 12:47:20,276 ] 307 root - INFO - st: 09:00:00, et: 16:00:00, rs: 12:00:00, re: 13:00:00, tl: 60, pl: 120
[2025-02-28 12:47:20,276 ] 298 root - INFO - Creating timetable for MCA-1 on Thursday
[2025-02-28 12:47:20,276 ] 307 root - INFO - st: 09:00:00, et: 16:00:00, rs: 12:00:00, re: 13:00:00, tl: 60, pl: 120
[2025-02-28 12:47:20,276 ] 298 root - INFO - Creating timetable for MCA-1 on Friday
[2025-02-28 12:47:20,276 ] 307 root - INFO - st: 09:00:00, et: 16:00:00, rs: 12:00:00, re: 13:00:00, tl: 60, pl: 120
[2025-02-28 12:47:20,277 ] 298 root - INFO - Creating timetable for MCA-1 on Saturday
[2025-02-28 12:47:20,277 ] 307 root - INFO - st: 09:00:00, et: 16:00:00, rs: 12:00:00, re: 13:00:00, tl: 60, pl: 120
[2025-02-28 12:47:20,277 ] 487 root - INFO - teacher workload: {'R.S. Prajapati': {'calculated_workload': 9, 'original_workload': 16, 'designation': 'Assistant Professor'}, 'V.P. Paul': {'calculated_workload': 12, 'original_workload': 19, 'designation': 'Assistant Professor'}, 'S.K. Mishra': {'calculated_workload': 2, 'original_workload': 9, 'designation': 'Professor'}, 'D.G. Patel': {'calculated_workload': 5, 'original_workload': 15, 'designation': 'Associate Professor'}, 'S.I. Shah': {'calculated_workload': 8, 'original_workload': 14, 'designation': 'Assistant Professor'}, 'H.K. Patel': {'calculated_workload': 0, 'original_workload': 9, 'designation': 'Professor'}, 'P.J. Jha': {'calculated_workload': 0, 'original_workload': 10, 'designation': 'Associate Professor'}, 'G.S. Desai': {'calculated_workload': 0, 'original_workload': 10, 'designation': 'Associate Professor'}, 'A.R. Rao': {'calculated_workload': 0, 'original_workload': 9, 'designation': 'Professor'}, 'P.K. Solanki': {'calculated_workload': 0, 'original_workload': 8, 'designation': 'Professor'}, 'J.P. Patel': {'calculated_workload': 0, 'original_workload': 13, 'designation': 'Associate Professor'}, 'H.K. Shrivastav': {'calculated_workload': 0, 'original_workload': 13, 'designation': 'Associate Professor'}}
[2025-02-28 12:47:20,277 ] 283 root - INFO - Subject options: ['ADVANCED DATABASE MANAGEMENT SYSTEM', 'WEB TECHNOLOGIES DEVELOPMENT USING PHP', 'DEVOPS', 'TESTING AND AUTOMATION REST API', 'FUNDAMENTAL OF INFORMATION SYSTEMS AUDIT', 'ADVANCED DATABASE MANAGEMENT SYSTEM LAB', 'WEB TECHNOLOGIES DEVELOPMENT USING PHP LAB', 'DEVOPS LAB', 'TESTING AND AUTOMATION REST API LAB', 'FUNDAMENTAL OF INFORMATION SYSTEMS AUDIT LAB']
[2025-02-28 12:47:20,277 ] 290 root - INFO - weighted_subjects: ['ADVANCED DATABASE MANAGEMENT SYSTEM', 'ADVANCED DATABASE MANAGEMENT SYSTEM', 'ADVANCED DATABASE MANAGEMENT SYSTEM', 'ADVANCED DATABASE MANAGEMENT SYSTEM', 'ADVANCED DATABASE MANAGEMENT SYSTEM', 'WEB TECHNOLOGIES DEVELOPMENT USING PHP', 'WEB TECHNOLOGIES DEVELOPMENT USING PHP', 'WEB TECHNOLOGIES DEVELOPMENT USING PHP', 'WEB TECHNOLOGIES DEVELOPMENT USING PHP', 'WEB TECHNOLOGIES DEVELOPMENT USING PHP', 'DEVOPS', 'DEVOPS', 'DEVOPS', 'DEVOPS', 'DEVOPS', 'TESTING AND AUTOMATION REST API', 'TESTING AND AUTOMATION REST API', 'TESTING AND AUTOMATION REST API', 'TESTING AND AUTOMATION REST API', 'FUNDAMENTAL OF INFORMATION SYSTEMS AUDIT', 'FUNDAMENTAL OF INFORMATION SYSTEMS AUDIT', 'FUNDAMENTAL OF INFORMATION SYSTEMS AUDIT', 'FUNDAMENTAL OF INFORMATION SYSTEMS AUDIT', 'FUNDAMENTAL OF INFORMATION SYSTEMS AUDIT', 'ADVANCED DATABASE MANAGEMENT SYSTEM LAB', 'ADVANCED DATABASE MANAGEMENT SYSTEM LAB', 'WEB TECHNOLOGIES DEVELOPMENT USING PHP LAB', 'DEVOPS LAB', 'TESTING AND AUTOMATION REST API LAB', 'FUNDAMENTAL OF INFORMATION SYSTEMS AUDIT LAB']
[2025-02-28 12:47:20,277 ] 293 root - INFO - weighted_subjects: ['ADVANCED DATABASE MANAGEMENT SYSTEM LAB', 'ADVANCED DATABASE MANAGEMENT SYSTEM', 'ADVANCED DATABASE MANAGEMENT SYSTEM LAB', 'ADVANCED DATABASE MANAGEMENT SYSTEM', 'FUNDAMENTAL OF INFORMATION SYSTEMS AUDIT', 'WEB TECHNOLOGIES DEVELOPMENT USING PHP', 'DEVOPS', 'FUNDAMENTAL OF INFORMATION SYSTEMS AUDIT', 'TESTING AND AUTOMATION REST API', 'ADVANCED DATABASE MANAGEMENT SYSTEM', 'ADVANCED DATABASE MANAGEMENT SYSTEM', 'TESTING AND AUTOMATION REST API LAB', 'TESTING AND AUTOMATION REST API', 'DEVOPS', 'DEVOPS', 'TESTING AND AUTOMATION REST API', 'DEVOPS', 'FUNDAMENTAL OF INFORMATION SYSTEMS AUDIT', 'FUNDAMENTAL OF INFORMATION SYSTEMS AUDIT', 'FUNDAMENTAL OF INFORMATION SYSTEMS AUDIT', 'DEVOPS LAB', 'WEB TECHNOLOGIES DEVELOPMENT USING PHP', 'WEB TECHNOLOGIES DEVELOPMENT USING PHP', 'WEB TECHNOLOGIES DEVELOPMENT USING PHP', 'WEB TECHNOLOGIES DEVELOPMENT USING PHP LAB', 'WEB TECHNOLOGIES DEVELOPMENT USING PHP', 'DEVOPS', 'TESTING AND AUTOMATION REST API', 'ADVANCED DATABASE MANAGEMENT SYSTEM', 'FUNDAMENTAL OF INFORMATION SYSTEMS AUDIT LAB']
[2025-02-28 12:47:20,278 ] 298 root - INFO - Creating timetable for MCA-2 on Monday
[2025-02-28 12:47:20,278 ] 307 root - INFO - st: 09:00:00, et: 16:00:00, rs: 12:00:00, re: 13:00:00, tl: 60, pl: 120
[2025-02-28 12:47:20,278 ] 423 root - INFO - V.P. Paul is already booked for 10:00:00 on Monday. Finding a new teacher.
[2025-02-28 12:47:20,279 ] 470 root - INFO - time is over
[2025-02-28 12:47:20,279 ] 423 root - INFO - S.I. Shah is already booked for 13:00:00 on Monday. Finding a new teacher.
[2025-02-28 12:47:20,279 ] 298 root - INFO - Creating timetable for MCA-2 on Tuesday
[2025-02-28 12:47:20,279 ] 307 root - INFO - st: 09:00:00, et: 16:00:00, rs: 12:00:00, re: 13:00:00, tl: 60, pl: 120
[2025-02-28 12:47:20,279 ] 470 root - INFO - time is over
[2025-02-28 12:47:20,279 ] 298 root - INFO - Creating timetable for MCA-2 on Wednesday
[2025-02-28 12:47:20,279 ] 307 root - INFO - st: 09:00:00, et: 16:00:00, rs: 12:00:00, re: 13:00:00, tl: 60, pl: 120
[2025-02-28 12:47:20,279 ] 423 root - INFO - D.G. Patel is already booked for 10:00:00 on Wednesday. Finding a new teacher.
[2025-02-28 12:47:20,279 ] 433 root - INFO - Both teachers unavailable for DEVOPS LAB on Wednesday at 10:00:00. Skipping slot.
[2025-02-28 12:47:20,280 ] 502 root - INFO - Reloading 2 time timetable due to teacher unavailability
[2025-02-28 12:47:20,280 ] 283 root - INFO - Subject options: ['JAVA PROGRAMMING', 'PYTHON PROGRAMMING', 'DATABASE MANAGEMENT SYSTEM', 'FOUNDATIONS OF MATHEMATICS', 'LINUX FUNDAMENTAL WITH NETWORKING', 'JAVA PROGRAMMING LAB', 'PYTHON PROGRAMMING LAB', 'DATABASE MANAGEMENT SYSTEM LAB', 'LINUX FUNDAMENTAL WITH NETWORKING LAB']
[2025-02-28 12:47:20,280 ] 290 root - INFO - weighted_subjects: ['JAVA PROGRAMMING', 'JAVA PROGRAMMING', 'JAVA PROGRAMMING', 'JAVA PROGRAMMING', 'JAVA PROGRAMMING', 'PYTHON PROGRAMMING', 'PYTHON PROGRAMMING', 'PYTHON PROGRAMMING', 'PYTHON PROGRAMMING', 'PYTHON PROGRAMMING', 'PYTHON PROGRAMMING', 'DATABASE MANAGEMENT SYSTEM', 'DATABASE MANAGEMENT SYSTEM', 'DATABASE MANAGEMENT SYSTEM', 'DATABASE MANAGEMENT SYSTEM', 'FOUNDATIONS OF MATHEMATICS', 'FOUNDATIONS OF MATHEMATICS', 'FOUNDATIONS OF MATHEMATICS', 'FOUNDATIONS OF MATHEMATICS', 'LINUX FUNDAMENTAL WITH NETWORKING', 'LINUX FUNDAMENTAL WITH NETWORKING', 'LINUX FUNDAMENTAL WITH NETWORKING', 'LINUX FUNDAMENTAL WITH NETWORKING', 'LINUX FUNDAMENTAL WITH NETWORKING', 'JAVA PROGRAMMING LAB', 'JAVA PROGRAMMING LAB', 'PYTHON PROGRAMMING LAB', 'PYTHON PROGRAMMING LAB', 'DATABASE MANAGEMENT SYSTEM LAB', 'LINUX FUNDAMENTAL WITH NETWORKING LAB']
[2025-02-28 12:47:20,280 ] 293 root - INFO - weighted_subjects: ['LINUX FUNDAMENTAL WITH NETWORKING', 'LINUX FUNDAMENTAL WITH NETWORKING LAB', 'PYTHON PROGRAMMING', 'JAVA PROGRAMMING', 'DATABASE MANAGEMENT SYSTEM LAB', 'PYTHON PROGRAMMING', 'FOUNDATIONS OF MATHEMATICS', 'LINUX FUNDAMENTAL WITH NETWORKING', 'DATABASE MANAGEMENT SYSTEM', 'LINUX FUNDAMENTAL WITH NETWORKING', 'FOUNDATIONS OF MATHEMATICS', 'DATABASE MANAGEMENT SYSTEM', 'JAVA PROGRAMMING', 'FOUNDATIONS OF MATHEMATICS', 'PYTHON PROGRAMMING', 'PYTHON PROGRAMMING', 'JAVA PROGRAMMING', 'LINUX FUNDAMENTAL WITH NETWORKING', 'LINUX FUNDAMENTAL WITH NETWORKING', 'PYTHON PROGRAMMING', 'JAVA PROGRAMMING LAB', 'FOUNDATIONS OF MATHEMATICS', 'JAVA PROGRAMMING', 'DATABASE MANAGEMENT SYSTEM', 'PYTHON PROGRAMMING', 'PYTHON PROGRAMMING LAB', 'PYTHON PROGRAMMING LAB', 'JAVA PROGRAMMING', 'JAVA PROGRAMMING LAB', 'DATABASE MANAGEMENT SYSTEM']
[2025-02-28 12:47:20,280 ] 298 root - INFO - Creating timetable for MCA-1 on Monday
[2025-02-28 12:47:20,280 ] 307 root - INFO - st: 09:00:00, et: 16:00:00, rs: 12:00:00, re: 13:00:00, tl: 60, pl: 120
[2025-02-28 12:47:20,280 ] 298 root - INFO - Creating timetable for MCA-1 on Tuesday
[2025-02-28 12:47:20,280 ] 307 root - INFO - st: 09:00:00, et: 16:00:00, rs: 12:00:00, re: 13:00:00, tl: 60, pl: 120
[2025-02-28 12:47:20,281 ] 298 root - INFO - Creating timetable for MCA-1 on Wednesday
[2025-02-28 12:47:20,281 ] 307 root - INFO - st: 09:00:00, et: 16:00:00, rs: 12:00:00, re: 13:00:00, tl: 60, pl: 120
[2025-02-28 12:47:20,281 ] 298 root - INFO - Creating timetable for MCA-1 on Thursday
[2025-02-28 12:47:20,281 ] 307 root - INFO - st: 09:00:00, et: 16:00:00, rs: 12:00:00, re: 13:00:00, tl: 60, pl: 120
[2025-02-28 12:47:20,281 ] 298 root - INFO - Creating timetable for MCA-1 on Friday
[2025-02-28 12:47:20,281 ] 307 root - INFO - st: 09:00:00, et: 16:00:00, rs: 12:00:00, re: 13:00:00, tl: 60, pl: 120
[2025-02-28 12:47:20,281 ] 298 root - INFO - Creating timetable for MCA-1 on Saturday
[2025-02-28 12:47:20,281 ] 307 root - INFO - st: 09:00:00, et: 16:00:00, rs: 12:00:00, re: 13:00:00, tl: 60, pl: 120
[2025-02-28 12:47:20,282 ] 487 root - INFO - teacher workload: {'R.S. Prajapati': {'calculated_workload': 9, 'original_workload': 16, 'designation': 'Assistant Professor'}, 'V.P. Paul': {'calculated_workload': 12, 'original_workload': 19, 'designation': 'Assistant Professor'}, 'S.K. Mishra': {'calculated_workload': 2, 'original_workload': 9, 'designation': 'Professor'}, 'D.G. Patel': {'calculated_workload': 5, 'original_workload': 15, 'designation': 'Associate Professor'}, 'S.I. Shah': {'calculated_workload': 8, 'original_workload': 14, 'designation': 'Assistant Professor'}, 'H.K. Patel': {'calculated_workload': 0, 'original_workload': 9, 'designation': 'Professor'}, 'P.J. Jha': {'calculated_workload': 0, 'original_workload': 10, 'designation': 'Associate Professor'}, 'G.S. Desai': {'calculated_workload': 0, 'original_workload': 10, 'designation': 'Associate Professor'}, 'A.R. Rao': {'calculated_workload': 0, 'original_workload': 9, 'designation': 'Professor'}, 'P.K. Solanki': {'calculated_workload': 0, 'original_workload': 8, 'designation': 'Professor'}, 'J.P. Patel': {'calculated_workload': 0, 'original_workload': 13, 'designation': 'Associate Professor'}, 'H.K. Shrivastav': {'calculated_workload': 0, 'original_workload': 13, 'designation': 'Associate Professor'}}
[2025-02-28 12:47:20,282 ] 283 root - INFO - Subject options: ['ADVANCED DATABASE MANAGEMENT SYSTEM', 'WEB TECHNOLOGIES DEVELOPMENT USING PHP', 'DEVOPS', 'TESTING AND AUTOMATION REST API', 'FUNDAMENTAL OF INFORMATION SYSTEMS AUDIT', 'ADVANCED DATABASE MANAGEMENT SYSTEM LAB', 'WEB TECHNOLOGIES DEVELOPMENT USING PHP LAB', 'DEVOPS LAB', 'TESTING AND AUTOMATION REST API LAB', 'FUNDAMENTAL OF INFORMATION SYSTEMS AUDIT LAB']
[2025-02-28 12:47:20,282 ] 290 root - INFO - weighted_subjects: ['ADVANCED DATABASE MANAGEMENT SYSTEM', 'ADVANCED DATABASE MANAGEMENT SYSTEM', 'ADVANCED DATABASE MANAGEMENT SYSTEM', 'ADVANCED DATABASE MANAGEMENT SYSTEM', 'ADVANCED DATABASE MANAGEMENT SYSTEM', 'WEB TECHNOLOGIES DEVELOPMENT USING PHP', 'WEB TECHNOLOGIES DEVELOPMENT USING PHP', 'WEB TECHNOLOGIES DEVELOPMENT USING PHP', 'WEB TECHNOLOGIES DEVELOPMENT USING PHP', 'WEB TECHNOLOGIES DEVELOPMENT USING PHP', 'DEVOPS', 'DEVOPS', 'DEVOPS', 'DEVOPS', 'DEVOPS', 'TESTING AND AUTOMATION REST API', 'TESTING AND AUTOMATION REST API', 'TESTING AND AUTOMATION REST API', 'TESTING AND AUTOMATION REST API', 'FUNDAMENTAL OF INFORMATION SYSTEMS AUDIT', 'FUNDAMENTAL OF INFORMATION SYSTEMS AUDIT', 'FUNDAMENTAL OF INFORMATION SYSTEMS AUDIT', 'FUNDAMENTAL OF INFORMATION SYSTEMS AUDIT', 'FUNDAMENTAL OF INFORMATION SYSTEMS AUDIT', 'ADVANCED DATABASE MANAGEMENT SYSTEM LAB', 'ADVANCED DATABASE MANAGEMENT SYSTEM LAB', 'WEB TECHNOLOGIES DEVELOPMENT USING PHP LAB', 'DEVOPS LAB', 'TESTING AND AUTOMATION REST API LAB', 'FUNDAMENTAL OF INFORMATION SYSTEMS AUDIT LAB']
[2025-02-28 12:47:20,282 ] 293 root - INFO - weighted_subjects: ['DEVOPS', 'WEB TECHNOLOGIES DEVELOPMENT USING PHP', 'FUNDAMENTAL OF INFORMATION SYSTEMS AUDIT LAB', 'FUNDAMENTAL OF INFORMATION SYSTEMS AUDIT', 'DEVOPS', 'FUNDAMENTAL OF INFORMATION SYSTEMS AUDIT', 'TESTING AND AUTOMATION REST API', 'ADVANCED DATABASE MANAGEMENT SYSTEM', 'ADVANCED DATABASE MANAGEMENT SYSTEM LAB', 'FUNDAMENTAL OF INFORMATION SYSTEMS AUDIT', 'DEVOPS', 'WEB TECHNOLOGIES DEVELOPMENT USING PHP', 'WEB TECHNOLOGIES DEVELOPMENT USING PHP', 'DEVOPS', 'ADVANCED DATABASE MANAGEMENT SYSTEM', 'WEB TECHNOLOGIES DEVELOPMENT USING PHP LAB', 'WEB TECHNOLOGIES DEVELOPMENT USING PHP', 'ADVANCED DATABASE MANAGEMENT SYSTEM LAB', 'FUNDAMENTAL OF INFORMATION SYSTEMS AUDIT', 'DEVOPS', 'DEVOPS LAB', 'WEB TECHNOLOGIES DEVELOPMENT USING PHP', 'TESTING AND AUTOMATION REST API', 'TESTING AND AUTOMATION REST API', 'TESTING AND AUTOMATION REST API LAB', 'ADVANCED DATABASE MANAGEMENT SYSTEM', 'ADVANCED DATABASE MANAGEMENT SYSTEM', 'ADVANCED DATABASE MANAGEMENT SYSTEM', 'FUNDAMENTAL OF INFORMATION SYSTEMS AUDIT', 'TESTING AND AUTOMATION REST API']
[2025-02-28 12:47:20,282 ] 298 root - INFO - Creating timetable for MCA-2 on Monday
[2025-02-28 12:47:20,282 ] 307 root - INFO - st: 09:00:00, et: 16:00:00, rs: 12:00:00, re: 13:00:00, tl: 60, pl: 120
[2025-02-28 12:47:20,282 ] 470 root - INFO - time is over
[2025-02-28 12:47:20,283 ] 423 root - INFO - S.I. Shah is already booked for 14:00:00 on Monday. Finding a new teacher.
[2025-02-28 12:47:20,283 ] 298 root - INFO - Creating timetable for MCA-2 on Tuesday
[2025-02-28 12:47:20,283 ] 307 root - INFO - st: 09:00:00, et: 16:00:00, rs: 12:00:00, re: 13:00:00, tl: 60, pl: 120
[2025-02-28 12:47:20,284 ] 470 root - INFO - time is over
[2025-02-28 12:47:20,284 ] 423 root - INFO - V.P. Paul is already booked for 13:00:00 on Tuesday. Finding a new teacher.
[2025-02-28 12:47:20,284 ] 298 root - INFO - Creating timetable for MCA-2 on Wednesday
[2025-02-28 12:47:20,284 ] 307 root - INFO - st: 09:00:00, et: 16:00:00, rs: 12:00:00, re: 13:00:00, tl: 60, pl: 120
[2025-02-28 12:47:20,285 ] 423 root - INFO - S.I. Shah is already booked for 09:00:00 on Wednesday. Finding a new teacher.
[2025-02-28 12:47:20,285 ] 470 root - INFO - time is over
[2025-02-28 12:47:20,285 ] 298 root - INFO - Creating timetable for MCA-2 on Thursday
[2025-02-28 12:47:20,285 ] 307 root - INFO - st: 09:00:00, et: 16:00:00, rs: 12:00:00, re: 13:00:00, tl: 60, pl: 120
[2025-02-28 12:47:20,286 ] 423 root - INFO - S.I. Shah is already booked for 09:00:00 on Thursday. Finding a new teacher.
[2025-02-28 12:47:20,286 ] 423 root - INFO - S.K. Mishra is already booked for 10:00:00 on Thursday. Finding a new teacher.
[2025-02-28 12:47:20,286 ] 470 root - INFO - time is over
[2025-02-28 12:47:20,286 ] 423 root - INFO - R.S. Prajapati is already booked for 13:00:00 on Thursday. Finding a new teacher.
[2025-02-28 12:47:20,286 ] 423 root - INFO - V.P. Paul is already booked for 15:00:00 on Thursday. Finding a new teacher.
[2025-02-28 12:47:20,286 ] 298 root - INFO - Creating timetable for MCA-2 on Friday
[2025-02-28 12:47:20,286 ] 307 root - INFO - st: 09:00:00, et: 16:00:00, rs: 12:00:00, re: 13:00:00, tl: 60, pl: 120
[2025-02-28 12:47:20,287 ] 470 root - INFO - time is over
[2025-02-28 12:47:20,287 ] 423 root - INFO - D.G. Patel is already booked for 13:00:00 on Friday. Finding a new teacher.
[2025-02-28 12:47:20,287 ] 298 root - INFO - Creating timetable for MCA-2 on Saturday
[2025-02-28 12:47:20,287 ] 307 root - INFO - st: 09:00:00, et: 16:00:00, rs: 12:00:00, re: 13:00:00, tl: 60, pl: 120
[2025-02-28 12:47:20,287 ] 423 root - INFO - D.G. Patel is already booked for 10:00:00 on Saturday. Finding a new teacher.
[2025-02-28 12:47:20,287 ] 433 root - INFO - Both teachers unavailable for DEVOPS LAB on Saturday at 10:00:00. Skipping slot.
[2025-02-28 12:47:20,287 ] 502 root - INFO - Reloading 3 time timetable due to teacher unavailability
[2025-02-28 12:47:20,288 ] 283 root - INFO - Subject options: ['JAVA PROGRAMMING', 'PYTHON PROGRAMMING', 'DATABASE MANAGEMENT SYSTEM', 'FOUNDATIONS OF MATHEMATICS', 'LINUX FUNDAMENTAL WITH NETWORKING', 'JAVA PROGRAMMING LAB', 'PYTHON PROGRAMMING LAB', 'DATABASE MANAGEMENT SYSTEM LAB', 'LINUX FUNDAMENTAL WITH NETWORKING LAB']
[2025-02-28 12:47:20,288 ] 290 root - INFO - weighted_subjects: ['JAVA PROGRAMMING', 'JAVA PROGRAMMING', 'JAVA PROGRAMMING', 'JAVA PROGRAMMING', 'JAVA PROGRAMMING', 'PYTHON PROGRAMMING', 'PYTHON PROGRAMMING', 'PYTHON PROGRAMMING', 'PYTHON PROGRAMMING', 'PYTHON PROGRAMMING', 'PYTHON PROGRAMMING', 'DATABASE MANAGEMENT SYSTEM', 'DATABASE MANAGEMENT SYSTEM', 'DATABASE MANAGEMENT SYSTEM', 'DATABASE MANAGEMENT SYSTEM', 'FOUNDATIONS OF MATHEMATICS', 'FOUNDATIONS OF MATHEMATICS', 'FOUNDATIONS OF MATHEMATICS', 'FOUNDATIONS OF MATHEMATICS', 'LINUX FUNDAMENTAL WITH NETWORKING', 'LINUX FUNDAMENTAL WITH NETWORKING', 'LINUX FUNDAMENTAL WITH NETWORKING', 'LINUX FUNDAMENTAL WITH NETWORKING', 'LINUX FUNDAMENTAL WITH NETWORKING', 'JAVA PROGRAMMING LAB', 'JAVA PROGRAMMING LAB', 'PYTHON PROGRAMMING LAB', 'PYTHON PROGRAMMING LAB', 'DATABASE MANAGEMENT SYSTEM LAB', 'LINUX FUNDAMENTAL WITH NETWORKING LAB']
[2025-02-28 12:47:20,288 ] 293 root - INFO - weighted_subjects: ['DATABASE MANAGEMENT SYSTEM', 'PYTHON PROGRAMMING', 'PYTHON PROGRAMMING', 'LINUX FUNDAMENTAL WITH NETWORKING', 'JAVA PROGRAMMING', 'LINUX FUNDAMENTAL WITH NETWORKING', 'JAVA PROGRAMMING LAB', 'JAVA PROGRAMMING', 'JAVA PROGRAMMING', 'DATABASE MANAGEMENT SYSTEM', 'JAVA PROGRAMMING', 'DATABASE MANAGEMENT SYSTEM', 'PYTHON PROGRAMMING', 'FOUNDATIONS OF MATHEMATICS', 'FOUNDATIONS OF MATHEMATICS', 'LINUX FUNDAMENTAL WITH NETWORKING', 'LINUX FUNDAMENTAL WITH NETWORKING', 'JAVA PROGRAMMING', 'LINUX FUNDAMENTAL WITH NETWORKING LAB', 'DATABASE MANAGEMENT SYSTEM LAB', 'PYTHON PROGRAMMING', 'PYTHON PROGRAMMING LAB', 'LINUX FUNDAMENTAL WITH NETWORKING', 'FOUNDATIONS OF MATHEMATICS', 'FOUNDATIONS OF MATHEMATICS', 'PYTHON PROGRAMMING LAB', 'JAVA PROGRAMMING LAB', 'DATABASE MANAGEMENT SYSTEM', 'PYTHON PROGRAMMING', 'PYTHON PROGRAMMING']
[2025-02-28 12:47:20,288 ] 298 root - INFO - Creating timetable for MCA-1 on Monday
[2025-02-28 12:47:20,288 ] 307 root - INFO - st: 09:00:00, et: 16:00:00, rs: 12:00:00, re: 13:00:00, tl: 60, pl: 120
[2025-02-28 12:47:20,289 ] 298 root - INFO - Creating timetable for MCA-1 on Tuesday
[2025-02-28 12:47:20,289 ] 307 root - INFO - st: 09:00:00, et: 16:00:00, rs: 12:00:00, re: 13:00:00, tl: 60, pl: 120
[2025-02-28 12:47:20,289 ] 298 root - INFO - Creating timetable for MCA-1 on Wednesday
[2025-02-28 12:47:20,289 ] 307 root - INFO - st: 09:00:00, et: 16:00:00, rs: 12:00:00, re: 13:00:00, tl: 60, pl: 120
[2025-02-28 12:47:20,289 ] 298 root - INFO - Creating timetable for MCA-1 on Thursday
[2025-02-28 12:47:20,289 ] 307 root - INFO - st: 09:00:00, et: 16:00:00, rs: 12:00:00, re: 13:00:00, tl: 60, pl: 120
[2025-02-28 12:47:20,289 ] 298 root - INFO - Creating timetable for MCA-1 on Friday
[2025-02-28 12:47:20,290 ] 307 root - INFO - st: 09:00:00, et: 16:00:00, rs: 12:00:00, re: 13:00:00, tl: 60, pl: 120
[2025-02-28 12:47:20,290 ] 298 root - INFO - Creating timetable for MCA-1 on Saturday
[2025-02-28 12:47:20,290 ] 307 root - INFO - st: 09:00:00, et: 16:00:00, rs: 12:00:00, re: 13:00:00, tl: 60, pl: 120
[2025-02-28 12:47:20,290 ] 487 root - INFO - teacher workload: {'R.S. Prajapati': {'calculated_workload': 9, 'original_workload': 16, 'designation': 'Assistant Professor'}, 'V.P. Paul': {'calculated_workload': 12, 'original_workload': 19, 'designation': 'Assistant Professor'}, 'S.K. Mishra': {'calculated_workload': 2, 'original_workload': 9, 'designation': 'Professor'}, 'D.G. Patel': {'calculated_workload': 5, 'original_workload': 15, 'designation': 'Associate Professor'}, 'S.I. Shah': {'calculated_workload': 8, 'original_workload': 14, 'designation': 'Assistant Professor'}, 'H.K. Patel': {'calculated_workload': 0, 'original_workload': 9, 'designation': 'Professor'}, 'P.J. Jha': {'calculated_workload': 0, 'original_workload': 10, 'designation': 'Associate Professor'}, 'G.S. Desai': {'calculated_workload': 0, 'original_workload': 10, 'designation': 'Associate Professor'}, 'A.R. Rao': {'calculated_workload': 0, 'original_workload': 9, 'designation': 'Professor'}, 'P.K. Solanki': {'calculated_workload': 0, 'original_workload': 8, 'designation': 'Professor'}, 'J.P. Patel': {'calculated_workload': 0, 'original_workload': 13, 'designation': 'Associate Professor'}, 'H.K. Shrivastav': {'calculated_workload': 0, 'original_workload': 13, 'designation': 'Associate Professor'}}
[2025-02-28 12:47:20,290 ] 283 root - INFO - Subject options: ['ADVANCED DATABASE MANAGEMENT SYSTEM', 'WEB TECHNOLOGIES DEVELOPMENT USING PHP', 'DEVOPS', 'TESTING AND AUTOMATION REST API', 'FUNDAMENTAL OF INFORMATION SYSTEMS AUDIT', 'ADVANCED DATABASE MANAGEMENT SYSTEM LAB', 'WEB TECHNOLOGIES DEVELOPMENT USING PHP LAB', 'DEVOPS LAB', 'TESTING AND AUTOMATION REST API LAB', 'FUNDAMENTAL OF INFORMATION SYSTEMS AUDIT LAB']
[2025-02-28 12:47:20,290 ] 290 root - INFO - weighted_subjects: ['ADVANCED DATABASE MANAGEMENT SYSTEM', 'ADVANCED DATABASE MANAGEMENT SYSTEM', 'ADVANCED DATABASE MANAGEMENT SYSTEM', 'ADVANCED DATABASE MANAGEMENT SYSTEM', 'ADVANCED DATABASE MANAGEMENT SYSTEM', 'WEB TECHNOLOGIES DEVELOPMENT USING PHP', 'WEB TECHNOLOGIES DEVELOPMENT USING PHP', 'WEB TECHNOLOGIES DEVELOPMENT USING PHP', 'WEB TECHNOLOGIES DEVELOPMENT USING PHP', 'WEB TECHNOLOGIES DEVELOPMENT USING PHP', 'DEVOPS', 'DEVOPS', 'DEVOPS', 'DEVOPS', 'DEVOPS', 'TESTING AND AUTOMATION REST API', 'TESTING AND AUTOMATION REST API', 'TESTING AND AUTOMATION REST API', 'TESTING AND AUTOMATION REST API', 'FUNDAMENTAL OF INFORMATION SYSTEMS AUDIT', 'FUNDAMENTAL OF INFORMATION SYSTEMS AUDIT', 'FUNDAMENTAL OF INFORMATION SYSTEMS AUDIT', 'FUNDAMENTAL OF INFORMATION SYSTEMS AUDIT', 'FUNDAMENTAL OF INFORMATION SYSTEMS AUDIT', 'ADVANCED DATABASE MANAGEMENT SYSTEM LAB', 'ADVANCED DATABASE MANAGEMENT SYSTEM LAB', 'WEB TECHNOLOGIES DEVELOPMENT USING PHP LAB', 'DEVOPS LAB', 'TESTING AND AUTOMATION REST API LAB', 'FUNDAMENTAL OF INFORMATION SYSTEMS AUDIT LAB']
[2025-02-28 12:47:20,290 ] 293 root - INFO - weighted_subjects: ['FUNDAMENTAL OF INFORMATION SYSTEMS AUDIT', 'ADVANCED DATABASE MANAGEMENT SYSTEM', 'DEVOPS', 'FUNDAMENTAL OF INFORMATION SYSTEMS AUDIT', 'WEB TECHNOLOGIES DEVELOPMENT USING PHP', 'TESTING AND AUTOMATION REST API', 'ADVANCED DATABASE MANAGEMENT SYSTEM', 'WEB TECHNOLOGIES DEVELOPMENT USING PHP', 'DEVOPS', 'TESTING AND AUTOMATION REST API', 'FUNDAMENTAL OF INFORMATION SYSTEMS AUDIT', 'WEB TECHNOLOGIES DEVELOPMENT USING PHP', 'TESTING AND AUTOMATION REST API LAB', 'TESTING AND AUTOMATION REST API', 'ADVANCED DATABASE MANAGEMENT SYSTEM', 'ADVANCED DATABASE MANAGEMENT SYSTEM LAB', 'DEVOPS', 'DEVOPS', 'ADVANCED DATABASE MANAGEMENT SYSTEM', 'ADVANCED DATABASE MANAGEMENT SYSTEM', 'FUNDAMENTAL OF INFORMATION SYSTEMS AUDIT LAB', 'WEB TECHNOLOGIES DEVELOPMENT USING PHP LAB', 'DEVOPS LAB', 'ADVANCED DATABASE MANAGEMENT SYSTEM LAB', 'FUNDAMENTAL OF INFORMATION SYSTEMS AUDIT', 'WEB TECHNOLOGIES DEVELOPMENT USING PHP', 'DEVOPS', 'WEB TECHNOLOGIES DEVELOPMENT USING PHP', 'FUNDAMENTAL OF INFORMATION SYSTEMS AUDIT', 'TESTING AND AUTOMATION REST API']
[2025-02-28 12:47:20,290 ] 298 root - INFO - Creating timetable for MCA-2 on Monday
[2025-02-28 12:47:20,290 ] 307 root - INFO - st: 09:00:00, et: 16:00:00, rs: 12:00:00, re: 13:00:00, tl: 60, pl: 120
[2025-02-28 12:47:20,291 ] 470 root - INFO - time is over
[2025-02-28 12:47:20,291 ] 298 root - INFO - Creating timetable for MCA-2 on Tuesday
[2025-02-28 12:47:20,291 ] 307 root - INFO - st: 09:00:00, et: 16:00:00, rs: 12:00:00, re: 13:00:00, tl: 60, pl: 120
[2025-02-28 12:47:20,291 ] 423 root - INFO - R.S. Prajapati is already booked for 10:00:00 on Tuesday. Finding a new teacher.
[2025-02-28 12:47:20,291 ] 470 root - INFO - time is over
[2025-02-28 12:47:20,291 ] 423 root - INFO - R.S. Prajapati is already booked for 14:00:00 on Tuesday. Finding a new teacher.
[2025-02-28 12:47:20,291 ] 298 root - INFO - Creating timetable for MCA-2 on Wednesday
[2025-02-28 12:47:20,291 ] 307 root - INFO - st: 09:00:00, et: 16:00:00, rs: 12:00:00, re: 13:00:00, tl: 60, pl: 120
[2025-02-28 12:47:20,291 ] 470 root - INFO - time is over
[2025-02-28 12:47:20,291 ] 423 root - INFO - R.S. Prajapati is already booked for 13:00:00 on Wednesday. Finding a new teacher.
[2025-02-28 12:47:20,292 ] 423 root - INFO - R.S. Prajapati is already booked for 14:00:00 on Wednesday. Finding a new teacher.
[2025-02-28 12:47:20,292 ] 298 root - INFO - Creating timetable for MCA-2 on Thursday
[2025-02-28 12:47:20,292 ] 307 root - INFO - st: 09:00:00, et: 16:00:00, rs: 12:00:00, re: 13:00:00, tl: 60, pl: 120
[2025-02-28 12:47:20,292 ] 470 root - INFO - time is over
[2025-02-28 12:47:20,292 ] 423 root - INFO - D.G. Patel is already booked for 13:00:00 on Thursday. Finding a new teacher.
[2025-02-28 12:47:20,292 ] 298 root - INFO - Creating timetable for MCA-2 on Friday
[2025-02-28 12:47:20,292 ] 307 root - INFO - st: 09:00:00, et: 16:00:00, rs: 12:00:00, re: 13:00:00, tl: 60, pl: 120
[2025-02-28 12:47:20,292 ] 423 root - INFO - D.G. Patel is already booked for 09:00:00 on Friday. Finding a new teacher.
[2025-02-28 12:47:20,292 ] 470 root - INFO - time is over
[2025-02-28 12:47:20,292 ] 423 root - INFO - V.P. Paul is already booked for 15:00:00 on Friday. Finding a new teacher.
[2025-02-28 12:47:20,293 ] 298 root - INFO - Creating timetable for MCA-2 on Saturday
[2025-02-28 12:47:20,293 ] 307 root - INFO - st: 09:00:00, et: 16:00:00, rs: 12:00:00, re: 13:00:00, tl: 60, pl: 120
[2025-02-28 12:47:20,293 ] 470 root - INFO - time is over
[2025-02-28 12:47:20,293 ] 423 root - INFO - V.P. Paul is already booked for 13:00:00 on Saturday. Finding a new teacher.
[2025-02-28 12:47:20,293 ] 487 root - INFO - teacher workload: {'R.S. Prajapati': {'calculated_workload': 11, 'original_workload': 16, 'designation': 'Assistant Professor'}, 'V.P. Paul': {'calculated_workload': 20, 'original_workload': 19, 'designation': 'Assistant Professor'}, 'S.K. Mishra': {'calculated_workload': 11, 'original_workload': 9, 'designation': 'Professor'}, 'D.G. Patel': {'calculated_workload': 13, 'original_workload': 15, 'designation': 'Associate Professor'}, 'S.I. Shah': {'calculated_workload': 17, 'original_workload': 14, 'designation': 'Assistant Professor'}, 'H.K. Patel': {'calculated_workload': 0, 'original_workload': 9, 'designation': 'Professor'}, 'P.J. Jha': {'calculated_workload': 0, 'original_workload': 10, 'designation': 'Associate Professor'}, 'G.S. Desai': {'calculated_workload': 0, 'original_workload': 10, 'designation': 'Associate Professor'}, 'A.R. Rao': {'calculated_workload': 0, 'original_workload': 9, 'designation': 'Professor'}, 'P.K. Solanki': {'calculated_workload': 0, 'original_workload': 8, 'designation': 'Professor'}, 'J.P. Patel': {'calculated_workload': 0, 'original_workload': 13, 'designation': 'Associate Professor'}, 'H.K. Shrivastav': {'calculated_workload': 0, 'original_workload': 13, 'designation': 'Associate Professor'}}
[2025-02-28 12:47:20,293 ] 283 root - INFO - Subject options: ['PRINCIPLES OF MANAGEMENT', 'QUANTITATIVE TECHNIQUES IN MANAGEMENT', 'MANAGERIAL ECONOMICS', 'MANAGERIAL ACCOUNTING', 'ORGANISATIONAL BEHAVIOUR', 'MANAGERIAL COMMUNICATION', 'RESEARCH DESIGN FOR MANAGEMENT', 'COMMUNICATIVE ENGLISH LABORATORY', 'RESEARCH DESIGN LABORATORY']
[2025-02-28 12:47:20,293 ] 290 root - INFO - weighted_subjects: ['PRINCIPLES OF MANAGEMENT', 'PRINCIPLES OF MANAGEMENT', 'PRINCIPLES OF MANAGEMENT', 'PRINCIPLES OF MANAGEMENT', 'QUANTITATIVE TECHNIQUES IN MANAGEMENT', 'QUANTITATIVE TECHNIQUES IN MANAGEMENT', 'QUANTITATIVE TECHNIQUES IN MANAGEMENT', 'QUANTITATIVE TECHNIQUES IN MANAGEMENT', 'QUANTITATIVE TECHNIQUES IN MANAGEMENT', 'MANAGERIAL ECONOMICS', 'MANAGERIAL ECONOMICS', 'MANAGERIAL ECONOMICS', 'MANAGERIAL ECONOMICS', 'MANAGERIAL ACCOUNTING', 'MANAGERIAL ACCOUNTING', 'MANAGERIAL ACCOUNTING', 'ORGANISATIONAL BEHAVIOUR', 'ORGANISATIONAL BEHAVIOUR', 'MANAGERIAL COMMUNICATION', 'MANAGERIAL COMMUNICATION', 'MANAGERIAL COMMUNICATION', 'MANAGERIAL COMMUNICATION', 'MANAGERIAL COMMUNICATION', 'RESEARCH DESIGN FOR MANAGEMENT', 'RESEARCH DESIGN FOR MANAGEMENT', 'RESEARCH DESIGN FOR MANAGEMENT', 'RESEARCH DESIGN FOR MANAGEMENT', 'RESEARCH DESIGN FOR MANAGEMENT', 'COMMUNICATIVE ENGLISH LABORATORY', 'COMMUNICATIVE ENGLISH LABORATORY', 'RESEARCH DESIGN LABORATORY', 'RESEARCH DESIGN LABORATORY']
[2025-02-28 12:47:20,293 ] 293 root - INFO - weighted_subjects: ['MANAGERIAL ACCOUNTING', 'MANAGERIAL COMMUNICATION', 'QUANTITATIVE TECHNIQUES IN MANAGEMENT', 'RESEARCH DESIGN FOR MANAGEMENT', 'RESEARCH DESIGN FOR MANAGEMENT', 'MANAGERIAL ECONOMICS', 'ORGANISATIONAL BEHAVIOUR', 'QUANTITATIVE TECHNIQUES IN MANAGEMENT', 'MANAGERIAL ACCOUNTING', 'PRINCIPLES OF MANAGEMENT', 'PRINCIPLES OF MANAGEMENT', 'MANAGERIAL ACCOUNTING', 'RESEARCH DESIGN LABORATORY', 'PRINCIPLES OF MANAGEMENT', 'MANAGERIAL COMMUNICATION', 'MANAGERIAL COMMUNICATION', 'RESEARCH DESIGN FOR MANAGEMENT', 'QUANTITATIVE TECHNIQUES IN MANAGEMENT', 'MANAGERIAL ECONOMICS', 'ORGANISATIONAL BEHAVIOUR', 'COMMUNICATIVE ENGLISH LABORATORY', 'RESEARCH DESIGN LABORATORY', 'COMMUNICATIVE ENGLISH LABORATORY', 'MANAGERIAL COMMUNICATION', 'QUANTITATIVE TECHNIQUES IN MANAGEMENT', 'PRINCIPLES OF MANAGEMENT', 'MANAGERIAL ECONOMICS', 'MANAGERIAL ECONOMICS', 'RESEARCH DESIGN FOR MANAGEMENT', 'QUANTITATIVE TECHNIQUES IN MANAGEMENT', 'RESEARCH DESIGN FOR MANAGEMENT', 'MANAGERIAL COMMUNICATION']
[2025-02-28 12:47:20,293 ] 298 root - INFO - Creating timetable for MBA-1 on Monday
[2025-02-28 12:47:20,293 ] 307 root - INFO - st: 08:00:00, et: 15:00:00, rs: 11:00:00, re: 12:00:00, tl: 60, pl: 120
[2025-02-28 12:47:20,293 ] 298 root - INFO - Creating timetable for MBA-1 on Tuesday
[2025-02-28 12:47:20,294 ] 307 root - INFO - st: 08:00:00, et: 15:00:00, rs: 11:00:00, re: 12:00:00, tl: 60, pl: 120
[2025-02-28 12:47:20,294 ] 298 root - INFO - Creating timetable for MBA-1 on Wednesday
[2025-02-28 12:47:20,294 ] 307 root - INFO - st: 08:00:00, et: 15:00:00, rs: 11:00:00, re: 12:00:00, tl: 60, pl: 120
[2025-02-28 12:47:20,294 ] 298 root - INFO - Creating timetable for MBA-1 on Thursday
[2025-02-28 12:47:20,294 ] 307 root - INFO - st: 08:00:00, et: 15:00:00, rs: 11:00:00, re: 12:00:00, tl: 60, pl: 120
[2025-02-28 12:47:20,294 ] 298 root - INFO - Creating timetable for MBA-1 on Friday
[2025-02-28 12:47:20,294 ] 307 root - INFO - st: 08:00:00, et: 15:00:00, rs: 11:00:00, re: 12:00:00, tl: 60, pl: 120
[2025-02-28 12:47:20,294 ] 365 root - INFO - No practical subjects available for the first session. Falling back to theory subjects.
[2025-02-28 12:47:20,295 ] 298 root - INFO - Creating timetable for MBA-1 on Saturday
[2025-02-28 12:47:20,295 ] 307 root - INFO - st: 08:00:00, et: 15:00:00, rs: 11:00:00, re: 12:00:00, tl: 60, pl: 120
[2025-02-28 12:47:20,295 ] 365 root - INFO - No practical subjects available for the first session. Falling back to theory subjects.
[2025-02-28 12:47:20,295 ] 487 root - INFO - teacher workload: {'R.S. Prajapati': {'calculated_workload': 11, 'original_workload': 16, 'designation': 'Assistant Professor'}, 'V.P. Paul': {'calculated_workload': 20, 'original_workload': 19, 'designation': 'Assistant Professor'}, 'S.K. Mishra': {'calculated_workload': 11, 'original_workload': 9, 'designation': 'Professor'}, 'D.G. Patel': {'calculated_workload': 13, 'original_workload': 15, 'designation': 'Associate Professor'}, 'S.I. Shah': {'calculated_workload': 17, 'original_workload': 14, 'designation': 'Assistant Professor'}, 'H.K. Patel': {'calculated_workload': 3, 'original_workload': 9, 'designation': 'Professor'}, 'P.J. Jha': {'calculated_workload': 5, 'original_workload': 10, 'designation': 'Associate Professor'}, 'G.S. Desai': {'calculated_workload': 6, 'original_workload': 10, 'designation': 'Associate Professor'}, 'A.R. Rao': {'calculated_workload': 3, 'original_workload': 9, 'designation': 'Professor'}, 'P.K. Solanki': {'calculated_workload': 3, 'original_workload': 8, 'designation': 'Professor'}, 'J.P. Patel': {'calculated_workload': 8, 'original_workload': 13, 'designation': 'Associate Professor'}, 'H.K. Shrivastav': {'calculated_workload': 8, 'original_workload': 13, 'designation': 'Associate Professor'}}
[2025-02-28 12:47:20,295 ] 283 root - INFO - Subject options: ['STRATEGIC MANAGEMENT', 'FUNDAMENTALS OF ENTERPRISE RESOURCE PLANNING', 'PERSONALITY GROWTH LAB', 'INTERNATIONAL MARKETING MANAGEMENT', 'DIGITAL AND SOCIAL MEDIA MARKETING', 'CONSUMER BEHAVIOUR IN THE DIGITAL AGE', 'INTEGRATED MARKETING COMMUNICATIONS', 'SALES AND DISTRIBUTION MANAGEMENT', 'MARKETING METRICS']
[2025-02-28 12:47:20,295 ] 290 root - INFO - weighted_subjects: ['STRATEGIC MANAGEMENT', 'STRATEGIC MANAGEMENT', 'STRATEGIC MANAGEMENT', 'STRATEGIC MANAGEMENT', 'FUNDAMENTALS OF ENTERPRISE RESOURCE PLANNING', 'FUNDAMENTALS OF ENTERPRISE RESOURCE PLANNING', 'FUNDAMENTALS OF ENTERPRISE RESOURCE PLANNING', 'FUNDAMENTALS OF ENTERPRISE RESOURCE PLANNING', 'PERSONALITY GROWTH LAB', 'PERSONALITY GROWTH LAB', 'PERSONALITY GROWTH LAB', 'PERSONALITY GROWTH LAB', 'INTERNATIONAL MARKETING MANAGEMENT', 'INTERNATIONAL MARKETING MANAGEMENT', 'INTERNATIONAL MARKETING MANAGEMENT', 'INTERNATIONAL MARKETING MANAGEMENT', 'DIGITAL AND SOCIAL MEDIA MARKETING', 'DIGITAL AND SOCIAL MEDIA MARKETING', 'DIGITAL AND SOCIAL MEDIA MARKETING', 'DIGITAL AND SOCIAL MEDIA MARKETING', 'CONSUMER BEHAVIOUR IN THE DIGITAL AGE', 'CONSUMER BEHAVIOUR IN THE DIGITAL AGE', 'CONSUMER BEHAVIOUR IN THE DIGITAL AGE', 'CONSUMER BEHAVIOUR IN THE DIGITAL AGE', 'INTEGRATED MARKETING COMMUNICATIONS', 'INTEGRATED MARKETING COMMUNICATIONS', 'INTEGRATED MARKETING COMMUNICATIONS', 'INTEGRATED MARKETING COMMUNICATIONS', 'SALES AND DISTRIBUTION MANAGEMENT', 'SALES AND DISTRIBUTION MANAGEMENT', 'SALES AND DISTRIBUTION MANAGEMENT', 'SALES AND DISTRIBUTION MANAGEMENT', 'MARKETING METRICS', 'MARKETING METRICS', 'MARKETING METRICS', 'MARKETING METRICS']
[2025-02-28 12:47:20,295 ] 293 root - INFO - weighted_subjects: ['DIGITAL AND SOCIAL MEDIA MARKETING', 'FUNDAMENTALS OF ENTERPRISE RESOURCE PLANNING', 'INTEGRATED MARKETING COMMUNICATIONS', 'SALES AND DISTRIBUTION MANAGEMENT', 'INTEGRATED MARKETING COMMUNICATIONS', 'CONSUMER BEHAVIOUR IN THE DIGITAL AGE', 'FUNDAMENTALS OF ENTERPRISE RESOURCE PLANNING', 'CONSUMER BEHAVIOUR IN THE DIGITAL AGE', 'MARKETING METRICS', 'MARKETING METRICS', 'SALES AND DISTRIBUTION MANAGEMENT', 'PERSONALITY GROWTH LAB', 'CONSUMER BEHAVIOUR IN THE DIGITAL AGE', 'INTERNATIONAL MARKETING MANAGEMENT', 'STRATEGIC MANAGEMENT', 'PERSONALITY GROWTH LAB', 'STRATEGIC MANAGEMENT', 'STRATEGIC MANAGEMENT', 'FUNDAMENTALS OF ENTERPRISE RESOURCE PLANNING', 'INTEGRATED MARKETING COMMUNICATIONS', 'CONSUMER BEHAVIOUR IN THE DIGITAL AGE', 'INTERNATIONAL MARKETING MANAGEMENT', 'DIGITAL AND SOCIAL MEDIA MARKETING', 'STRATEGIC MANAGEMENT', 'DIGITAL AND SOCIAL MEDIA MARKETING', 'PERSONALITY GROWTH LAB', 'SALES AND DISTRIBUTION MANAGEMENT', 'PERSONALITY GROWTH LAB', 'DIGITAL AND SOCIAL MEDIA MARKETING', 'MARKETING METRICS', 'INTERNATIONAL MARKETING MANAGEMENT', 'INTERNATIONAL MARKETING MANAGEMENT', 'FUNDAMENTALS OF ENTERPRISE RESOURCE PLANNING', 'INTEGRATED MARKETING COMMUNICATIONS', 'MARKETING METRICS', 'SALES AND DISTRIBUTION MANAGEMENT']
[2025-02-28 12:47:20,295 ] 298 root - INFO - Creating timetable for MBA-2 on Monday
[2025-02-28 12:47:20,295 ] 307 root - INFO - st: 08:00:00, et: 15:00:00, rs: 11:00:00, re: 12:00:00, tl: 60, pl: 120
[2025-02-28 12:47:20,296 ] 354 root - INFO - No practical subjects available for the last session. Falling back to theory subjects.
[2025-02-28 12:47:20,296 ] 423 root - INFO - J.P. Patel is already booked for 13:00:00 on Monday. Finding a new teacher.
[2025-02-28 12:47:20,296 ] 298 root - INFO - Creating timetable for MBA-2 on Tuesday
[2025-02-28 12:47:20,296 ] 307 root - INFO - st: 08:00:00, et: 15:00:00, rs: 11:00:00, re: 12:00:00, tl: 60, pl: 120
[2025-02-28 12:47:20,296 ] 354 root - INFO - No practical subjects available for the last session. Falling back to theory subjects.
[2025-02-28 12:47:20,296 ] 423 root - INFO - H.K. Patel is already booked for 09:00:00 on Tuesday. Finding a new teacher.
[2025-02-28 12:47:20,296 ] 423 root - INFO - H.K. Shrivastav is already booked for 13:00:00 on Tuesday. Finding a new teacher.
[2025-02-28 12:47:20,296 ] 298 root - INFO - Creating timetable for MBA-2 on Wednesday
[2025-02-28 12:47:20,296 ] 307 root - INFO - st: 08:00:00, et: 15:00:00, rs: 11:00:00, re: 12:00:00, tl: 60, pl: 120
[2025-02-28 12:47:20,296 ] 354 root - INFO - No practical subjects available for the last session. Falling back to theory subjects.
[2025-02-28 12:47:20,297 ] 298 root - INFO - Creating timetable for MBA-2 on Thursday
[2025-02-28 12:47:20,297 ] 307 root - INFO - st: 08:00:00, et: 15:00:00, rs: 11:00:00, re: 12:00:00, tl: 60, pl: 120
[2025-02-28 12:47:20,297 ] 423 root - INFO - P.K. Solanki is already booked for 08:00:00 on Thursday. Finding a new teacher.
[2025-02-28 12:47:20,297 ] 354 root - INFO - No practical subjects available for the last session. Falling back to theory subjects.
[2025-02-28 12:47:20,297 ] 423 root - INFO - J.P. Patel is already booked for 10:00:00 on Thursday. Finding a new teacher.
[2025-02-28 12:47:20,297 ] 298 root - INFO - Creating timetable for MBA-2 on Friday
[2025-02-28 12:47:20,297 ] 307 root - INFO - st: 08:00:00, et: 15:00:00, rs: 11:00:00, re: 12:00:00, tl: 60, pl: 120
[2025-02-28 12:47:20,297 ] 354 root - INFO - No practical subjects available for the last session. Falling back to theory subjects.
[2025-02-28 12:47:20,297 ] 423 root - INFO - G.S. Desai is already booked for 09:00:00 on Friday. Finding a new teacher.
[2025-02-28 12:47:20,298 ] 298 root - INFO - Creating timetable for MBA-2 on Saturday
[2025-02-28 12:47:20,298 ] 307 root - INFO - st: 08:00:00, et: 15:00:00, rs: 11:00:00, re: 12:00:00, tl: 60, pl: 120
[2025-02-28 12:47:20,298 ] 354 root - INFO - No practical subjects available for the last session. Falling back to theory subjects.
[2025-02-28 12:47:20,298 ] 423 root - INFO - H.K. Shrivastav is already booked for 12:00:00 on Saturday. Finding a new teacher.
[2025-02-28 12:47:20,298 ] 487 root - INFO - teacher workload: {'R.S. Prajapati': {'calculated_workload': 11, 'original_workload': 16, 'designation': 'Assistant Professor'}, 'V.P. Paul': {'calculated_workload': 20, 'original_workload': 19, 'designation': 'Assistant Professor'}, 'S.K. Mishra': {'calculated_workload': 11, 'original_workload': 9, 'designation': 'Professor'}, 'D.G. Patel': {'calculated_workload': 13, 'original_workload': 15, 'designation': 'Associate Professor'}, 'S.I. Shah': {'calculated_workload': 17, 'original_workload': 14, 'designation': 'Assistant Professor'}, 'H.K. Patel': {'calculated_workload': 8, 'original_workload': 9, 'designation': 'Professor'}, 'P.J. Jha': {'calculated_workload': 13, 'original_workload': 10, 'designation': 'Associate Professor'}, 'G.S. Desai': {'calculated_workload': 12, 'original_workload': 10, 'designation': 'Associate Professor'}, 'A.R. Rao': {'calculated_workload': 8, 'original_workload': 9, 'designation': 'Professor'}, 'P.K. Solanki': {'calculated_workload': 8, 'original_workload': 8, 'designation': 'Professor'}, 'J.P. Patel': {'calculated_workload': 13, 'original_workload': 13, 'designation': 'Associate Professor'}, 'H.K. Shrivastav': {'calculated_workload': 10, 'original_workload': 13, 'designation': 'Associate Professor'}}
[2025-02-28 12:47:20,299 ] 97 werkzeug - INFO - 127.0.0.1 - - [28/Feb/2025 12:47:20] "[32mPOST /upload HTTP/1.1[0m" 302 -
[2025-02-28 12:47:20,320 ] 97 werkzeug - INFO - 127.0.0.1 - - [28/Feb/2025 12:47:20] "GET /index HTTP/1.1" 200 -
[2025-02-28 12:47:20,399 ] 97 werkzeug - INFO - 127.0.0.1 - - [28/Feb/2025 12:47:20] "GET /static/images/MCA-2.jpg HTTP/1.1" 200 -
[2025-02-28 12:47:20,402 ] 97 werkzeug - INFO - 127.0.0.1 - - [28/Feb/2025 12:47:20] "GET /static/images/MBA-1.jpg HTTP/1.1" 200 -
[2025-02-28 12:47:20,406 ] 97 werkzeug - INFO - 127.0.0.1 - - [28/Feb/2025 12:47:20] "GET /static/images/MCA-1.jpg HTTP/1.1" 200 -
[2025-02-28 12:47:20,421 ] 97 werkzeug - INFO - 127.0.0.1 - - [28/Feb/2025 12:47:20] "GET /static/images/MBA-2.jpg HTTP/1.1" 200 -
[2025-02-28 12:47:28,117 ] 97 werkzeug - INFO - 127.0.0.1 - - [28/Feb/2025 12:47:28] "POST /get_timetable HTTP/1.1" 200 -
[2025-02-28 12:47:36,277 ] 97 werkzeug - INFO - 127.0.0.1 - - [28/Feb/2025 12:47:36] "GET /teacher-workload HTTP/1.1" 200 -
[2025-02-28 12:47:43,509 ] 97 werkzeug - INFO - 127.0.0.1 - - [28/Feb/2025 12:47:43] "GET /upload HTTP/1.1" 200 -
