[2025-03-05 10:54:21,157 ] 97 werkzeug - WARNING -  * Debugger is active!
[2025-03-05 10:54:21,162 ] 97 werkzeug - INFO -  * Debugger PIN: 120-078-649
[2025-03-05 10:54:25,864 ] 97 werkzeug - INFO - 127.0.0.1 - - [05/Mar/2025 10:54:25] "GET / HTTP/1.1" 200 -
[2025-03-05 10:54:25,980 ] 97 werkzeug - INFO - 127.0.0.1 - - [05/Mar/2025 10:54:25] "[36mGET /static/images/pexels-jplenio-1103970.jpg HTTP/1.1[0m" 304 -
[2025-03-05 10:54:26,921 ] 97 werkzeug - INFO - 127.0.0.1 - - [05/Mar/2025 10:54:26] "[33mGET /favicon.ico HTTP/1.1[0m" 404 -
[2025-03-05 10:54:38,091 ] 97 werkzeug - INFO - 127.0.0.1 - - [05/Mar/2025 10:54:38] "[32mPOST /authenticate HTTP/1.1[0m" 302 -
[2025-03-05 10:54:38,138 ] 97 werkzeug - INFO - 127.0.0.1 - - [05/Mar/2025 10:54:38] "GET /upload HTTP/1.1" 200 -
[2025-03-05 10:54:38,174 ] 97 werkzeug - INFO - 127.0.0.1 - - [05/Mar/2025 10:54:38] "[36mGET /static/images/pexels-jplenio-1103970.jpg HTTP/1.1[0m" 304 -
[2025-03-05 10:54:57,227 ] 283 root - INFO - Subject options: ['JAVA PROGRAMMING', 'PYTHON PROGRAMMING', 'DATABASE MANAGEMENT SYSTEM', 'FOUNDATIONS OF MATHEMATICS', 'LINUX FUNDAMENTAL WITH NETWORKING', 'JAVA PROGRAMMING LAB', 'PYTHON PROGRAMMING LAB', 'DATABASE MANAGEMENT SYSTEM LAB', 'LINUX FUNDAMENTAL WITH NETWORKING LAB']
[2025-03-05 10:54:57,227 ] 290 root - INFO - weighted_subjects: ['JAVA PROGRAMMING', 'JAVA PROGRAMMING', 'JAVA PROGRAMMING', 'JAVA PROGRAMMING', 'JAVA PROGRAMMING', 'PYTHON PROGRAMMING', 'PYTHON PROGRAMMING', 'PYTHON PROGRAMMING', 'PYTHON PROGRAMMING', 'PYTHON PROGRAMMING', 'PYTHON PROGRAMMING', 'DATABASE MANAGEMENT SYSTEM', 'DATABASE MANAGEMENT SYSTEM', 'DATABASE MANAGEMENT SYSTEM', 'DATABASE MANAGEMENT SYSTEM', 'FOUNDATIONS OF MATHEMATICS', 'FOUNDATIONS OF MATHEMATICS', 'FOUNDATIONS OF MATHEMATICS', 'FOUNDATIONS OF MATHEMATICS', 'LINUX FUNDAMENTAL WITH NETWORKING', 'LINUX FUNDAMENTAL WITH NETWORKING', 'LINUX FUNDAMENTAL WITH NETWORKING', 'LINUX FUNDAMENTAL WITH NETWORKING', 'LINUX FUNDAMENTAL WITH NETWORKING', 'JAVA PROGRAMMING LAB', 'JAVA PROGRAMMING LAB', 'PYTHON PROGRAMMING LAB', 'PYTHON PROGRAMMING LAB', 'DATABASE MANAGEMENT SYSTEM LAB', 'LINUX FUNDAMENTAL WITH NETWORKING LAB']
[2025-03-05 10:54:57,228 ] 293 root - INFO - weighted_subjects: ['DATABASE MANAGEMENT SYSTEM', 'FOUNDATIONS OF MATHEMATICS', 'PYTHON PROGRAMMING', 'PYTHON PROGRAMMING', 'PYTHON PROGRAMMING', 'PYTHON PROGRAMMING', 'FOUNDATIONS OF MATHEMATICS', 'JAVA PROGRAMMING', 'JAVA PROGRAMMING', 'LINUX FUNDAMENTAL WITH NETWORKING', 'JAVA PROGRAMMING', 'LINUX FUNDAMENTAL WITH NETWORKING', 'DATABASE MANAGEMENT SYSTEM', 'DATABASE MANAGEMENT SYSTEM LAB', 'JAVA PROGRAMMING', 'DATABASE MANAGEMENT SYSTEM', 'PYTHON PROGRAMMING', 'FOUNDATIONS OF MATHEMATICS', 'LINUX FUNDAMENTAL WITH NETWORKING', 'FOUNDATIONS OF MATHEMATICS', 'JAVA PROGRAMMING', 'DATABASE MANAGEMENT SYSTEM', 'PYTHON PROGRAMMING LAB', 'LINUX FUNDAMENTAL WITH NETWORKING LAB', 'LINUX FUNDAMENTAL WITH NETWORKING', 'PYTHON PROGRAMMING LAB', 'PYTHON PROGRAMMING', 'LINUX FUNDAMENTAL WITH NETWORKING', 'JAVA PROGRAMMING LAB', 'JAVA PROGRAMMING LAB']
[2025-03-05 10:54:57,228 ] 298 root - INFO - Creating timetable for MCA-1 on Monday
[2025-03-05 10:54:57,228 ] 307 root - INFO - st: 09:00:00, et: 16:00:00, rs: 12:00:00, re: 13:00:00, tl: 60, pl: 120
[2025-03-05 10:54:57,229 ] 298 root - INFO - Creating timetable for MCA-1 on Tuesday
[2025-03-05 10:54:57,229 ] 307 root - INFO - st: 09:00:00, et: 16:00:00, rs: 12:00:00, re: 13:00:00, tl: 60, pl: 120
[2025-03-05 10:54:57,229 ] 298 root - INFO - Creating timetable for MCA-1 on Wednesday
[2025-03-05 10:54:57,229 ] 307 root - INFO - st: 09:00:00, et: 16:00:00, rs: 12:00:00, re: 13:00:00, tl: 60, pl: 120
[2025-03-05 10:54:57,230 ] 298 root - INFO - Creating timetable for MCA-1 on Thursday
[2025-03-05 10:54:57,230 ] 307 root - INFO - st: 09:00:00, et: 16:00:00, rs: 12:00:00, re: 13:00:00, tl: 60, pl: 120
[2025-03-05 10:54:57,230 ] 298 root - INFO - Creating timetable for MCA-1 on Friday
[2025-03-05 10:54:57,230 ] 307 root - INFO - st: 09:00:00, et: 16:00:00, rs: 12:00:00, re: 13:00:00, tl: 60, pl: 120
[2025-03-05 10:54:57,231 ] 298 root - INFO - Creating timetable for MCA-1 on Saturday
[2025-03-05 10:54:57,231 ] 307 root - INFO - st: 09:00:00, et: 16:00:00, rs: 12:00:00, re: 13:00:00, tl: 60, pl: 120
[2025-03-05 10:54:57,232 ] 487 root - INFO - teacher workload: {'R.S. Prajapati': {'calculated_workload': 10, 'original_workload': 16, 'designation': 'Assistant Professor'}, 'V.P. Paul': {'calculated_workload': 10, 'original_workload': 19, 'designation': 'Assistant Professor'}, 'S.K. Mishra': {'calculated_workload': 3, 'original_workload': 9, 'designation': 'Professor'}, 'D.G. Patel': {'calculated_workload': 1, 'original_workload': 15, 'designation': 'Associate Professor'}, 'S.I. Shah': {'calculated_workload': 12, 'original_workload': 14, 'designation': 'Assistant Professor'}, 'H.K. Patel': {'calculated_workload': 0, 'original_workload': 9, 'designation': 'Professor'}, 'P.J. Jha': {'calculated_workload': 0, 'original_workload': 10, 'designation': 'Associate Professor'}, 'G.S. Desai': {'calculated_workload': 0, 'original_workload': 10, 'designation': 'Associate Professor'}, 'A.R. Rao': {'calculated_workload': 0, 'original_workload': 9, 'designation': 'Professor'}, 'P.K. Solanki': {'calculated_workload': 0, 'original_workload': 8, 'designation': 'Professor'}, 'J.P. Patel': {'calculated_workload': 0, 'original_workload': 13, 'designation': 'Associate Professor'}, 'H.K. Shrivastav': {'calculated_workload': 0, 'original_workload': 13, 'designation': 'Associate Professor'}}
[2025-03-05 10:54:57,232 ] 283 root - INFO - Subject options: ['ADVANCED DATABASE MANAGEMENT SYSTEM', 'WEB TECHNOLOGIES DEVELOPMENT USING PHP', 'DEVOPS', 'TESTING AND AUTOMATION REST API', 'FUNDAMENTAL OF INFORMATION SYSTEMS AUDIT', 'ADVANCED DATABASE MANAGEMENT SYSTEM LAB', 'WEB TECHNOLOGIES DEVELOPMENT USING PHP LAB', 'DEVOPS LAB', 'TESTING AND AUTOMATION REST API LAB', 'FUNDAMENTAL OF INFORMATION SYSTEMS AUDIT LAB']
[2025-03-05 10:54:57,232 ] 290 root - INFO - weighted_subjects: ['ADVANCED DATABASE MANAGEMENT SYSTEM', 'ADVANCED DATABASE MANAGEMENT SYSTEM', 'ADVANCED DATABASE MANAGEMENT SYSTEM', 'ADVANCED DATABASE MANAGEMENT SYSTEM', 'ADVANCED DATABASE MANAGEMENT SYSTEM', 'WEB TECHNOLOGIES DEVELOPMENT USING PHP', 'WEB TECHNOLOGIES DEVELOPMENT USING PHP', 'WEB TECHNOLOGIES DEVELOPMENT USING PHP', 'WEB TECHNOLOGIES DEVELOPMENT USING PHP', 'WEB TECHNOLOGIES DEVELOPMENT USING PHP', 'DEVOPS', 'DEVOPS', 'DEVOPS', 'DEVOPS', 'DEVOPS', 'TESTING AND AUTOMATION REST API', 'TESTING AND AUTOMATION REST API', 'TESTING AND AUTOMATION REST API', 'TESTING AND AUTOMATION REST API', 'FUNDAMENTAL OF INFORMATION SYSTEMS AUDIT', 'FUNDAMENTAL OF INFORMATION SYSTEMS AUDIT', 'FUNDAMENTAL OF INFORMATION SYSTEMS AUDIT', 'FUNDAMENTAL OF INFORMATION SYSTEMS AUDIT', 'FUNDAMENTAL OF INFORMATION SYSTEMS AUDIT', 'ADVANCED DATABASE MANAGEMENT SYSTEM LAB', 'ADVANCED DATABASE MANAGEMENT SYSTEM LAB', 'WEB TECHNOLOGIES DEVELOPMENT USING PHP LAB', 'DEVOPS LAB', 'TESTING AND AUTOMATION REST API LAB', 'FUNDAMENTAL OF INFORMATION SYSTEMS AUDIT LAB']
[2025-03-05 10:54:57,232 ] 293 root - INFO - weighted_subjects: ['FUNDAMENTAL OF INFORMATION SYSTEMS AUDIT', 'TESTING AND AUTOMATION REST API LAB', 'WEB TECHNOLOGIES DEVELOPMENT USING PHP', 'TESTING AND AUTOMATION REST API', 'DEVOPS', 'DEVOPS LAB', 'TESTING AND AUTOMATION REST API', 'FUNDAMENTAL OF INFORMATION SYSTEMS AUDIT', 'ADVANCED DATABASE MANAGEMENT SYSTEM', 'FUNDAMENTAL OF INFORMATION SYSTEMS AUDIT', 'DEVOPS', 'FUNDAMENTAL OF INFORMATION SYSTEMS AUDIT', 'ADVANCED DATABASE MANAGEMENT SYSTEM LAB', 'TESTING AND AUTOMATION REST API', 'ADVANCED DATABASE MANAGEMENT SYSTEM LAB', 'WEB TECHNOLOGIES DEVELOPMENT USING PHP', 'TESTING AND AUTOMATION REST API', 'DEVOPS', 'ADVANCED DATABASE MANAGEMENT SYSTEM', 'WEB TECHNOLOGIES DEVELOPMENT USING PHP LAB', 'WEB TECHNOLOGIES DEVELOPMENT USING PHP', 'WEB TECHNOLOGIES DEVELOPMENT USING PHP', 'DEVOPS', 'WEB TECHNOLOGIES DEVELOPMENT USING PHP', 'FUNDAMENTAL OF INFORMATION SYSTEMS AUDIT LAB', 'ADVANCED DATABASE MANAGEMENT SYSTEM', 'FUNDAMENTAL OF INFORMATION SYSTEMS AUDIT', 'ADVANCED DATABASE MANAGEMENT SYSTEM', 'ADVANCED DATABASE MANAGEMENT SYSTEM', 'DEVOPS']
[2025-03-05 10:54:57,232 ] 298 root - INFO - Creating timetable for MCA-2 on Monday
[2025-03-05 10:54:57,232 ] 307 root - INFO - st: 09:00:00, et: 16:00:00, rs: 12:00:00, re: 13:00:00, tl: 60, pl: 120
[2025-03-05 10:54:57,233 ] 423 root - INFO - V.P. Paul is already booked for 09:00:00 on Monday. Finding a new teacher.
[2025-03-05 10:54:57,233 ] 423 root - INFO - R.S. Prajapati is already booked for 10:00:00 on Monday. Finding a new teacher.
[2025-03-05 10:54:57,233 ] 470 root - INFO - time is over
[2025-03-05 10:54:57,233 ] 298 root - INFO - Creating timetable for MCA-2 on Tuesday
[2025-03-05 10:54:57,233 ] 307 root - INFO - st: 09:00:00, et: 16:00:00, rs: 12:00:00, re: 13:00:00, tl: 60, pl: 120
[2025-03-05 10:54:57,234 ] 470 root - INFO - time is over
[2025-03-05 10:54:57,234 ] 298 root - INFO - Creating timetable for MCA-2 on Wednesday
[2025-03-05 10:54:57,234 ] 307 root - INFO - st: 09:00:00, et: 16:00:00, rs: 12:00:00, re: 13:00:00, tl: 60, pl: 120
[2025-03-05 10:54:57,234 ] 470 root - INFO - time is over
[2025-03-05 10:54:57,234 ] 298 root - INFO - Creating timetable for MCA-2 on Thursday
[2025-03-05 10:54:57,234 ] 307 root - INFO - st: 09:00:00, et: 16:00:00, rs: 12:00:00, re: 13:00:00, tl: 60, pl: 120
[2025-03-05 10:54:57,235 ] 423 root - INFO - R.S. Prajapati is already booked for 10:00:00 on Thursday. Finding a new teacher.
[2025-03-05 10:54:57,235 ] 470 root - INFO - time is over
[2025-03-05 10:54:57,235 ] 298 root - INFO - Creating timetable for MCA-2 on Friday
[2025-03-05 10:54:57,235 ] 307 root - INFO - st: 09:00:00, et: 16:00:00, rs: 12:00:00, re: 13:00:00, tl: 60, pl: 120
[2025-03-05 10:54:57,235 ] 423 root - INFO - S.I. Shah is already booked for 09:00:00 on Friday. Finding a new teacher.
[2025-03-05 10:54:57,236 ] 470 root - INFO - time is over
[2025-03-05 10:54:57,236 ] 298 root - INFO - Creating timetable for MCA-2 on Saturday
[2025-03-05 10:54:57,236 ] 307 root - INFO - st: 09:00:00, et: 16:00:00, rs: 12:00:00, re: 13:00:00, tl: 60, pl: 120
[2025-03-05 10:54:57,236 ] 470 root - INFO - time is over
[2025-03-05 10:54:57,236 ] 487 root - INFO - teacher workload: {'R.S. Prajapati': {'calculated_workload': 17, 'original_workload': 16, 'designation': 'Assistant Professor'}, 'V.P. Paul': {'calculated_workload': 14, 'original_workload': 19, 'designation': 'Assistant Professor'}, 'S.K. Mishra': {'calculated_workload': 10, 'original_workload': 9, 'designation': 'Professor'}, 'D.G. Patel': {'calculated_workload': 14, 'original_workload': 15, 'designation': 'Associate Professor'}, 'S.I. Shah': {'calculated_workload': 17, 'original_workload': 14, 'designation': 'Assistant Professor'}, 'H.K. Patel': {'calculated_workload': 0, 'original_workload': 9, 'designation': 'Professor'}, 'P.J. Jha': {'calculated_workload': 0, 'original_workload': 10, 'designation': 'Associate Professor'}, 'G.S. Desai': {'calculated_workload': 0, 'original_workload': 10, 'designation': 'Associate Professor'}, 'A.R. Rao': {'calculated_workload': 0, 'original_workload': 9, 'designation': 'Professor'}, 'P.K. Solanki': {'calculated_workload': 0, 'original_workload': 8, 'designation': 'Professor'}, 'J.P. Patel': {'calculated_workload': 0, 'original_workload': 13, 'designation': 'Associate Professor'}, 'H.K. Shrivastav': {'calculated_workload': 0, 'original_workload': 13, 'designation': 'Associate Professor'}}
[2025-03-05 10:54:57,236 ] 283 root - INFO - Subject options: ['PRINCIPLES OF MANAGEMENT', 'QUANTITATIVE TECHNIQUES IN MANAGEMENT', 'MANAGERIAL ECONOMICS', 'MANAGERIAL ACCOUNTING', 'ORGANISATIONAL BEHAVIOUR', 'MANAGERIAL COMMUNICATION', 'RESEARCH DESIGN FOR MANAGEMENT', 'COMMUNICATIVE ENGLISH LABORATORY', 'RESEARCH DESIGN LABORATORY']
[2025-03-05 10:54:57,237 ] 290 root - INFO - weighted_subjects: ['PRINCIPLES OF MANAGEMENT', 'PRINCIPLES OF MANAGEMENT', 'PRINCIPLES OF MANAGEMENT', 'PRINCIPLES OF MANAGEMENT', 'QUANTITATIVE TECHNIQUES IN MANAGEMENT', 'QUANTITATIVE TECHNIQUES IN MANAGEMENT', 'QUANTITATIVE TECHNIQUES IN MANAGEMENT', 'QUANTITATIVE TECHNIQUES IN MANAGEMENT', 'QUANTITATIVE TECHNIQUES IN MANAGEMENT', 'MANAGERIAL ECONOMICS', 'MANAGERIAL ECONOMICS', 'MANAGERIAL ECONOMICS', 'MANAGERIAL ECONOMICS', 'MANAGERIAL ACCOUNTING', 'MANAGERIAL ACCOUNTING', 'MANAGERIAL ACCOUNTING', 'ORGANISATIONAL BEHAVIOUR', 'ORGANISATIONAL BEHAVIOUR', 'MANAGERIAL COMMUNICATION', 'MANAGERIAL COMMUNICATION', 'MANAGERIAL COMMUNICATION', 'MANAGERIAL COMMUNICATION', 'MANAGERIAL COMMUNICATION', 'RESEARCH DESIGN FOR MANAGEMENT', 'RESEARCH DESIGN FOR MANAGEMENT', 'RESEARCH DESIGN FOR MANAGEMENT', 'RESEARCH DESIGN FOR MANAGEMENT', 'RESEARCH DESIGN FOR MANAGEMENT', 'COMMUNICATIVE ENGLISH LABORATORY', 'COMMUNICATIVE ENGLISH LABORATORY', 'RESEARCH DESIGN LABORATORY', 'RESEARCH DESIGN LABORATORY']
[2025-03-05 10:54:57,237 ] 293 root - INFO - weighted_subjects: ['ORGANISATIONAL BEHAVIOUR', 'QUANTITATIVE TECHNIQUES IN MANAGEMENT', 'RESEARCH DESIGN FOR MANAGEMENT', 'RESEARCH DESIGN FOR MANAGEMENT', 'QUANTITATIVE TECHNIQUES IN MANAGEMENT', 'RESEARCH DESIGN FOR MANAGEMENT', 'ORGANISATIONAL BEHAVIOUR', 'PRINCIPLES OF MANAGEMENT', 'COMMUNICATIVE ENGLISH LABORATORY', 'MANAGERIAL ACCOUNTING', 'MANAGERIAL ECONOMICS', 'MANAGERIAL ACCOUNTING', 'MANAGERIAL ECONOMICS', 'QUANTITATIVE TECHNIQUES IN MANAGEMENT', 'MANAGERIAL COMMUNICATION', 'RESEARCH DESIGN LABORATORY', 'MANAGERIAL COMMUNICATION', 'MANAGERIAL COMMUNICATION', 'RESEARCH DESIGN FOR MANAGEMENT', 'PRINCIPLES OF MANAGEMENT', 'COMMUNICATIVE ENGLISH LABORATORY', 'MANAGERIAL ACCOUNTING', 'PRINCIPLES OF MANAGEMENT', 'QUANTITATIVE TECHNIQUES IN MANAGEMENT', 'MANAGERIAL COMMUNICATION', 'MANAGERIAL COMMUNICATION', 'QUANTITATIVE TECHNIQUES IN MANAGEMENT', 'MANAGERIAL ECONOMICS', 'RESEARCH DESIGN FOR MANAGEMENT', 'RESEARCH DESIGN LABORATORY', 'PRINCIPLES OF MANAGEMENT', 'MANAGERIAL ECONOMICS']
[2025-03-05 10:54:57,237 ] 298 root - INFO - Creating timetable for MBA-1 on Monday
[2025-03-05 10:54:57,237 ] 307 root - INFO - st: 08:00:00, et: 15:00:00, rs: 11:00:00, re: 12:00:00, tl: 60, pl: 120
[2025-03-05 10:54:57,237 ] 387 root - INFO - QUANTITATIVE TECHNIQUES IN MANAGEMENT has already been scheduled for 2 consecutive sessions. Picking a different subject.
[2025-03-05 10:54:57,237 ] 298 root - INFO - Creating timetable for MBA-1 on Tuesday
[2025-03-05 10:54:57,238 ] 307 root - INFO - st: 08:00:00, et: 15:00:00, rs: 11:00:00, re: 12:00:00, tl: 60, pl: 120
[2025-03-05 10:54:57,238 ] 298 root - INFO - Creating timetable for MBA-1 on Wednesday
[2025-03-05 10:54:57,238 ] 307 root - INFO - st: 08:00:00, et: 15:00:00, rs: 11:00:00, re: 12:00:00, tl: 60, pl: 120
[2025-03-05 10:54:57,239 ] 298 root - INFO - Creating timetable for MBA-1 on Thursday
[2025-03-05 10:54:57,239 ] 307 root - INFO - st: 08:00:00, et: 15:00:00, rs: 11:00:00, re: 12:00:00, tl: 60, pl: 120
[2025-03-05 10:54:57,239 ] 298 root - INFO - Creating timetable for MBA-1 on Friday
[2025-03-05 10:54:57,239 ] 307 root - INFO - st: 08:00:00, et: 15:00:00, rs: 11:00:00, re: 12:00:00, tl: 60, pl: 120
[2025-03-05 10:54:57,239 ] 365 root - INFO - No practical subjects available for the first session. Falling back to theory subjects.
[2025-03-05 10:54:57,240 ] 298 root - INFO - Creating timetable for MBA-1 on Saturday
[2025-03-05 10:54:57,240 ] 307 root - INFO - st: 08:00:00, et: 15:00:00, rs: 11:00:00, re: 12:00:00, tl: 60, pl: 120
[2025-03-05 10:54:57,240 ] 365 root - INFO - No practical subjects available for the first session. Falling back to theory subjects.
[2025-03-05 10:54:57,240 ] 487 root - INFO - teacher workload: {'R.S. Prajapati': {'calculated_workload': 17, 'original_workload': 16, 'designation': 'Assistant Professor'}, 'V.P. Paul': {'calculated_workload': 14, 'original_workload': 19, 'designation': 'Assistant Professor'}, 'S.K. Mishra': {'calculated_workload': 10, 'original_workload': 9, 'designation': 'Professor'}, 'D.G. Patel': {'calculated_workload': 14, 'original_workload': 15, 'designation': 'Associate Professor'}, 'S.I. Shah': {'calculated_workload': 17, 'original_workload': 14, 'designation': 'Assistant Professor'}, 'H.K. Patel': {'calculated_workload': 2, 'original_workload': 9, 'designation': 'Professor'}, 'P.J. Jha': {'calculated_workload': 8, 'original_workload': 10, 'designation': 'Associate Professor'}, 'G.S. Desai': {'calculated_workload': 7, 'original_workload': 10, 'designation': 'Associate Professor'}, 'A.R. Rao': {'calculated_workload': 3, 'original_workload': 9, 'designation': 'Professor'}, 'P.K. Solanki': {'calculated_workload': 1, 'original_workload': 8, 'designation': 'Professor'}, 'J.P. Patel': {'calculated_workload': 6, 'original_workload': 13, 'designation': 'Associate Professor'}, 'H.K. Shrivastav': {'calculated_workload': 9, 'original_workload': 13, 'designation': 'Associate Professor'}}
[2025-03-05 10:54:57,240 ] 283 root - INFO - Subject options: ['STRATEGIC MANAGEMENT', 'FUNDAMENTALS OF ENTERPRISE RESOURCE PLANNING', 'PERSONALITY GROWTH LAB', 'INTERNATIONAL MARKETING MANAGEMENT', 'DIGITAL AND SOCIAL MEDIA MARKETING', 'CONSUMER BEHAVIOUR IN THE DIGITAL AGE', 'INTEGRATED MARKETING COMMUNICATIONS', 'SALES AND DISTRIBUTION MANAGEMENT', 'MARKETING METRICS']
[2025-03-05 10:54:57,241 ] 290 root - INFO - weighted_subjects: ['STRATEGIC MANAGEMENT', 'STRATEGIC MANAGEMENT', 'STRATEGIC MANAGEMENT', 'STRATEGIC MANAGEMENT', 'FUNDAMENTALS OF ENTERPRISE RESOURCE PLANNING', 'FUNDAMENTALS OF ENTERPRISE RESOURCE PLANNING', 'FUNDAMENTALS OF ENTERPRISE RESOURCE PLANNING', 'FUNDAMENTALS OF ENTERPRISE RESOURCE PLANNING', 'PERSONALITY GROWTH LAB', 'PERSONALITY GROWTH LAB', 'PERSONALITY GROWTH LAB', 'PERSONALITY GROWTH LAB', 'INTERNATIONAL MARKETING MANAGEMENT', 'INTERNATIONAL MARKETING MANAGEMENT', 'INTERNATIONAL MARKETING MANAGEMENT', 'INTERNATIONAL MARKETING MANAGEMENT', 'DIGITAL AND SOCIAL MEDIA MARKETING', 'DIGITAL AND SOCIAL MEDIA MARKETING', 'DIGITAL AND SOCIAL MEDIA MARKETING', 'DIGITAL AND SOCIAL MEDIA MARKETING', 'CONSUMER BEHAVIOUR IN THE DIGITAL AGE', 'CONSUMER BEHAVIOUR IN THE DIGITAL AGE', 'CONSUMER BEHAVIOUR IN THE DIGITAL AGE', 'CONSUMER BEHAVIOUR IN THE DIGITAL AGE', 'INTEGRATED MARKETING COMMUNICATIONS', 'INTEGRATED MARKETING COMMUNICATIONS', 'INTEGRATED MARKETING COMMUNICATIONS', 'INTEGRATED MARKETING COMMUNICATIONS', 'SALES AND DISTRIBUTION MANAGEMENT', 'SALES AND DISTRIBUTION MANAGEMENT', 'SALES AND DISTRIBUTION MANAGEMENT', 'SALES AND DISTRIBUTION MANAGEMENT', 'MARKETING METRICS', 'MARKETING METRICS', 'MARKETING METRICS', 'MARKETING METRICS']
[2025-03-05 10:54:57,241 ] 293 root - INFO - weighted_subjects: ['INTEGRATED MARKETING COMMUNICATIONS', 'STRATEGIC MANAGEMENT', 'PERSONALITY GROWTH LAB', 'DIGITAL AND SOCIAL MEDIA MARKETING', 'CONSUMER BEHAVIOUR IN THE DIGITAL AGE', 'STRATEGIC MANAGEMENT', 'FUNDAMENTALS OF ENTERPRISE RESOURCE PLANNING', 'DIGITAL AND SOCIAL MEDIA MARKETING', 'DIGITAL AND SOCIAL MEDIA MARKETING', 'FUNDAMENTALS OF ENTERPRISE RESOURCE PLANNING', 'INTERNATIONAL MARKETING MANAGEMENT', 'PERSONALITY GROWTH LAB', 'SALES AND DISTRIBUTION MANAGEMENT', 'PERSONALITY GROWTH LAB', 'MARKETING METRICS', 'SALES AND DISTRIBUTION MANAGEMENT', 'MARKETING METRICS', 'CONSUMER BEHAVIOUR IN THE DIGITAL AGE', 'STRATEGIC MANAGEMENT', 'SALES AND DISTRIBUTION MANAGEMENT', 'INTERNATIONAL MARKETING MANAGEMENT', 'CONSUMER BEHAVIOUR IN THE DIGITAL AGE', 'DIGITAL AND SOCIAL MEDIA MARKETING', 'INTERNATIONAL MARKETING MANAGEMENT', 'FUNDAMENTALS OF ENTERPRISE RESOURCE PLANNING', 'PERSONALITY GROWTH LAB', 'MARKETING METRICS', 'CONSUMER BEHAVIOUR IN THE DIGITAL AGE', 'MARKETING METRICS', 'INTEGRATED MARKETING COMMUNICATIONS', 'INTERNATIONAL MARKETING MANAGEMENT', 'INTEGRATED MARKETING COMMUNICATIONS', 'STRATEGIC MANAGEMENT', 'SALES AND DISTRIBUTION MANAGEMENT', 'FUNDAMENTALS OF ENTERPRISE RESOURCE PLANNING', 'INTEGRATED MARKETING COMMUNICATIONS']
[2025-03-05 10:54:57,241 ] 298 root - INFO - Creating timetable for MBA-2 on Monday
[2025-03-05 10:54:57,241 ] 307 root - INFO - st: 08:00:00, et: 15:00:00, rs: 11:00:00, re: 12:00:00, tl: 60, pl: 120
[2025-03-05 10:54:57,241 ] 354 root - INFO - No practical subjects available for the last session. Falling back to theory subjects.
[2025-03-05 10:54:57,242 ] 298 root - INFO - Creating timetable for MBA-2 on Tuesday
[2025-03-05 10:54:57,242 ] 307 root - INFO - st: 08:00:00, et: 15:00:00, rs: 11:00:00, re: 12:00:00, tl: 60, pl: 120
[2025-03-05 10:54:57,242 ] 423 root - INFO - P.J. Jha is already booked for 08:00:00 on Tuesday. Finding a new teacher.
[2025-03-05 10:54:57,242 ] 423 root - INFO - P.J. Jha is already booked for 10:00:00 on Tuesday. Finding a new teacher.
[2025-03-05 10:54:57,243 ] 354 root - INFO - No practical subjects available for the last session. Falling back to theory subjects.
[2025-03-05 10:54:57,243 ] 298 root - INFO - Creating timetable for MBA-2 on Wednesday
[2025-03-05 10:54:57,243 ] 307 root - INFO - st: 08:00:00, et: 15:00:00, rs: 11:00:00, re: 12:00:00, tl: 60, pl: 120
[2025-03-05 10:54:57,243 ] 423 root - INFO - J.P. Patel is already booked for 08:00:00 on Wednesday. Finding a new teacher.
[2025-03-05 10:54:57,243 ] 354 root - INFO - No practical subjects available for the last session. Falling back to theory subjects.
[2025-03-05 10:54:57,244 ] 298 root - INFO - Creating timetable for MBA-2 on Thursday
[2025-03-05 10:54:57,244 ] 307 root - INFO - st: 08:00:00, et: 15:00:00, rs: 11:00:00, re: 12:00:00, tl: 60, pl: 120
[2025-03-05 10:54:57,244 ] 354 root - INFO - No practical subjects available for the last session. Falling back to theory subjects.
[2025-03-05 10:54:57,244 ] 423 root - INFO - P.J. Jha is already booked for 14:00:00 on Thursday. Finding a new teacher.
[2025-03-05 10:54:57,244 ] 298 root - INFO - Creating timetable for MBA-2 on Friday
[2025-03-05 10:54:57,245 ] 307 root - INFO - st: 08:00:00, et: 15:00:00, rs: 11:00:00, re: 12:00:00, tl: 60, pl: 120
[2025-03-05 10:54:57,245 ] 354 root - INFO - No practical subjects available for the last session. Falling back to theory subjects.
[2025-03-05 10:54:57,245 ] 298 root - INFO - Creating timetable for MBA-2 on Saturday
[2025-03-05 10:54:57,245 ] 307 root - INFO - st: 08:00:00, et: 15:00:00, rs: 11:00:00, re: 12:00:00, tl: 60, pl: 120
[2025-03-05 10:54:57,246 ] 354 root - INFO - No practical subjects available for the last session. Falling back to theory subjects.
[2025-03-05 10:54:57,246 ] 423 root - INFO - P.K. Solanki is already booked for 13:00:00 on Saturday. Finding a new teacher.
[2025-03-05 10:54:57,246 ] 487 root - INFO - teacher workload: {'R.S. Prajapati': {'calculated_workload': 17, 'original_workload': 16, 'designation': 'Assistant Professor'}, 'V.P. Paul': {'calculated_workload': 14, 'original_workload': 19, 'designation': 'Assistant Professor'}, 'S.K. Mishra': {'calculated_workload': 10, 'original_workload': 9, 'designation': 'Professor'}, 'D.G. Patel': {'calculated_workload': 14, 'original_workload': 15, 'designation': 'Associate Professor'}, 'S.I. Shah': {'calculated_workload': 17, 'original_workload': 14, 'designation': 'Assistant Professor'}, 'H.K. Patel': {'calculated_workload': 10, 'original_workload': 9, 'designation': 'Professor'}, 'P.J. Jha': {'calculated_workload': 14, 'original_workload': 10, 'designation': 'Associate Professor'}, 'G.S. Desai': {'calculated_workload': 12, 'original_workload': 10, 'designation': 'Associate Professor'}, 'A.R. Rao': {'calculated_workload': 8, 'original_workload': 9, 'designation': 'Professor'}, 'P.K. Solanki': {'calculated_workload': 5, 'original_workload': 8, 'designation': 'Professor'}, 'J.P. Patel': {'calculated_workload': 13, 'original_workload': 13, 'designation': 'Associate Professor'}, 'H.K. Shrivastav': {'calculated_workload': 10, 'original_workload': 13, 'designation': 'Associate Professor'}}
[2025-03-05 10:54:57,247 ] 97 werkzeug - INFO - 127.0.0.1 - - [05/Mar/2025 10:54:57] "[32mPOST /upload HTTP/1.1[0m" 302 -
[2025-03-05 10:54:57,344 ] 97 werkzeug - INFO - 127.0.0.1 - - [05/Mar/2025 10:54:57] "GET /index HTTP/1.1" 200 -
[2025-03-05 10:54:57,408 ] 97 werkzeug - INFO - 127.0.0.1 - - [05/Mar/2025 10:54:57] "[36mGET /static/images/MCA-1.jpg HTTP/1.1[0m" 304 -
[2025-03-05 10:54:57,410 ] 97 werkzeug - INFO - 127.0.0.1 - - [05/Mar/2025 10:54:57] "[36mGET /static/images/MCA-2.jpg HTTP/1.1[0m" 304 -
[2025-03-05 10:54:57,412 ] 97 werkzeug - INFO - 127.0.0.1 - - [05/Mar/2025 10:54:57] "[36mGET /static/images/MBA-1.jpg HTTP/1.1[0m" 304 -
[2025-03-05 10:54:57,419 ] 97 werkzeug - INFO - 127.0.0.1 - - [05/Mar/2025 10:54:57] "[36mGET /static/images/MBA-2.jpg HTTP/1.1[0m" 304 -
[2025-03-05 10:55:00,318 ] 97 werkzeug - INFO - 127.0.0.1 - - [05/Mar/2025 10:55:00] "POST /get_timetable HTTP/1.1" 200 -
